feb 03, 2015 9:57:33 PM org.apache.catalina.startup.VersionLoggerListener log
INFORMACIÓN: Server version:        Apache Tomcat/7.0.57
feb 03, 2015 9:57:33 PM org.apache.catalina.startup.VersionLoggerListener log
INFORMACIÓN: Server built:          Nov 3 2014 08:39:16 UTC
feb 03, 2015 9:57:33 PM org.apache.catalina.startup.VersionLoggerListener log
INFORMACIÓN: Server number:         7.0.57.0
feb 03, 2015 9:57:33 PM org.apache.catalina.startup.VersionLoggerListener log
INFORMACIÓN: OS Name:               Windows 8.1
feb 03, 2015 9:57:33 PM org.apache.catalina.startup.VersionLoggerListener log
INFORMACIÓN: OS Version:            6.3
feb 03, 2015 9:57:33 PM org.apache.catalina.startup.VersionLoggerListener log
INFORMACIÓN: Architecture:          amd64
feb 03, 2015 9:57:33 PM org.apache.catalina.startup.VersionLoggerListener log
INFORMACIÓN: JAVA_HOME:             C:\Program Files\Java\jdk1.8.0_05\jre
feb 03, 2015 9:57:33 PM org.apache.catalina.startup.VersionLoggerListener log
INFORMACIÓN: JVM Version:           1.8.0_05-b13
feb 03, 2015 9:57:33 PM org.apache.catalina.startup.VersionLoggerListener log
INFORMACIÓN: JVM Vendor:            Oracle Corporation
feb 03, 2015 9:57:33 PM org.apache.catalina.startup.VersionLoggerListener log
INFORMACIÓN: CATALINA_BASE:         C:\Users\aC-Ma_000\Documents\Servidor Tomcat\apache-tomcat-7.0.57
feb 03, 2015 9:57:33 PM org.apache.catalina.startup.VersionLoggerListener log
INFORMACIÓN: CATALINA_HOME:         C:\Users\aC-Ma_000\Documents\Servidor Tomcat\apache-tomcat-7.0.57
feb 03, 2015 9:57:33 PM org.apache.catalina.startup.VersionLoggerListener log
INFORMACIÓN: Command line argument: -Djava.util.logging.config.file=C:\Users\aC-Ma_000\Documents\Servidor Tomcat\apache-tomcat-7.0.57\conf\logging.properties
feb 03, 2015 9:57:33 PM org.apache.catalina.startup.VersionLoggerListener log
INFORMACIÓN: Command line argument: -Djava.util.logging.manager=org.apache.juli.ClassLoaderLogManager
feb 03, 2015 9:57:33 PM org.apache.catalina.startup.VersionLoggerListener log
INFORMACIÓN: Command line argument: -Djava.endorsed.dirs=C:\Users\aC-Ma_000\Documents\Servidor Tomcat\apache-tomcat-7.0.57\endorsed
feb 03, 2015 9:57:33 PM org.apache.catalina.startup.VersionLoggerListener log
INFORMACIÓN: Command line argument: -Dcatalina.base=C:\Users\aC-Ma_000\Documents\Servidor Tomcat\apache-tomcat-7.0.57
feb 03, 2015 9:57:33 PM org.apache.catalina.startup.VersionLoggerListener log
INFORMACIÓN: Command line argument: -Dcatalina.home=C:\Users\aC-Ma_000\Documents\Servidor Tomcat\apache-tomcat-7.0.57
feb 03, 2015 9:57:33 PM org.apache.catalina.startup.VersionLoggerListener log
INFORMACIÓN: Command line argument: -Djava.io.tmpdir=C:\Users\aC-Ma_000\Documents\Servidor Tomcat\apache-tomcat-7.0.57\temp
feb 03, 2015 9:57:33 PM org.apache.catalina.core.AprLifecycleListener lifecycleEvent
INFORMACIÓN: Cargada la biblioteca nativa APR de Apache Tomcat 1.1.32 con la versión APR 1.5.1.
feb 03, 2015 9:57:33 PM org.apache.catalina.core.AprLifecycleListener lifecycleEvent
INFORMACIÓN: Capacidades APR: IPv6 [true], enviar fichero [true], aceptar filtros [false], aleatorio [true].
feb 03, 2015 9:57:34 PM org.apache.catalina.core.AprLifecycleListener initializeSSL
INFORMACIÓN: OpenSSL inicializado correctamente (OpenSSL 1.0.1j 15 Oct 2014)
feb 03, 2015 9:57:34 PM org.apache.coyote.AbstractProtocol init
INFORMACIÓN: Initializing ProtocolHandler ["http-apr-8080"]
feb 03, 2015 9:57:34 PM org.apache.coyote.AbstractProtocol init
INFORMACIÓN: Initializing ProtocolHandler ["ajp-apr-8009"]
feb 03, 2015 9:57:34 PM org.apache.catalina.startup.Catalina load
INFORMACIÓN: Initialization processed in 2334 ms
feb 03, 2015 9:57:34 PM org.apache.catalina.core.StandardService startInternal
INFORMACIÓN: Arrancando servicio Catalina
feb 03, 2015 9:57:34 PM org.apache.catalina.core.StandardEngine startInternal
INFORMACIÓN: Starting Servlet Engine: Apache Tomcat/7.0.57
feb 03, 2015 9:57:34 PM org.apache.catalina.startup.HostConfig deployDescriptor
INFORMACIÓN: Desplieque del descriptor de configuración C:\Users\aC-Ma_000\Documents\Servidor Tomcat\apache-tomcat-7.0.57\conf\Catalina\localhost\Chat.xml
feb 03, 2015 9:57:36 PM org.apache.catalina.util.SessionIdGenerator createSecureRandom
INFORMACIÓN: Creation of SecureRandom instance for session ID generation using [SHA1PRNG] took [330] milliseconds.
feb 03, 2015 9:57:36 PM org.apache.catalina.startup.HostConfig deployDescriptor
INFORMACIÓN: Deployment of configuration descriptor C:\Users\aC-Ma_000\Documents\Servidor Tomcat\apache-tomcat-7.0.57\conf\Catalina\localhost\Chat.xml has finished in 1.199 ms
feb 03, 2015 9:57:36 PM org.apache.catalina.startup.HostConfig deployDescriptor
INFORMACIÓN: Desplieque del descriptor de configuración C:\Users\aC-Ma_000\Documents\Servidor Tomcat\apache-tomcat-7.0.57\conf\Catalina\localhost\ChatDeadpool.xml
feb 03, 2015 9:57:36 PM org.apache.catalina.startup.HostConfig deployDescriptor
INFORMACIÓN: Deployment of configuration descriptor C:\Users\aC-Ma_000\Documents\Servidor Tomcat\apache-tomcat-7.0.57\conf\Catalina\localhost\ChatDeadpool.xml has finished in 409 ms
feb 03, 2015 9:57:36 PM org.apache.catalina.startup.HostConfig deployDescriptor
INFORMACIÓN: Desplieque del descriptor de configuración C:\Users\aC-Ma_000\Documents\Servidor Tomcat\apache-tomcat-7.0.57\conf\Catalina\localhost\Chat_DeaadPool.xml
feb 03, 2015 9:57:36 PM org.apache.catalina.startup.HostConfig deployDescriptor
INFORMACIÓN: Deployment of configuration descriptor C:\Users\aC-Ma_000\Documents\Servidor Tomcat\apache-tomcat-7.0.57\conf\Catalina\localhost\Chat_DeaadPool.xml has finished in 376 ms
feb 03, 2015 9:57:36 PM org.apache.catalina.startup.HostConfig deployDirectory
INFORMACIÓN: Despliegue del directorio C:\Users\aC-Ma_000\Documents\Servidor Tomcat\apache-tomcat-7.0.57\webapps\docs de la aplicación web
feb 03, 2015 9:57:37 PM org.apache.catalina.startup.HostConfig deployDirectory
INFORMACIÓN: Deployment of web application directory C:\Users\aC-Ma_000\Documents\Servidor Tomcat\apache-tomcat-7.0.57\webapps\docs has finished in 156 ms
feb 03, 2015 9:57:37 PM org.apache.catalina.startup.HostConfig deployDirectory
INFORMACIÓN: Despliegue del directorio C:\Users\aC-Ma_000\Documents\Servidor Tomcat\apache-tomcat-7.0.57\webapps\examples de la aplicación web
feb 03, 2015 9:57:39 PM org.apache.catalina.startup.HostConfig deployDirectory
INFORMACIÓN: Deployment of web application directory C:\Users\aC-Ma_000\Documents\Servidor Tomcat\apache-tomcat-7.0.57\webapps\examples has finished in 2.508 ms
feb 03, 2015 9:57:39 PM org.apache.catalina.startup.HostConfig deployDirectory
INFORMACIÓN: Despliegue del directorio C:\Users\aC-Ma_000\Documents\Servidor Tomcat\apache-tomcat-7.0.57\webapps\host-manager de la aplicación web
feb 03, 2015 9:57:39 PM org.apache.catalina.startup.HostConfig deployDirectory
INFORMACIÓN: Deployment of web application directory C:\Users\aC-Ma_000\Documents\Servidor Tomcat\apache-tomcat-7.0.57\webapps\host-manager has finished in 316 ms
feb 03, 2015 9:57:39 PM org.apache.catalina.startup.HostConfig deployDirectory
INFORMACIÓN: Despliegue del directorio C:\Users\aC-Ma_000\Documents\Servidor Tomcat\apache-tomcat-7.0.57\webapps\manager de la aplicación web
feb 03, 2015 9:57:40 PM org.apache.catalina.startup.HostConfig deployDirectory
INFORMACIÓN: Deployment of web application directory C:\Users\aC-Ma_000\Documents\Servidor Tomcat\apache-tomcat-7.0.57\webapps\manager has finished in 220 ms
feb 03, 2015 9:57:40 PM org.apache.catalina.startup.HostConfig deployDirectory
INFORMACIÓN: Despliegue del directorio C:\Users\aC-Ma_000\Documents\Servidor Tomcat\apache-tomcat-7.0.57\webapps\ROOT de la aplicación web
feb 03, 2015 9:57:40 PM org.apache.catalina.startup.HostConfig deployDirectory
INFORMACIÓN: Deployment of web application directory C:\Users\aC-Ma_000\Documents\Servidor Tomcat\apache-tomcat-7.0.57\webapps\ROOT has finished in 164 ms
feb 03, 2015 9:57:40 PM org.apache.coyote.AbstractProtocol start
INFORMACIÓN: Starting ProtocolHandler ["http-apr-8080"]
feb 03, 2015 9:57:40 PM org.apache.coyote.AbstractProtocol start
INFORMACIÓN: Starting ProtocolHandler ["ajp-apr-8009"]
feb 03, 2015 9:57:40 PM org.apache.catalina.startup.Catalina start
INFORMACIÓN: Server startup in 5651 ms
feb 03, 2015 10:04:00 PM org.apache.catalina.core.StandardServer await
INFORMACIÓN: Se ha recibido un comando de apagado a través del puerto de apagado. Parando la instancia del Servidor.
feb 03, 2015 10:04:00 PM org.apache.coyote.AbstractProtocol pause
INFORMACIÓN: Pausing ProtocolHandler ["http-apr-8080"]
feb 03, 2015 10:04:00 PM org.apache.coyote.AbstractProtocol pause
INFORMACIÓN: Pausing ProtocolHandler ["ajp-apr-8009"]
feb 03, 2015 10:04:00 PM org.apache.catalina.core.StandardService stopInternal
INFORMACIÓN: Parando servicio Catalina
feb 03, 2015 10:04:00 PM org.apache.catalina.loader.WebappClassLoader clearReferencesThreads
GRAVE: La aplicación web [/Chat_DeaadPool] parece haber arrancado un hilo llamado [Thread-3] pero no ha podido pararlo. Esto tiene todas las papeletas de convertirse en un fallo de memoria.
feb 03, 2015 10:04:00 PM org.apache.coyote.AbstractProtocol stop
INFORMACIÓN: Stopping ProtocolHandler ["http-apr-8080"]
feb 03, 2015 10:04:00 PM org.apache.coyote.AbstractProtocol stop
INFORMACIÓN: Stopping ProtocolHandler ["ajp-apr-8009"]
feb 03, 2015 10:04:01 PM org.apache.coyote.AbstractProtocol destroy
INFORMACIÓN: Destroying ProtocolHandler ["http-apr-8080"]
feb 03, 2015 10:04:01 PM org.apache.coyote.AbstractProtocol destroy
INFORMACIÓN: Destroying ProtocolHandler ["ajp-apr-8009"]
