ene 20, 2015 6:55:34 PM org.apache.catalina.startup.VersionLoggerListener log
INFORMACIÓN: Server version:        Apache Tomcat/7.0.57
ene 20, 2015 6:55:34 PM org.apache.catalina.startup.VersionLoggerListener log
INFORMACIÓN: Server built:          Nov 3 2014 08:39:16 UTC
ene 20, 2015 6:55:34 PM org.apache.catalina.startup.VersionLoggerListener log
INFORMACIÓN: Server number:         7.0.57.0
ene 20, 2015 6:55:34 PM org.apache.catalina.startup.VersionLoggerListener log
INFORMACIÓN: OS Name:               Windows 8.1
ene 20, 2015 6:55:34 PM org.apache.catalina.startup.VersionLoggerListener log
INFORMACIÓN: OS Version:            6.3
ene 20, 2015 6:55:34 PM org.apache.catalina.startup.VersionLoggerListener log
INFORMACIÓN: Architecture:          amd64
ene 20, 2015 6:55:34 PM org.apache.catalina.startup.VersionLoggerListener log
INFORMACIÓN: JAVA_HOME:             C:\Program Files\Java\jdk1.8.0_05\jre
ene 20, 2015 6:55:34 PM org.apache.catalina.startup.VersionLoggerListener log
INFORMACIÓN: JVM Version:           1.8.0_05-b13
ene 20, 2015 6:55:34 PM org.apache.catalina.startup.VersionLoggerListener log
INFORMACIÓN: JVM Vendor:            Oracle Corporation
ene 20, 2015 6:55:34 PM org.apache.catalina.startup.VersionLoggerListener log
INFORMACIÓN: CATALINA_BASE:         C:\Users\aC-Ma_000\Documents\Servidor Tomcat\apache-tomcat-7.0.57
ene 20, 2015 6:55:34 PM org.apache.catalina.startup.VersionLoggerListener log
INFORMACIÓN: CATALINA_HOME:         C:\Users\aC-Ma_000\Documents\Servidor Tomcat\apache-tomcat-7.0.57
ene 20, 2015 6:55:34 PM org.apache.catalina.startup.VersionLoggerListener log
INFORMACIÓN: Command line argument: -Djava.util.logging.config.file=C:\Users\aC-Ma_000\Documents\Servidor Tomcat\apache-tomcat-7.0.57\conf\logging.properties
ene 20, 2015 6:55:34 PM org.apache.catalina.startup.VersionLoggerListener log
INFORMACIÓN: Command line argument: -Djava.util.logging.manager=org.apache.juli.ClassLoaderLogManager
ene 20, 2015 6:55:34 PM org.apache.catalina.startup.VersionLoggerListener log
INFORMACIÓN: Command line argument: -Djava.endorsed.dirs=C:\Users\aC-Ma_000\Documents\Servidor Tomcat\apache-tomcat-7.0.57\endorsed
ene 20, 2015 6:55:34 PM org.apache.catalina.startup.VersionLoggerListener log
INFORMACIÓN: Command line argument: -Dcatalina.base=C:\Users\aC-Ma_000\Documents\Servidor Tomcat\apache-tomcat-7.0.57
ene 20, 2015 6:55:34 PM org.apache.catalina.startup.VersionLoggerListener log
INFORMACIÓN: Command line argument: -Dcatalina.home=C:\Users\aC-Ma_000\Documents\Servidor Tomcat\apache-tomcat-7.0.57
ene 20, 2015 6:55:34 PM org.apache.catalina.startup.VersionLoggerListener log
INFORMACIÓN: Command line argument: -Djava.io.tmpdir=C:\Users\aC-Ma_000\Documents\Servidor Tomcat\apache-tomcat-7.0.57\temp
ene 20, 2015 6:55:34 PM org.apache.catalina.core.AprLifecycleListener lifecycleEvent
INFORMACIÓN: Cargada la biblioteca nativa APR de Apache Tomcat 1.1.32 con la versión APR 1.5.1.
ene 20, 2015 6:55:34 PM org.apache.catalina.core.AprLifecycleListener lifecycleEvent
INFORMACIÓN: Capacidades APR: IPv6 [true], enviar fichero [true], aceptar filtros [false], aleatorio [true].
ene 20, 2015 6:55:34 PM org.apache.catalina.core.AprLifecycleListener initializeSSL
INFORMACIÓN: OpenSSL inicializado correctamente (OpenSSL 1.0.1j 15 Oct 2014)
ene 20, 2015 6:55:35 PM org.apache.coyote.AbstractProtocol init
INFORMACIÓN: Initializing ProtocolHandler ["http-apr-8080"]
ene 20, 2015 6:55:35 PM org.apache.coyote.AbstractProtocol init
INFORMACIÓN: Initializing ProtocolHandler ["ajp-apr-8009"]
ene 20, 2015 6:55:35 PM org.apache.catalina.startup.Catalina load
INFORMACIÓN: Initialization processed in 1717 ms
ene 20, 2015 6:55:35 PM org.apache.catalina.core.StandardService startInternal
INFORMACIÓN: Arrancando servicio Catalina
ene 20, 2015 6:55:35 PM org.apache.catalina.core.StandardEngine startInternal
INFORMACIÓN: Starting Servlet Engine: Apache Tomcat/7.0.57
ene 20, 2015 6:55:35 PM org.apache.catalina.startup.HostConfig deployDirectory
INFORMACIÓN: Despliegue del directorio C:\Users\aC-Ma_000\Documents\Servidor Tomcat\apache-tomcat-7.0.57\webapps\docs de la aplicación web
ene 20, 2015 6:55:36 PM org.apache.catalina.util.SessionIdGenerator createSecureRandom
INFORMACIÓN: Creation of SecureRandom instance for session ID generation using [SHA1PRNG] took [328] milliseconds.
ene 20, 2015 6:55:36 PM org.apache.catalina.startup.HostConfig deployDirectory
INFORMACIÓN: Deployment of web application directory C:\Users\aC-Ma_000\Documents\Servidor Tomcat\apache-tomcat-7.0.57\webapps\docs has finished in 766 ms
ene 20, 2015 6:55:36 PM org.apache.catalina.startup.HostConfig deployDirectory
INFORMACIÓN: Despliegue del directorio C:\Users\aC-Ma_000\Documents\Servidor Tomcat\apache-tomcat-7.0.57\webapps\examples de la aplicación web
ene 20, 2015 6:55:36 PM org.apache.catalina.startup.HostConfig deployDirectory
INFORMACIÓN: Deployment of web application directory C:\Users\aC-Ma_000\Documents\Servidor Tomcat\apache-tomcat-7.0.57\webapps\examples has finished in 828 ms
ene 20, 2015 6:55:36 PM org.apache.catalina.startup.HostConfig deployDirectory
INFORMACIÓN: Despliegue del directorio C:\Users\aC-Ma_000\Documents\Servidor Tomcat\apache-tomcat-7.0.57\webapps\host-manager de la aplicación web
ene 20, 2015 6:55:37 PM org.apache.catalina.startup.HostConfig deployDirectory
INFORMACIÓN: Deployment of web application directory C:\Users\aC-Ma_000\Documents\Servidor Tomcat\apache-tomcat-7.0.57\webapps\host-manager has finished in 250 ms
ene 20, 2015 6:55:37 PM org.apache.catalina.startup.HostConfig deployDirectory
INFORMACIÓN: Despliegue del directorio C:\Users\aC-Ma_000\Documents\Servidor Tomcat\apache-tomcat-7.0.57\webapps\manager de la aplicación web
ene 20, 2015 6:55:37 PM org.apache.catalina.startup.HostConfig deployDirectory
INFORMACIÓN: Deployment of web application directory C:\Users\aC-Ma_000\Documents\Servidor Tomcat\apache-tomcat-7.0.57\webapps\manager has finished in 187 ms
ene 20, 2015 6:55:37 PM org.apache.catalina.startup.HostConfig deployDirectory
INFORMACIÓN: Despliegue del directorio C:\Users\aC-Ma_000\Documents\Servidor Tomcat\apache-tomcat-7.0.57\webapps\ROOT de la aplicación web
ene 20, 2015 6:55:37 PM org.apache.catalina.startup.HostConfig deployDirectory
INFORMACIÓN: Deployment of web application directory C:\Users\aC-Ma_000\Documents\Servidor Tomcat\apache-tomcat-7.0.57\webapps\ROOT has finished in 110 ms
ene 20, 2015 6:55:37 PM org.apache.coyote.AbstractProtocol start
INFORMACIÓN: Starting ProtocolHandler ["http-apr-8080"]
ene 20, 2015 6:55:37 PM org.apache.coyote.AbstractProtocol start
INFORMACIÓN: Starting ProtocolHandler ["ajp-apr-8009"]
ene 20, 2015 6:55:37 PM org.apache.catalina.startup.Catalina start
INFORMACIÓN: Server startup in 2258 ms
