ene 23, 2015 12:05:32 AM org.apache.catalina.core.ApplicationContext log
INFORMACIÓN: SessionListener: contextDestroyed()
ene 23, 2015 12:05:32 AM org.apache.catalina.core.ApplicationContext log
INFORMACIÓN: ContextListener: contextDestroyed()
ene 23, 2015 3:34:09 PM org.apache.catalina.core.ApplicationContext log
INFORMACIÓN: ContextListener: contextInitialized()
ene 23, 2015 3:34:09 PM org.apache.catalina.core.ApplicationContext log
INFORMACIÓN: SessionListener: contextInitialized()
ene 23, 2015 3:34:09 PM org.apache.catalina.core.ApplicationContext log
INFORMACIÓN: ContextListener: attributeAdded('org.apache.jasper.compiler.TldLocationsCache', 'org.apache.jasper.compiler.TldLocationsCache@3449bdb0')
ene 23, 2015 6:11:41 PM org.apache.catalina.core.StandardWrapperValve invoke
GRAVE: El Servlet.service() para el servlet [jsp] en el contexto con ruta [/ChatDeadpool] lanzó la excepción [No se puede compilar la clase para JSP: 

Ha tenido lugar un error en la línea: [116] en el fichero java generado: [C:\Users\aC-Ma_000\Documents\Servidor Tomcat\apache-tomcat-7.0.57\work\Catalina\localhost\ChatDeadpool\org\apache\jsp\crearChat_jsp.java]
Syntax error, insert "}" to complete Block

Ha tenido lugar un error en la línea: [133] en el fichero java generado: [C:\Users\aC-Ma_000\Documents\Servidor Tomcat\apache-tomcat-7.0.57\work\Catalina\localhost\ChatDeadpool\org\apache\jsp\crearChat_jsp.java]
Syntax error on token "}", delete this token

Ha tenido lugar un error en la línea: [134] en el fichero java generado: [C:\Users\aC-Ma_000\Documents\Servidor Tomcat\apache-tomcat-7.0.57\work\Catalina\localhost\ChatDeadpool\org\apache\jsp\crearChat_jsp.java]
Syntax error, insert "}" to complete ClassBody

Stacktrace:] con causa raíz
org.apache.jasper.JasperException: No se puede compilar la clase para JSP: 

Ha tenido lugar un error en la línea: [116] en el fichero java generado: [C:\Users\aC-Ma_000\Documents\Servidor Tomcat\apache-tomcat-7.0.57\work\Catalina\localhost\ChatDeadpool\org\apache\jsp\crearChat_jsp.java]
Syntax error, insert "}" to complete Block

Ha tenido lugar un error en la línea: [133] en el fichero java generado: [C:\Users\aC-Ma_000\Documents\Servidor Tomcat\apache-tomcat-7.0.57\work\Catalina\localhost\ChatDeadpool\org\apache\jsp\crearChat_jsp.java]
Syntax error on token "}", delete this token

Ha tenido lugar un error en la línea: [134] en el fichero java generado: [C:\Users\aC-Ma_000\Documents\Servidor Tomcat\apache-tomcat-7.0.57\work\Catalina\localhost\ChatDeadpool\org\apache\jsp\crearChat_jsp.java]
Syntax error, insert "}" to complete ClassBody

Stacktrace:
	at org.apache.jasper.compiler.DefaultErrorHandler.javacError(DefaultErrorHandler.java:103)
	at org.apache.jasper.compiler.ErrorDispatcher.javacError(ErrorDispatcher.java:366)
	at org.apache.jasper.compiler.JDTCompiler.generateClass(JDTCompiler.java:485)
	at org.apache.jasper.compiler.Compiler.compile(Compiler.java:379)
	at org.apache.jasper.compiler.Compiler.compile(Compiler.java:354)
	at org.apache.jasper.compiler.Compiler.compile(Compiler.java:341)
	at org.apache.jasper.JspCompilationContext.compile(JspCompilationContext.java:657)
	at org.apache.jasper.servlet.JspServletWrapper.service(JspServletWrapper.java:357)
	at org.apache.jasper.servlet.JspServlet.serviceJspFile(JspServlet.java:395)
	at org.apache.jasper.servlet.JspServlet.service(JspServlet.java:339)
	at javax.servlet.http.HttpServlet.service(HttpServlet.java:727)
	at org.apache.catalina.core.ApplicationFilterChain.internalDoFilter(ApplicationFilterChain.java:303)
	at org.apache.catalina.core.ApplicationFilterChain.doFilter(ApplicationFilterChain.java:208)
	at org.apache.tomcat.websocket.server.WsFilter.doFilter(WsFilter.java:52)
	at org.apache.catalina.core.ApplicationFilterChain.internalDoFilter(ApplicationFilterChain.java:241)
	at org.apache.catalina.core.ApplicationFilterChain.doFilter(ApplicationFilterChain.java:208)
	at org.apache.catalina.core.StandardWrapperValve.invoke(StandardWrapperValve.java:220)
	at org.apache.catalina.core.StandardContextValve.invoke(StandardContextValve.java:122)
	at org.apache.catalina.authenticator.AuthenticatorBase.invoke(AuthenticatorBase.java:503)
	at org.apache.catalina.core.StandardHostValve.invoke(StandardHostValve.java:170)
	at org.apache.catalina.valves.ErrorReportValve.invoke(ErrorReportValve.java:103)
	at org.apache.catalina.valves.AccessLogValve.invoke(AccessLogValve.java:950)
	at org.apache.catalina.core.StandardEngineValve.invoke(StandardEngineValve.java:116)
	at org.apache.catalina.connector.CoyoteAdapter.service(CoyoteAdapter.java:421)
	at org.apache.coyote.http11.AbstractHttp11Processor.process(AbstractHttp11Processor.java:1070)
	at org.apache.coyote.AbstractProtocol$AbstractConnectionHandler.process(AbstractProtocol.java:611)
	at org.apache.tomcat.util.net.AprEndpoint$SocketProcessor.doRun(AprEndpoint.java:2466)
	at org.apache.tomcat.util.net.AprEndpoint$SocketProcessor.run(AprEndpoint.java:2455)
	at java.util.concurrent.ThreadPoolExecutor.runWorker(ThreadPoolExecutor.java:1142)
	at java.util.concurrent.ThreadPoolExecutor$Worker.run(ThreadPoolExecutor.java:617)
	at org.apache.tomcat.util.threads.TaskThread$WrappingRunnable.run(TaskThread.java:61)
	at java.lang.Thread.run(Thread.java:745)

