mar 21, 2015 1:37:15 PM org.apache.catalina.core.ApplicationContext log
INFORMACIÓN: ContextListener: contextInitialized()
mar 21, 2015 1:37:15 PM org.apache.catalina.core.ApplicationContext log
INFORMACIÓN: SessionListener: contextInitialized()
mar 21, 2015 1:37:15 PM org.apache.catalina.core.ApplicationContext log
INFORMACIÓN: ContextListener: attributeAdded('org.apache.jasper.compiler.TldLocationsCache', 'org.apache.jasper.compiler.TldLocationsCache@7231ec50')
mar 21, 2015 2:01:53 PM org.apache.catalina.core.ApplicationContext log
INFORMACIÓN: SessionListener: contextDestroyed()
mar 21, 2015 2:01:53 PM org.apache.catalina.core.ApplicationContext log
INFORMACIÓN: ContextListener: contextDestroyed()
mar 21, 2015 2:02:40 PM org.apache.catalina.core.ApplicationContext log
INFORMACIÓN: ContextListener: contextInitialized()
mar 21, 2015 2:02:40 PM org.apache.catalina.core.ApplicationContext log
INFORMACIÓN: SessionListener: contextInitialized()
mar 21, 2015 2:02:40 PM org.apache.catalina.core.ApplicationContext log
INFORMACIÓN: ContextListener: attributeAdded('org.apache.jasper.compiler.TldLocationsCache', 'org.apache.jasper.compiler.TldLocationsCache@57b5364d')
mar 21, 2015 7:07:52 PM org.apache.catalina.core.ApplicationContext log
INFORMACIÓN: SessionListener: contextDestroyed()
mar 21, 2015 7:07:52 PM org.apache.catalina.core.ApplicationContext log
INFORMACIÓN: ContextListener: contextDestroyed()
mar 21, 2015 7:08:01 PM org.apache.catalina.core.ApplicationContext log
INFORMACIÓN: ContextListener: contextInitialized()
mar 21, 2015 7:08:01 PM org.apache.catalina.core.ApplicationContext log
INFORMACIÓN: SessionListener: contextInitialized()
mar 21, 2015 7:08:01 PM org.apache.catalina.core.ApplicationContext log
INFORMACIÓN: ContextListener: attributeAdded('org.apache.jasper.compiler.TldLocationsCache', 'org.apache.jasper.compiler.TldLocationsCache@a66cbb1')
mar 21, 2015 10:47:26 PM org.apache.catalina.core.StandardWrapperValve invoke
GRAVE: El Servlet.service() para el servlet [UploadServlet] en el contexto con ruta [/pruebaaa] lanzó la excepción [java.lang.ClassCastException: org.apache.catalina.connector.RequestFacade cannot be cast to org.apache.tomcat.util.http.fileupload.RequestContext] con causa raíz
java.lang.ClassCastException: org.apache.catalina.connector.RequestFacade cannot be cast to org.apache.tomcat.util.http.fileupload.RequestContext
	at Servlet.UploadServlet.doPost(UploadServlet.java:67)
	at javax.servlet.http.HttpServlet.service(HttpServlet.java:646)
	at javax.servlet.http.HttpServlet.service(HttpServlet.java:727)
	at org.apache.catalina.core.ApplicationFilterChain.internalDoFilter(ApplicationFilterChain.java:303)
	at org.apache.catalina.core.ApplicationFilterChain.doFilter(ApplicationFilterChain.java:208)
	at org.apache.tomcat.websocket.server.WsFilter.doFilter(WsFilter.java:52)
	at org.apache.catalina.core.ApplicationFilterChain.internalDoFilter(ApplicationFilterChain.java:241)
	at org.apache.catalina.core.ApplicationFilterChain.doFilter(ApplicationFilterChain.java:208)
	at org.apache.catalina.core.StandardWrapperValve.invoke(StandardWrapperValve.java:220)
	at org.apache.catalina.core.StandardContextValve.invoke(StandardContextValve.java:122)
	at org.apache.catalina.authenticator.AuthenticatorBase.invoke(AuthenticatorBase.java:503)
	at org.apache.catalina.core.StandardHostValve.invoke(StandardHostValve.java:170)
	at org.apache.catalina.valves.ErrorReportValve.invoke(ErrorReportValve.java:103)
	at org.apache.catalina.valves.AccessLogValve.invoke(AccessLogValve.java:950)
	at org.apache.catalina.core.StandardEngineValve.invoke(StandardEngineValve.java:116)
	at org.apache.catalina.connector.CoyoteAdapter.service(CoyoteAdapter.java:421)
	at org.apache.coyote.http11.AbstractHttp11Processor.process(AbstractHttp11Processor.java:1070)
	at org.apache.coyote.AbstractProtocol$AbstractConnectionHandler.process(AbstractProtocol.java:611)
	at org.apache.tomcat.util.net.AprEndpoint$SocketProcessor.doRun(AprEndpoint.java:2466)
	at org.apache.tomcat.util.net.AprEndpoint$SocketProcessor.run(AprEndpoint.java:2455)
	at java.util.concurrent.ThreadPoolExecutor.runWorker(ThreadPoolExecutor.java:1142)
	at java.util.concurrent.ThreadPoolExecutor$Worker.run(ThreadPoolExecutor.java:617)
	at org.apache.tomcat.util.threads.TaskThread$WrappingRunnable.run(TaskThread.java:61)
	at java.lang.Thread.run(Thread.java:745)

mar 21, 2015 10:50:40 PM org.apache.catalina.core.ApplicationContext log
INFORMACIÓN: Marcando el servlet UploadServlet como no disponible
mar 21, 2015 10:50:40 PM org.apache.catalina.core.StandardWrapperValve invoke
GRAVE: Excepción de reserva de espacio para servlet UploadServlet
java.lang.RuntimeException: Uncompilable source code - package org.apache.commons.fileupload does not exist
	at Servlet.UploadServlet.<clinit>(UploadServlet.java:19)
	at sun.reflect.NativeConstructorAccessorImpl.newInstance0(Native Method)
	at sun.reflect.NativeConstructorAccessorImpl.newInstance(NativeConstructorAccessorImpl.java:62)
	at sun.reflect.DelegatingConstructorAccessorImpl.newInstance(DelegatingConstructorAccessorImpl.java:45)
	at java.lang.reflect.Constructor.newInstance(Constructor.java:408)
	at java.lang.Class.newInstance(Class.java:433)
	at org.apache.catalina.core.DefaultInstanceManager.newInstance(DefaultInstanceManager.java:116)
	at org.apache.catalina.core.StandardWrapper.loadServlet(StandardWrapper.java:1148)
	at org.apache.catalina.core.StandardWrapper.allocate(StandardWrapper.java:864)
	at org.apache.catalina.core.StandardWrapperValve.invoke(StandardWrapperValve.java:134)
	at org.apache.catalina.core.StandardContextValve.invoke(StandardContextValve.java:122)
	at org.apache.catalina.authenticator.AuthenticatorBase.invoke(AuthenticatorBase.java:503)
	at org.apache.catalina.core.StandardHostValve.invoke(StandardHostValve.java:170)
	at org.apache.catalina.valves.ErrorReportValve.invoke(ErrorReportValve.java:103)
	at org.apache.catalina.valves.AccessLogValve.invoke(AccessLogValve.java:950)
	at org.apache.catalina.core.StandardEngineValve.invoke(StandardEngineValve.java:116)
	at org.apache.catalina.connector.CoyoteAdapter.service(CoyoteAdapter.java:421)
	at org.apache.coyote.http11.AbstractHttp11Processor.process(AbstractHttp11Processor.java:1070)
	at org.apache.coyote.AbstractProtocol$AbstractConnectionHandler.process(AbstractProtocol.java:611)
	at org.apache.tomcat.util.net.AprEndpoint$SocketProcessor.doRun(AprEndpoint.java:2466)
	at org.apache.tomcat.util.net.AprEndpoint$SocketProcessor.run(AprEndpoint.java:2455)
	at java.util.concurrent.ThreadPoolExecutor.runWorker(ThreadPoolExecutor.java:1142)
	at java.util.concurrent.ThreadPoolExecutor$Worker.run(ThreadPoolExecutor.java:617)
	at org.apache.tomcat.util.threads.TaskThread$WrappingRunnable.run(TaskThread.java:61)
	at java.lang.Thread.run(Thread.java:745)

mar 21, 2015 10:51:29 PM org.apache.catalina.core.StandardWrapperValve invoke
GRAVE: El Servlet.service() para el servlet [UploadServlet] en el contexto con ruta [/pruebaaa] lanzó la excepción [java.lang.ClassCastException: org.apache.catalina.connector.RequestFacade cannot be cast to org.apache.tomcat.util.http.fileupload.RequestContext] con causa raíz
java.lang.ClassCastException: org.apache.catalina.connector.RequestFacade cannot be cast to org.apache.tomcat.util.http.fileupload.RequestContext
	at Servlet.UploadServlet.doPost(UploadServlet.java:67)
	at javax.servlet.http.HttpServlet.service(HttpServlet.java:646)
	at javax.servlet.http.HttpServlet.service(HttpServlet.java:727)
	at org.apache.catalina.core.ApplicationFilterChain.internalDoFilter(ApplicationFilterChain.java:303)
	at org.apache.catalina.core.ApplicationFilterChain.doFilter(ApplicationFilterChain.java:208)
	at org.apache.tomcat.websocket.server.WsFilter.doFilter(WsFilter.java:52)
	at org.apache.catalina.core.ApplicationFilterChain.internalDoFilter(ApplicationFilterChain.java:241)
	at org.apache.catalina.core.ApplicationFilterChain.doFilter(ApplicationFilterChain.java:208)
	at org.apache.catalina.core.StandardWrapperValve.invoke(StandardWrapperValve.java:220)
	at org.apache.catalina.core.StandardContextValve.invoke(StandardContextValve.java:122)
	at org.apache.catalina.authenticator.AuthenticatorBase.invoke(AuthenticatorBase.java:503)
	at org.apache.catalina.core.StandardHostValve.invoke(StandardHostValve.java:170)
	at org.apache.catalina.valves.ErrorReportValve.invoke(ErrorReportValve.java:103)
	at org.apache.catalina.valves.AccessLogValve.invoke(AccessLogValve.java:950)
	at org.apache.catalina.core.StandardEngineValve.invoke(StandardEngineValve.java:116)
	at org.apache.catalina.connector.CoyoteAdapter.service(CoyoteAdapter.java:421)
	at org.apache.coyote.http11.AbstractHttp11Processor.process(AbstractHttp11Processor.java:1070)
	at org.apache.coyote.AbstractProtocol$AbstractConnectionHandler.process(AbstractProtocol.java:611)
	at org.apache.tomcat.util.net.AprEndpoint$SocketProcessor.doRun(AprEndpoint.java:2466)
	at org.apache.tomcat.util.net.AprEndpoint$SocketProcessor.run(AprEndpoint.java:2455)
	at java.util.concurrent.ThreadPoolExecutor.runWorker(ThreadPoolExecutor.java:1142)
	at java.util.concurrent.ThreadPoolExecutor$Worker.run(ThreadPoolExecutor.java:617)
	at org.apache.tomcat.util.threads.TaskThread$WrappingRunnable.run(TaskThread.java:61)
	at java.lang.Thread.run(Thread.java:745)

mar 21, 2015 10:53:57 PM org.apache.catalina.core.ApplicationContext log
INFORMACIÓN: SessionListener: contextDestroyed()
mar 21, 2015 10:53:57 PM org.apache.catalina.core.ApplicationContext log
INFORMACIÓN: ContextListener: contextDestroyed()
mar 21, 2015 10:54:08 PM org.apache.catalina.core.ApplicationContext log
INFORMACIÓN: ContextListener: contextInitialized()
mar 21, 2015 10:54:08 PM org.apache.catalina.core.ApplicationContext log
INFORMACIÓN: SessionListener: contextInitialized()
mar 21, 2015 10:54:08 PM org.apache.catalina.core.ApplicationContext log
INFORMACIÓN: ContextListener: attributeAdded('org.apache.jasper.compiler.TldLocationsCache', 'org.apache.jasper.compiler.TldLocationsCache@14c221f7')
mar 21, 2015 10:55:14 PM org.apache.catalina.core.StandardWrapperValve invoke
GRAVE: El Servlet.service() para el servlet [UploadServlet] en el contexto con ruta [/pruebaaa] lanzó la excepción [java.lang.ClassCastException: org.apache.catalina.connector.RequestFacade cannot be cast to org.apache.tomcat.util.http.fileupload.RequestContext] con causa raíz
java.lang.ClassCastException: org.apache.catalina.connector.RequestFacade cannot be cast to org.apache.tomcat.util.http.fileupload.RequestContext
	at Servlet.UploadServlet.doPost(UploadServlet.java:67)
	at javax.servlet.http.HttpServlet.service(HttpServlet.java:646)
	at javax.servlet.http.HttpServlet.service(HttpServlet.java:727)
	at org.apache.catalina.core.ApplicationFilterChain.internalDoFilter(ApplicationFilterChain.java:303)
	at org.apache.catalina.core.ApplicationFilterChain.doFilter(ApplicationFilterChain.java:208)
	at org.apache.tomcat.websocket.server.WsFilter.doFilter(WsFilter.java:52)
	at org.apache.catalina.core.ApplicationFilterChain.internalDoFilter(ApplicationFilterChain.java:241)
	at org.apache.catalina.core.ApplicationFilterChain.doFilter(ApplicationFilterChain.java:208)
	at org.apache.catalina.core.StandardWrapperValve.invoke(StandardWrapperValve.java:220)
	at org.apache.catalina.core.StandardContextValve.invoke(StandardContextValve.java:122)
	at org.apache.catalina.authenticator.AuthenticatorBase.invoke(AuthenticatorBase.java:503)
	at org.apache.catalina.core.StandardHostValve.invoke(StandardHostValve.java:170)
	at org.apache.catalina.valves.ErrorReportValve.invoke(ErrorReportValve.java:103)
	at org.apache.catalina.valves.AccessLogValve.invoke(AccessLogValve.java:950)
	at org.apache.catalina.core.StandardEngineValve.invoke(StandardEngineValve.java:116)
	at org.apache.catalina.connector.CoyoteAdapter.service(CoyoteAdapter.java:421)
	at org.apache.coyote.http11.AbstractHttp11Processor.process(AbstractHttp11Processor.java:1070)
	at org.apache.coyote.AbstractProtocol$AbstractConnectionHandler.process(AbstractProtocol.java:611)
	at org.apache.tomcat.util.net.AprEndpoint$SocketProcessor.doRun(AprEndpoint.java:2466)
	at org.apache.tomcat.util.net.AprEndpoint$SocketProcessor.run(AprEndpoint.java:2455)
	at java.util.concurrent.ThreadPoolExecutor.runWorker(ThreadPoolExecutor.java:1142)
	at java.util.concurrent.ThreadPoolExecutor$Worker.run(ThreadPoolExecutor.java:617)
	at org.apache.tomcat.util.threads.TaskThread$WrappingRunnable.run(TaskThread.java:61)
	at java.lang.Thread.run(Thread.java:745)

mar 21, 2015 11:01:39 PM org.apache.catalina.core.ApplicationContext log
INFORMACIÓN: SessionListener: contextDestroyed()
mar 21, 2015 11:01:39 PM org.apache.catalina.core.ApplicationContext log
INFORMACIÓN: ContextListener: contextDestroyed()
mar 21, 2015 11:01:48 PM org.apache.catalina.core.ApplicationContext log
INFORMACIÓN: ContextListener: contextInitialized()
mar 21, 2015 11:01:48 PM org.apache.catalina.core.ApplicationContext log
INFORMACIÓN: SessionListener: contextInitialized()
mar 21, 2015 11:01:48 PM org.apache.catalina.core.ApplicationContext log
INFORMACIÓN: ContextListener: attributeAdded('org.apache.jasper.compiler.TldLocationsCache', 'org.apache.jasper.compiler.TldLocationsCache@15b32054')
mar 21, 2015 11:06:29 PM org.apache.catalina.core.StandardWrapperValve invoke
GRAVE: El Servlet.service() para el servlet [UploadServlet] en el contexto con ruta [/pruebaaa] lanzó la excepción [java.lang.ClassCastException: org.apache.catalina.connector.RequestFacade cannot be cast to org.apache.tomcat.util.http.fileupload.RequestContext] con causa raíz
java.lang.ClassCastException: org.apache.catalina.connector.RequestFacade cannot be cast to org.apache.tomcat.util.http.fileupload.RequestContext
	at Servlet.UploadServlet.doPost(UploadServlet.java:68)
	at javax.servlet.http.HttpServlet.service(HttpServlet.java:646)
	at javax.servlet.http.HttpServlet.service(HttpServlet.java:727)
	at org.apache.catalina.core.ApplicationFilterChain.internalDoFilter(ApplicationFilterChain.java:303)
	at org.apache.catalina.core.ApplicationFilterChain.doFilter(ApplicationFilterChain.java:208)
	at org.apache.tomcat.websocket.server.WsFilter.doFilter(WsFilter.java:52)
	at org.apache.catalina.core.ApplicationFilterChain.internalDoFilter(ApplicationFilterChain.java:241)
	at org.apache.catalina.core.ApplicationFilterChain.doFilter(ApplicationFilterChain.java:208)
	at org.apache.catalina.core.StandardWrapperValve.invoke(StandardWrapperValve.java:220)
	at org.apache.catalina.core.StandardContextValve.invoke(StandardContextValve.java:122)
	at org.apache.catalina.authenticator.AuthenticatorBase.invoke(AuthenticatorBase.java:503)
	at org.apache.catalina.core.StandardHostValve.invoke(StandardHostValve.java:170)
	at org.apache.catalina.valves.ErrorReportValve.invoke(ErrorReportValve.java:103)
	at org.apache.catalina.valves.AccessLogValve.invoke(AccessLogValve.java:950)
	at org.apache.catalina.core.StandardEngineValve.invoke(StandardEngineValve.java:116)
	at org.apache.catalina.connector.CoyoteAdapter.service(CoyoteAdapter.java:421)
	at org.apache.coyote.http11.AbstractHttp11Processor.process(AbstractHttp11Processor.java:1070)
	at org.apache.coyote.AbstractProtocol$AbstractConnectionHandler.process(AbstractProtocol.java:611)
	at org.apache.tomcat.util.net.AprEndpoint$SocketProcessor.doRun(AprEndpoint.java:2466)
	at org.apache.tomcat.util.net.AprEndpoint$SocketProcessor.run(AprEndpoint.java:2455)
	at java.util.concurrent.ThreadPoolExecutor.runWorker(ThreadPoolExecutor.java:1142)
	at java.util.concurrent.ThreadPoolExecutor$Worker.run(ThreadPoolExecutor.java:617)
	at org.apache.tomcat.util.threads.TaskThread$WrappingRunnable.run(TaskThread.java:61)
	at java.lang.Thread.run(Thread.java:745)

mar 21, 2015 11:07:32 PM org.apache.catalina.core.StandardWrapperValve invoke
GRAVE: El Servlet.service() para el servlet [UploadServlet] en el contexto con ruta [/pruebaaa] lanzó la excepción [java.lang.RuntimeException: Uncompilable source code - Erroneous sym type: org.apache.tomcat.util.http.fileupload.servlet.ServletFileUpload.parseRequest] con causa raíz
java.lang.RuntimeException: Uncompilable source code - Erroneous sym type: org.apache.tomcat.util.http.fileupload.servlet.ServletFileUpload.parseRequest
	at Servlet.UploadServlet.doPost(UploadServlet.java:69)
	at javax.servlet.http.HttpServlet.service(HttpServlet.java:646)
	at javax.servlet.http.HttpServlet.service(HttpServlet.java:727)
	at org.apache.catalina.core.ApplicationFilterChain.internalDoFilter(ApplicationFilterChain.java:303)
	at org.apache.catalina.core.ApplicationFilterChain.doFilter(ApplicationFilterChain.java:208)
	at org.apache.tomcat.websocket.server.WsFilter.doFilter(WsFilter.java:52)
	at org.apache.catalina.core.ApplicationFilterChain.internalDoFilter(ApplicationFilterChain.java:241)
	at org.apache.catalina.core.ApplicationFilterChain.doFilter(ApplicationFilterChain.java:208)
	at org.apache.catalina.core.StandardWrapperValve.invoke(StandardWrapperValve.java:220)
	at org.apache.catalina.core.StandardContextValve.invoke(StandardContextValve.java:122)
	at org.apache.catalina.authenticator.AuthenticatorBase.invoke(AuthenticatorBase.java:503)
	at org.apache.catalina.core.StandardHostValve.invoke(StandardHostValve.java:170)
	at org.apache.catalina.valves.ErrorReportValve.invoke(ErrorReportValve.java:103)
	at org.apache.catalina.valves.AccessLogValve.invoke(AccessLogValve.java:950)
	at org.apache.catalina.core.StandardEngineValve.invoke(StandardEngineValve.java:116)
	at org.apache.catalina.connector.CoyoteAdapter.service(CoyoteAdapter.java:421)
	at org.apache.coyote.http11.AbstractHttp11Processor.process(AbstractHttp11Processor.java:1070)
	at org.apache.coyote.AbstractProtocol$AbstractConnectionHandler.process(AbstractProtocol.java:611)
	at org.apache.tomcat.util.net.AprEndpoint$SocketProcessor.doRun(AprEndpoint.java:2466)
	at org.apache.tomcat.util.net.AprEndpoint$SocketProcessor.run(AprEndpoint.java:2455)
	at java.util.concurrent.ThreadPoolExecutor.runWorker(ThreadPoolExecutor.java:1142)
	at java.util.concurrent.ThreadPoolExecutor$Worker.run(ThreadPoolExecutor.java:617)
	at org.apache.tomcat.util.threads.TaskThread$WrappingRunnable.run(TaskThread.java:61)
	at java.lang.Thread.run(Thread.java:745)

mar 21, 2015 11:08:26 PM org.apache.catalina.core.StandardWrapperValve invoke
GRAVE: El Servlet.service() para el servlet [UploadServlet] en el contexto con ruta [/pruebaaa] lanzó la excepción [java.lang.ClassCastException: org.apache.catalina.connector.RequestFacade cannot be cast to org.apache.tomcat.util.http.fileupload.RequestContext] con causa raíz
java.lang.ClassCastException: org.apache.catalina.connector.RequestFacade cannot be cast to org.apache.tomcat.util.http.fileupload.RequestContext
	at Servlet.UploadServlet.doPost(UploadServlet.java:68)
	at javax.servlet.http.HttpServlet.service(HttpServlet.java:646)
	at javax.servlet.http.HttpServlet.service(HttpServlet.java:727)
	at org.apache.catalina.core.ApplicationFilterChain.internalDoFilter(ApplicationFilterChain.java:303)
	at org.apache.catalina.core.ApplicationFilterChain.doFilter(ApplicationFilterChain.java:208)
	at org.apache.tomcat.websocket.server.WsFilter.doFilter(WsFilter.java:52)
	at org.apache.catalina.core.ApplicationFilterChain.internalDoFilter(ApplicationFilterChain.java:241)
	at org.apache.catalina.core.ApplicationFilterChain.doFilter(ApplicationFilterChain.java:208)
	at org.apache.catalina.core.StandardWrapperValve.invoke(StandardWrapperValve.java:220)
	at org.apache.catalina.core.StandardContextValve.invoke(StandardContextValve.java:122)
	at org.apache.catalina.authenticator.AuthenticatorBase.invoke(AuthenticatorBase.java:503)
	at org.apache.catalina.core.StandardHostValve.invoke(StandardHostValve.java:170)
	at org.apache.catalina.valves.ErrorReportValve.invoke(ErrorReportValve.java:103)
	at org.apache.catalina.valves.AccessLogValve.invoke(AccessLogValve.java:950)
	at org.apache.catalina.core.StandardEngineValve.invoke(StandardEngineValve.java:116)
	at org.apache.catalina.connector.CoyoteAdapter.service(CoyoteAdapter.java:421)
	at org.apache.coyote.http11.AbstractHttp11Processor.process(AbstractHttp11Processor.java:1070)
	at org.apache.coyote.AbstractProtocol$AbstractConnectionHandler.process(AbstractProtocol.java:611)
	at org.apache.tomcat.util.net.AprEndpoint$SocketProcessor.doRun(AprEndpoint.java:2466)
	at org.apache.tomcat.util.net.AprEndpoint$SocketProcessor.run(AprEndpoint.java:2455)
	at java.util.concurrent.ThreadPoolExecutor.runWorker(ThreadPoolExecutor.java:1142)
	at java.util.concurrent.ThreadPoolExecutor$Worker.run(ThreadPoolExecutor.java:617)
	at org.apache.tomcat.util.threads.TaskThread$WrappingRunnable.run(TaskThread.java:61)
	at java.lang.Thread.run(Thread.java:745)

mar 21, 2015 11:12:50 PM org.apache.catalina.core.ApplicationContext log
INFORMACIÓN: SessionListener: contextDestroyed()
mar 21, 2015 11:12:50 PM org.apache.catalina.core.ApplicationContext log
INFORMACIÓN: ContextListener: contextDestroyed()
mar 21, 2015 11:12:56 PM org.apache.catalina.core.ApplicationContext log
INFORMACIÓN: ContextListener: contextInitialized()
mar 21, 2015 11:12:56 PM org.apache.catalina.core.ApplicationContext log
INFORMACIÓN: SessionListener: contextInitialized()
mar 21, 2015 11:12:56 PM org.apache.catalina.core.ApplicationContext log
INFORMACIÓN: ContextListener: attributeAdded('org.apache.jasper.compiler.TldLocationsCache', 'org.apache.jasper.compiler.TldLocationsCache@2c996d85')
mar 21, 2015 11:13:09 PM org.apache.catalina.core.StandardWrapperValve invoke
GRAVE: El Servlet.service() para el servlet [UploadServlet] en el contexto con ruta [/pruebaaa] lanzó la excepción [java.lang.ClassCastException: org.apache.catalina.connector.RequestFacade cannot be cast to org.apache.tomcat.util.http.fileupload.RequestContext] con causa raíz
java.lang.ClassCastException: org.apache.catalina.connector.RequestFacade cannot be cast to org.apache.tomcat.util.http.fileupload.RequestContext
	at Servlet.UploadServlet.doPost(UploadServlet.java:72)
	at javax.servlet.http.HttpServlet.service(HttpServlet.java:646)
	at javax.servlet.http.HttpServlet.service(HttpServlet.java:727)
	at org.apache.catalina.core.ApplicationFilterChain.internalDoFilter(ApplicationFilterChain.java:303)
	at org.apache.catalina.core.ApplicationFilterChain.doFilter(ApplicationFilterChain.java:208)
	at org.apache.tomcat.websocket.server.WsFilter.doFilter(WsFilter.java:52)
	at org.apache.catalina.core.ApplicationFilterChain.internalDoFilter(ApplicationFilterChain.java:241)
	at org.apache.catalina.core.ApplicationFilterChain.doFilter(ApplicationFilterChain.java:208)
	at org.apache.catalina.core.StandardWrapperValve.invoke(StandardWrapperValve.java:220)
	at org.apache.catalina.core.StandardContextValve.invoke(StandardContextValve.java:122)
	at org.apache.catalina.authenticator.AuthenticatorBase.invoke(AuthenticatorBase.java:503)
	at org.apache.catalina.core.StandardHostValve.invoke(StandardHostValve.java:170)
	at org.apache.catalina.valves.ErrorReportValve.invoke(ErrorReportValve.java:103)
	at org.apache.catalina.valves.AccessLogValve.invoke(AccessLogValve.java:950)
	at org.apache.catalina.core.StandardEngineValve.invoke(StandardEngineValve.java:116)
	at org.apache.catalina.connector.CoyoteAdapter.service(CoyoteAdapter.java:421)
	at org.apache.coyote.http11.AbstractHttp11Processor.process(AbstractHttp11Processor.java:1070)
	at org.apache.coyote.AbstractProtocol$AbstractConnectionHandler.process(AbstractProtocol.java:611)
	at org.apache.tomcat.util.net.AprEndpoint$SocketProcessor.doRun(AprEndpoint.java:2466)
	at org.apache.tomcat.util.net.AprEndpoint$SocketProcessor.run(AprEndpoint.java:2455)
	at java.util.concurrent.ThreadPoolExecutor.runWorker(ThreadPoolExecutor.java:1142)
	at java.util.concurrent.ThreadPoolExecutor$Worker.run(ThreadPoolExecutor.java:617)
	at org.apache.tomcat.util.threads.TaskThread$WrappingRunnable.run(TaskThread.java:61)
	at java.lang.Thread.run(Thread.java:745)

mar 21, 2015 11:21:25 PM org.apache.catalina.core.ApplicationContext log
INFORMACIÓN: SessionListener: contextDestroyed()
mar 21, 2015 11:21:25 PM org.apache.catalina.core.ApplicationContext log
INFORMACIÓN: ContextListener: contextDestroyed()
mar 21, 2015 11:21:44 PM org.apache.catalina.core.ApplicationContext log
INFORMACIÓN: ContextListener: contextInitialized()
mar 21, 2015 11:21:44 PM org.apache.catalina.core.ApplicationContext log
INFORMACIÓN: SessionListener: contextInitialized()
mar 21, 2015 11:21:44 PM org.apache.catalina.core.ApplicationContext log
INFORMACIÓN: ContextListener: attributeAdded('org.apache.jasper.compiler.TldLocationsCache', 'org.apache.jasper.compiler.TldLocationsCache@bc8b87a')
mar 21, 2015 11:22:25 PM org.apache.catalina.core.StandardWrapperValve invoke
GRAVE: El Servlet.service() para el servlet [UploadServlet] en el contexto con ruta [/pruebaaa] lanzó la excepción [java.lang.ClassCastException: org.apache.catalina.connector.RequestFacade cannot be cast to org.apache.tomcat.util.http.fileupload.RequestContext] con causa raíz
java.lang.ClassCastException: org.apache.catalina.connector.RequestFacade cannot be cast to org.apache.tomcat.util.http.fileupload.RequestContext
	at Servlet.UploadServlet.doPost(UploadServlet.java:73)
	at javax.servlet.http.HttpServlet.service(HttpServlet.java:646)
	at javax.servlet.http.HttpServlet.service(HttpServlet.java:727)
	at org.apache.catalina.core.ApplicationFilterChain.internalDoFilter(ApplicationFilterChain.java:303)
	at org.apache.catalina.core.ApplicationFilterChain.doFilter(ApplicationFilterChain.java:208)
	at org.apache.tomcat.websocket.server.WsFilter.doFilter(WsFilter.java:52)
	at org.apache.catalina.core.ApplicationFilterChain.internalDoFilter(ApplicationFilterChain.java:241)
	at org.apache.catalina.core.ApplicationFilterChain.doFilter(ApplicationFilterChain.java:208)
	at org.apache.catalina.core.StandardWrapperValve.invoke(StandardWrapperValve.java:220)
	at org.apache.catalina.core.StandardContextValve.invoke(StandardContextValve.java:122)
	at org.apache.catalina.authenticator.AuthenticatorBase.invoke(AuthenticatorBase.java:503)
	at org.apache.catalina.core.StandardHostValve.invoke(StandardHostValve.java:170)
	at org.apache.catalina.valves.ErrorReportValve.invoke(ErrorReportValve.java:103)
	at org.apache.catalina.valves.AccessLogValve.invoke(AccessLogValve.java:950)
	at org.apache.catalina.core.StandardEngineValve.invoke(StandardEngineValve.java:116)
	at org.apache.catalina.connector.CoyoteAdapter.service(CoyoteAdapter.java:421)
	at org.apache.coyote.http11.AbstractHttp11Processor.process(AbstractHttp11Processor.java:1070)
	at org.apache.coyote.AbstractProtocol$AbstractConnectionHandler.process(AbstractProtocol.java:611)
	at org.apache.tomcat.util.net.AprEndpoint$SocketProcessor.doRun(AprEndpoint.java:2466)
	at org.apache.tomcat.util.net.AprEndpoint$SocketProcessor.run(AprEndpoint.java:2455)
	at java.util.concurrent.ThreadPoolExecutor.runWorker(ThreadPoolExecutor.java:1142)
	at java.util.concurrent.ThreadPoolExecutor$Worker.run(ThreadPoolExecutor.java:617)
	at org.apache.tomcat.util.threads.TaskThread$WrappingRunnable.run(TaskThread.java:61)
	at java.lang.Thread.run(Thread.java:745)

