ene 21, 2015 2:07:03 PM org.apache.catalina.core.ApplicationContext log
INFORMACIÓN: Manager: init: Associated with Deployer 'Catalina:type=Deployer,host=localhost'
ene 21, 2015 2:07:03 PM org.apache.catalina.core.ApplicationContext log
INFORMACIÓN: Manager: init: Global resources are available
ene 21, 2015 2:07:03 PM org.apache.catalina.core.ApplicationContext log
INFORMACIÓN: Manager: list: Listing contexts for virtual host 'localhost'
ene 21, 2015 2:07:03 PM org.apache.catalina.core.ApplicationContext log
INFORMACIÓN: Manager: list: Listing contexts for virtual host 'localhost'
ene 21, 2015 2:07:03 PM org.apache.catalina.core.ApplicationContext log
INFORMACIÓN: Manager: install: Installing context configuration at 'file:/C:/Users/AC-MA_~1/AppData/Local/Temp/context8367600780472604074.xml'
ene 21, 2015 2:07:04 PM org.apache.catalina.core.ApplicationContext log
INFORMACIÓN: Manager: start: Starting web application '/Chat'
ene 21, 2015 2:08:14 PM org.apache.catalina.core.ApplicationContext log
INFORMACIÓN: Manager: list: Listing contexts for virtual host 'localhost'
ene 21, 2015 2:08:14 PM org.apache.catalina.core.ApplicationContext log
INFORMACIÓN: Manager: list: Listing contexts for virtual host 'localhost'
ene 21, 2015 2:09:00 PM org.apache.catalina.core.ApplicationContext log
INFORMACIÓN: Manager: list: Listing contexts for virtual host 'localhost'
ene 21, 2015 2:09:00 PM org.apache.catalina.core.ApplicationContext log
INFORMACIÓN: Manager: list: Listing contexts for virtual host 'localhost'
ene 21, 2015 2:35:56 PM org.apache.catalina.core.ApplicationContext log
INFORMACIÓN: Manager: list: Listing contexts for virtual host 'localhost'
ene 21, 2015 2:35:56 PM org.apache.catalina.core.ApplicationContext log
INFORMACIÓN: Manager: list: Listing contexts for virtual host 'localhost'
ene 21, 2015 2:36:23 PM org.apache.catalina.core.ApplicationContext log
INFORMACIÓN: Manager: list: Listing contexts for virtual host 'localhost'
ene 21, 2015 2:36:23 PM org.apache.catalina.core.ApplicationContext log
INFORMACIÓN: Manager: list: Listing contexts for virtual host 'localhost'
ene 21, 2015 6:57:50 PM org.apache.catalina.core.ApplicationContext log
INFORMACIÓN: Manager: list: Listing contexts for virtual host 'localhost'
ene 21, 2015 6:57:50 PM org.apache.catalina.core.ApplicationContext log
INFORMACIÓN: Manager: list: Listing contexts for virtual host 'localhost'
ene 21, 2015 6:57:50 PM org.apache.catalina.core.ApplicationContext log
INFORMACIÓN: Manager: install: Installing context configuration at 'file:/C:/Users/AC-MA_~1/AppData/Local/Temp/context682130343042641011.xml'
ene 21, 2015 6:57:50 PM org.apache.catalina.core.ApplicationContext log
INFORMACIÓN: Manager: start: Starting web application '/ChatDeadpool'
ene 21, 2015 7:01:00 PM org.apache.catalina.core.ApplicationContext log
INFORMACIÓN: Manager: list: Listing contexts for virtual host 'localhost'
ene 21, 2015 7:01:00 PM org.apache.catalina.core.ApplicationContext log
INFORMACIÓN: Manager: list: Listing contexts for virtual host 'localhost'
ene 21, 2015 7:04:31 PM org.apache.catalina.core.ApplicationContext log
INFORMACIÓN: Manager: list: Listing contexts for virtual host 'localhost'
ene 21, 2015 7:06:51 PM org.apache.catalina.core.ApplicationContext log
INFORMACIÓN: Manager: list: Listing contexts for virtual host 'localhost'
ene 21, 2015 7:13:22 PM org.apache.catalina.core.ApplicationContext log
INFORMACIÓN: Manager: list: Listing contexts for virtual host 'localhost'
ene 21, 2015 7:13:38 PM org.apache.catalina.core.ApplicationContext log
INFORMACIÓN: Manager: list: Listing contexts for virtual host 'localhost'
ene 21, 2015 7:14:28 PM org.apache.catalina.core.ApplicationContext log
INFORMACIÓN: Manager: list: Listing contexts for virtual host 'localhost'
ene 21, 2015 7:14:35 PM org.apache.catalina.core.ApplicationContext log
INFORMACIÓN: Manager: list: Listing contexts for virtual host 'localhost'
ene 21, 2015 7:14:35 PM org.apache.catalina.core.ApplicationContext log
INFORMACIÓN: Manager: stop: Stopping web application '/ChatDeadpool'
ene 21, 2015 7:14:35 PM org.apache.catalina.core.ApplicationContext log
INFORMACIÓN: Manager: start: Starting web application '/ChatDeadpool'
ene 21, 2015 7:14:38 PM org.apache.catalina.core.ApplicationContext log
INFORMACIÓN: Manager: list: Listing contexts for virtual host 'localhost'
ene 21, 2015 7:14:38 PM org.apache.catalina.core.ApplicationContext log
INFORMACIÓN: Manager: list: Listing contexts for virtual host 'localhost'
ene 21, 2015 7:14:39 PM org.apache.catalina.core.ApplicationContext log
INFORMACIÓN: Manager: undeploy: Undeploying web application at '/ChatDeadpool'
ene 21, 2015 7:14:39 PM org.apache.catalina.core.ApplicationContext log
INFORMACIÓN: Manager: install: Installing context configuration at 'file:/C:/Users/AC-MA_~1/AppData/Local/Temp/context5243121656319509901.xml'
ene 21, 2015 7:15:19 PM org.apache.catalina.core.ApplicationContext log
INFORMACIÓN: Manager: list: Listing contexts for virtual host 'localhost'
ene 21, 2015 7:15:19 PM org.apache.catalina.core.ApplicationContext log
INFORMACIÓN: Manager: list: Listing contexts for virtual host 'localhost'
ene 21, 2015 7:15:19 PM org.apache.catalina.core.ApplicationContext log
INFORMACIÓN: Manager: undeploy: Undeploying web application at '/ChatDeadpool'
ene 21, 2015 7:15:19 PM org.apache.catalina.core.ApplicationContext log
INFORMACIÓN: Manager: install: Installing context configuration at 'file:/C:/Users/AC-MA_~1/AppData/Local/Temp/context7281174419277978455.xml'
ene 21, 2015 7:17:54 PM org.apache.catalina.core.ApplicationContext log
INFORMACIÓN: Manager: list: Listing contexts for virtual host 'localhost'
ene 21, 2015 7:17:54 PM org.apache.catalina.core.ApplicationContext log
INFORMACIÓN: Manager: list: Listing contexts for virtual host 'localhost'
ene 21, 2015 7:17:54 PM org.apache.catalina.core.ApplicationContext log
INFORMACIÓN: Manager: undeploy: Undeploying web application at '/ChatDeadpool'
ene 21, 2015 7:17:55 PM org.apache.catalina.core.ApplicationContext log
INFORMACIÓN: Manager: install: Installing context configuration at 'file:/C:/Users/AC-MA_~1/AppData/Local/Temp/context3809410962006957787.xml'
ene 21, 2015 7:18:28 PM org.apache.catalina.core.ApplicationContext log
INFORMACIÓN: Manager: list: Listing contexts for virtual host 'localhost'
ene 21, 2015 7:18:28 PM org.apache.catalina.core.ApplicationContext log
INFORMACIÓN: Manager: list: Listing contexts for virtual host 'localhost'
ene 21, 2015 7:18:28 PM org.apache.catalina.core.ApplicationContext log
INFORMACIÓN: Manager: undeploy: Undeploying web application at '/ChatDeadpool'
ene 21, 2015 7:18:28 PM org.apache.catalina.core.ApplicationContext log
INFORMACIÓN: Manager: install: Installing context configuration at 'file:/C:/Users/AC-MA_~1/AppData/Local/Temp/context1977681670445840388.xml'
ene 21, 2015 7:19:40 PM org.apache.catalina.core.ApplicationContext log
INFORMACIÓN: Manager: list: Listing contexts for virtual host 'localhost'
ene 21, 2015 7:19:40 PM org.apache.catalina.core.ApplicationContext log
INFORMACIÓN: Manager: list: Listing contexts for virtual host 'localhost'
ene 21, 2015 7:19:40 PM org.apache.catalina.core.ApplicationContext log
INFORMACIÓN: Manager: undeploy: Undeploying web application at '/ChatDeadpool'
ene 21, 2015 7:19:40 PM org.apache.catalina.core.ApplicationContext log
INFORMACIÓN: Manager: install: Installing context configuration at 'file:/C:/Users/AC-MA_~1/AppData/Local/Temp/context1362370721840771611.xml'
ene 21, 2015 7:19:52 PM org.apache.catalina.core.ApplicationContext log
INFORMACIÓN: Manager: list: Listing contexts for virtual host 'localhost'
ene 21, 2015 7:19:52 PM org.apache.catalina.core.ApplicationContext log
INFORMACIÓN: Manager: list: Listing contexts for virtual host 'localhost'
ene 21, 2015 7:19:52 PM org.apache.catalina.core.ApplicationContext log
INFORMACIÓN: Manager: undeploy: Undeploying web application at '/ChatDeadpool'
ene 21, 2015 7:19:53 PM org.apache.catalina.core.ApplicationContext log
INFORMACIÓN: Manager: install: Installing context configuration at 'file:/C:/Users/AC-MA_~1/AppData/Local/Temp/context2986652005533021745.xml'
ene 21, 2015 7:20:06 PM org.apache.catalina.core.ApplicationContext log
INFORMACIÓN: Manager: list: Listing contexts for virtual host 'localhost'
ene 21, 2015 7:20:06 PM org.apache.catalina.core.ApplicationContext log
INFORMACIÓN: Manager: list: Listing contexts for virtual host 'localhost'
ene 21, 2015 7:20:06 PM org.apache.catalina.core.ApplicationContext log
INFORMACIÓN: Manager: stop: Stopping web application '/ChatDeadpool'
ene 21, 2015 7:20:06 PM org.apache.catalina.core.ApplicationContext log
INFORMACIÓN: Manager: start: Starting web application '/ChatDeadpool'
ene 21, 2015 7:21:10 PM org.apache.catalina.core.ApplicationContext log
INFORMACIÓN: Manager: list: Listing contexts for virtual host 'localhost'
ene 21, 2015 7:21:10 PM org.apache.catalina.core.ApplicationContext log
INFORMACIÓN: Manager: list: Listing contexts for virtual host 'localhost'
ene 21, 2015 7:21:10 PM org.apache.catalina.core.ApplicationContext log
INFORMACIÓN: Manager: undeploy: Undeploying web application at '/ChatDeadpool'
ene 21, 2015 7:21:10 PM org.apache.catalina.core.ApplicationContext log
INFORMACIÓN: Manager: install: Installing context configuration at 'file:/C:/Users/AC-MA_~1/AppData/Local/Temp/context8038895720026110529.xml'
ene 21, 2015 7:22:34 PM org.apache.catalina.core.ApplicationContext log
INFORMACIÓN: Manager: list: Listing contexts for virtual host 'localhost'
ene 21, 2015 7:22:34 PM org.apache.catalina.core.ApplicationContext log
INFORMACIÓN: Manager: list: Listing contexts for virtual host 'localhost'
ene 21, 2015 7:22:34 PM org.apache.catalina.core.ApplicationContext log
INFORMACIÓN: Manager: stop: Stopping web application '/ChatDeadpool'
ene 21, 2015 7:22:34 PM org.apache.catalina.core.ApplicationContext log
INFORMACIÓN: Manager: start: Starting web application '/ChatDeadpool'
ene 21, 2015 7:22:47 PM org.apache.catalina.core.ApplicationContext log
INFORMACIÓN: Manager: list: Listing contexts for virtual host 'localhost'
ene 21, 2015 7:22:47 PM org.apache.catalina.core.ApplicationContext log
INFORMACIÓN: Manager: list: Listing contexts for virtual host 'localhost'
ene 21, 2015 7:22:47 PM org.apache.catalina.core.ApplicationContext log
INFORMACIÓN: Manager: undeploy: Undeploying web application at '/ChatDeadpool'
ene 21, 2015 7:22:48 PM org.apache.catalina.core.ApplicationContext log
INFORMACIÓN: Manager: install: Installing context configuration at 'file:/C:/Users/AC-MA_~1/AppData/Local/Temp/context6009750594672198629.xml'
ene 21, 2015 7:23:30 PM org.apache.catalina.core.ApplicationContext log
INFORMACIÓN: Manager: list: Listing contexts for virtual host 'localhost'
ene 21, 2015 7:23:30 PM org.apache.catalina.core.ApplicationContext log
INFORMACIÓN: Manager: list: Listing contexts for virtual host 'localhost'
ene 21, 2015 7:23:30 PM org.apache.catalina.core.ApplicationContext log
INFORMACIÓN: Manager: undeploy: Undeploying web application at '/ChatDeadpool'
ene 21, 2015 7:23:30 PM org.apache.catalina.core.ApplicationContext log
INFORMACIÓN: Manager: install: Installing context configuration at 'file:/C:/Users/AC-MA_~1/AppData/Local/Temp/context2345064094165759557.xml'
ene 21, 2015 7:23:31 PM org.apache.catalina.core.ApplicationContext log
INFORMACIÓN: Manager: start: Starting web application '/ChatDeadpool'
ene 21, 2015 7:23:41 PM org.apache.catalina.core.ApplicationContext log
INFORMACIÓN: Manager: list: Listing contexts for virtual host 'localhost'
ene 21, 2015 7:23:41 PM org.apache.catalina.core.ApplicationContext log
INFORMACIÓN: Manager: list: Listing contexts for virtual host 'localhost'
ene 21, 2015 7:23:41 PM org.apache.catalina.core.ApplicationContext log
INFORMACIÓN: Manager: undeploy: Undeploying web application at '/ChatDeadpool'
ene 21, 2015 7:23:41 PM org.apache.catalina.core.ApplicationContext log
INFORMACIÓN: Manager: install: Installing context configuration at 'file:/C:/Users/AC-MA_~1/AppData/Local/Temp/context4145172525130570685.xml'
ene 21, 2015 7:23:41 PM org.apache.catalina.core.ApplicationContext log
INFORMACIÓN: Manager: start: Starting web application '/ChatDeadpool'
ene 21, 2015 7:23:50 PM org.apache.catalina.core.ApplicationContext log
INFORMACIÓN: Manager: list: Listing contexts for virtual host 'localhost'
ene 21, 2015 7:23:50 PM org.apache.catalina.core.ApplicationContext log
INFORMACIÓN: Manager: list: Listing contexts for virtual host 'localhost'
ene 21, 2015 7:29:48 PM org.apache.catalina.core.ApplicationContext log
INFORMACIÓN: Manager: list: Listing contexts for virtual host 'localhost'
ene 21, 2015 7:29:48 PM org.apache.catalina.core.ApplicationContext log
INFORMACIÓN: Manager: restart: Reloading web application '/ChatDeadpool'
ene 21, 2015 7:30:03 PM org.apache.catalina.core.ApplicationContext log
INFORMACIÓN: Manager: list: Listing contexts for virtual host 'localhost'
ene 21, 2015 7:30:03 PM org.apache.catalina.core.ApplicationContext log
INFORMACIÓN: Manager: list: Listing contexts for virtual host 'localhost'
ene 21, 2015 7:30:03 PM org.apache.catalina.core.ApplicationContext log
INFORMACIÓN: Manager: restart: Reloading web application '/ChatDeadpool'
ene 21, 2015 7:40:46 PM org.apache.catalina.core.ApplicationContext log
INFORMACIÓN: Manager: list: Listing contexts for virtual host 'localhost'
ene 21, 2015 7:40:46 PM org.apache.catalina.core.ApplicationContext log
INFORMACIÓN: Manager: restart: Reloading web application '/ChatDeadpool'
ene 21, 2015 7:40:46 PM org.apache.catalina.core.ApplicationContext log
INFORMACIÓN: Manager: list: Listing contexts for virtual host 'localhost'
ene 21, 2015 7:40:47 PM org.apache.catalina.core.ApplicationContext log
INFORMACIÓN: Manager: list: Listing contexts for virtual host 'localhost'
ene 21, 2015 7:40:47 PM org.apache.catalina.core.ApplicationContext log
INFORMACIÓN: Manager: restart: Reloading web application '/ChatDeadpool'
ene 21, 2015 7:42:04 PM org.apache.catalina.core.ApplicationContext log
INFORMACIÓN: Manager: list: Listing contexts for virtual host 'localhost'
ene 21, 2015 7:42:04 PM org.apache.catalina.core.ApplicationContext log
INFORMACIÓN: Manager: restart: Reloading web application '/ChatDeadpool'
ene 21, 2015 7:46:03 PM org.apache.catalina.core.ApplicationContext log
INFORMACIÓN: Manager: list: Listing contexts for virtual host 'localhost'
ene 21, 2015 7:46:03 PM org.apache.catalina.core.ApplicationContext log
INFORMACIÓN: Manager: restart: Reloading web application '/ChatDeadpool'
