feb 09, 2015 10:16:58 AM org.apache.catalina.core.ApplicationContext log
INFORMACIÓN: Manager: init: Associated with Deployer 'Catalina:type=Deployer,host=localhost'
feb 09, 2015 10:16:58 AM org.apache.catalina.core.ApplicationContext log
INFORMACIÓN: Manager: init: Global resources are available
feb 09, 2015 10:16:58 AM org.apache.catalina.core.ApplicationContext log
INFORMACIÓN: Manager: list: Listing contexts for virtual host 'localhost'
feb 09, 2015 10:16:58 AM org.apache.catalina.core.ApplicationContext log
INFORMACIÓN: Manager: list: Listing contexts for virtual host 'localhost'
feb 09, 2015 10:16:58 AM org.apache.catalina.core.ApplicationContext log
INFORMACIÓN: Manager: restart: Reloading web application '/Chat_DeaadPool'
feb 09, 2015 10:20:23 AM org.apache.catalina.core.ApplicationContext log
INFORMACIÓN: Manager: list: Listing contexts for virtual host 'localhost'
feb 09, 2015 10:20:23 AM org.apache.catalina.core.ApplicationContext log
INFORMACIÓN: Manager: restart: Reloading web application '/Chat_DeaadPool'
feb 09, 2015 10:20:24 AM org.apache.catalina.core.ApplicationContext log
INFORMACIÓN: Manager: list: Listing contexts for virtual host 'localhost'
feb 09, 2015 10:20:24 AM org.apache.catalina.core.ApplicationContext log
INFORMACIÓN: Manager: restart: Reloading web application '/Chat_DeaadPool'
feb 09, 2015 10:30:40 AM org.apache.catalina.core.ApplicationContext log
INFORMACIÓN: Manager: list: Listing contexts for virtual host 'localhost'
feb 09, 2015 10:30:40 AM org.apache.catalina.core.ApplicationContext log
INFORMACIÓN: Manager: restart: Reloading web application '/Chat_DeaadPool'
feb 09, 2015 11:47:43 AM org.apache.catalina.core.ApplicationContext log
INFORMACIÓN: Manager: list: Listing contexts for virtual host 'localhost'
feb 09, 2015 11:47:43 AM org.apache.catalina.core.ApplicationContext log
INFORMACIÓN: Manager: restart: Reloading web application '/Chat_DeaadPool'
feb 09, 2015 11:47:45 AM org.apache.catalina.core.ApplicationContext log
INFORMACIÓN: Manager: list: Listing contexts for virtual host 'localhost'
feb 09, 2015 11:47:45 AM org.apache.catalina.core.ApplicationContext log
INFORMACIÓN: Manager: restart: Reloading web application '/Chat_DeaadPool'
feb 09, 2015 11:47:53 AM org.apache.catalina.core.ApplicationContext log
INFORMACIÓN: Manager: list: Listing contexts for virtual host 'localhost'
feb 09, 2015 11:47:53 AM org.apache.catalina.core.ApplicationContext log
INFORMACIÓN: Manager: restart: Reloading web application '/Chat_DeaadPool'
feb 09, 2015 11:47:59 AM org.apache.catalina.core.ApplicationContext log
INFORMACIÓN: Manager: list: Listing contexts for virtual host 'localhost'
feb 09, 2015 11:47:59 AM org.apache.catalina.core.ApplicationContext log
INFORMACIÓN: Manager: restart: Reloading web application '/Chat_DeaadPool'
feb 09, 2015 11:49:23 AM org.apache.catalina.core.ApplicationContext log
INFORMACIÓN: Manager: list: Listing contexts for virtual host 'localhost'
feb 09, 2015 11:49:23 AM org.apache.catalina.core.ApplicationContext log
INFORMACIÓN: Manager: restart: Reloading web application '/Chat_DeaadPool'
feb 09, 2015 11:49:42 AM org.apache.catalina.core.ApplicationContext log
INFORMACIÓN: Manager: list: Listing contexts for virtual host 'localhost'
feb 09, 2015 11:50:57 AM org.apache.catalina.core.ApplicationContext log
INFORMACIÓN: Manager: list: Listing contexts for virtual host 'localhost'
feb 09, 2015 11:52:08 AM org.apache.catalina.core.ApplicationContext log
INFORMACIÓN: Manager: list: Listing contexts for virtual host 'localhost'
feb 09, 2015 11:52:08 AM org.apache.catalina.core.ApplicationContext log
INFORMACIÓN: Manager: stop: Stopping web application '/Chat_DeaadPool'
feb 09, 2015 11:52:08 AM org.apache.catalina.core.ApplicationContext log
INFORMACIÓN: Manager: start: Starting web application '/Chat_DeaadPool'
feb 09, 2015 11:52:22 AM org.apache.catalina.core.ApplicationContext log
INFORMACIÓN: Manager: list: Listing contexts for virtual host 'localhost'
feb 09, 2015 11:52:22 AM org.apache.catalina.core.ApplicationContext log
INFORMACIÓN: Manager: list: Listing contexts for virtual host 'localhost'
feb 09, 2015 11:52:23 AM org.apache.catalina.core.ApplicationContext log
INFORMACIÓN: Manager: stop: Stopping web application '/Chat_DeaadPool'
feb 09, 2015 11:52:23 AM org.apache.catalina.core.ApplicationContext log
INFORMACIÓN: Manager: start: Starting web application '/Chat_DeaadPool'
feb 09, 2015 11:55:05 AM org.apache.catalina.core.ApplicationContext log
INFORMACIÓN: Manager: list: Listing contexts for virtual host 'localhost'
feb 09, 2015 11:55:05 AM org.apache.catalina.core.ApplicationContext log
INFORMACIÓN: Manager: restart: Reloading web application '/Chat_DeaadPool'
feb 09, 2015 11:55:06 AM org.apache.catalina.core.ApplicationContext log
INFORMACIÓN: Manager: list: Listing contexts for virtual host 'localhost'
feb 09, 2015 11:55:06 AM org.apache.catalina.core.ApplicationContext log
INFORMACIÓN: Manager: restart: Reloading web application '/Chat_DeaadPool'
feb 09, 2015 11:55:09 AM org.apache.catalina.core.ApplicationContext log
INFORMACIÓN: Manager: list: Listing contexts for virtual host 'localhost'
feb 09, 2015 11:55:09 AM org.apache.catalina.core.ApplicationContext log
INFORMACIÓN: Manager: restart: Reloading web application '/Chat_DeaadPool'
feb 09, 2015 11:55:42 AM org.apache.catalina.core.ApplicationContext log
INFORMACIÓN: Manager: list: Listing contexts for virtual host 'localhost'
feb 09, 2015 11:55:42 AM org.apache.catalina.core.ApplicationContext log
INFORMACIÓN: Manager: restart: Reloading web application '/Chat_DeaadPool'
feb 09, 2015 12:14:35 PM org.apache.catalina.core.ApplicationContext log
INFORMACIÓN: Manager: list: Listing contexts for virtual host 'localhost'
feb 09, 2015 12:14:35 PM org.apache.catalina.core.ApplicationContext log
INFORMACIÓN: Manager: list: Listing contexts for virtual host 'localhost'
feb 09, 2015 12:14:35 PM org.apache.catalina.core.ApplicationContext log
INFORMACIÓN: Manager: restart: Reloading web application '/Chat_DeaadPool'
feb 09, 2015 12:15:10 PM org.apache.catalina.core.ApplicationContext log
INFORMACIÓN: Manager: list: Listing contexts for virtual host 'localhost'
feb 09, 2015 12:15:10 PM org.apache.catalina.core.ApplicationContext log
INFORMACIÓN: Manager: restart: Reloading web application '/Chat_DeaadPool'
feb 09, 2015 12:18:53 PM org.apache.catalina.core.ApplicationContext log
INFORMACIÓN: Manager: list: Listing contexts for virtual host 'localhost'
feb 09, 2015 12:20:27 PM org.apache.catalina.core.ApplicationContext log
INFORMACIÓN: Manager: list: Listing contexts for virtual host 'localhost'
feb 09, 2015 12:20:27 PM org.apache.catalina.core.ApplicationContext log
INFORMACIÓN: Manager: restart: Reloading web application '/Chat_DeaadPool'
feb 09, 2015 12:20:30 PM org.apache.catalina.core.ApplicationContext log
INFORMACIÓN: Manager: list: Listing contexts for virtual host 'localhost'
feb 09, 2015 12:20:30 PM org.apache.catalina.core.ApplicationContext log
INFORMACIÓN: Manager: restart: Reloading web application '/Chat_DeaadPool'
feb 09, 2015 12:24:49 PM org.apache.catalina.core.ApplicationContext log
INFORMACIÓN: Manager: list: Listing contexts for virtual host 'localhost'
feb 09, 2015 12:24:49 PM org.apache.catalina.core.ApplicationContext log
INFORMACIÓN: Manager: restart: Reloading web application '/Chat_DeaadPool'
feb 09, 2015 12:27:53 PM org.apache.catalina.core.ApplicationContext log
INFORMACIÓN: Manager: list: Listing contexts for virtual host 'localhost'
feb 09, 2015 12:27:53 PM org.apache.catalina.core.ApplicationContext log
INFORMACIÓN: Manager: restart: Reloading web application '/Chat_DeaadPool'
feb 09, 2015 12:28:00 PM org.apache.catalina.core.ApplicationContext log
INFORMACIÓN: Manager: list: Listing contexts for virtual host 'localhost'
feb 09, 2015 12:28:00 PM org.apache.catalina.core.ApplicationContext log
INFORMACIÓN: Manager: list: Listing contexts for virtual host 'localhost'
feb 09, 2015 12:28:00 PM org.apache.catalina.core.ApplicationContext log
INFORMACIÓN: Manager: restart: Reloading web application '/Chat_DeaadPool'
feb 09, 2015 12:53:26 PM org.apache.catalina.core.ApplicationContext log
INFORMACIÓN: Manager: list: Listing contexts for virtual host 'localhost'
feb 09, 2015 12:53:26 PM org.apache.catalina.core.ApplicationContext log
INFORMACIÓN: Manager: restart: Reloading web application '/Chat_DeaadPool'
feb 09, 2015 12:53:27 PM org.apache.catalina.core.ApplicationContext log
INFORMACIÓN: Manager: list: Listing contexts for virtual host 'localhost'
feb 09, 2015 12:53:27 PM org.apache.catalina.core.ApplicationContext log
INFORMACIÓN: Manager: restart: Reloading web application '/Chat_DeaadPool'
feb 09, 2015 12:53:57 PM org.apache.catalina.core.ApplicationContext log
INFORMACIÓN: Manager: list: Listing contexts for virtual host 'localhost'
feb 09, 2015 12:53:57 PM org.apache.catalina.core.ApplicationContext log
INFORMACIÓN: Manager: restart: Reloading web application '/Chat_DeaadPool'
feb 09, 2015 12:53:58 PM org.apache.catalina.core.ApplicationContext log
INFORMACIÓN: Manager: list: Listing contexts for virtual host 'localhost'
feb 09, 2015 12:53:58 PM org.apache.catalina.core.ApplicationContext log
INFORMACIÓN: Manager: restart: Reloading web application '/Chat_DeaadPool'
feb 09, 2015 12:54:12 PM org.apache.catalina.core.ApplicationContext log
INFORMACIÓN: Manager: list: Listing contexts for virtual host 'localhost'
feb 09, 2015 12:54:20 PM org.apache.catalina.core.ApplicationContext log
INFORMACIÓN: Manager: list: Listing contexts for virtual host 'localhost'
feb 09, 2015 12:54:20 PM org.apache.catalina.core.ApplicationContext log
INFORMACIÓN: Manager: restart: Reloading web application '/Chat_DeaadPool'
feb 09, 2015 12:54:22 PM org.apache.catalina.core.ApplicationContext log
INFORMACIÓN: Manager: list: Listing contexts for virtual host 'localhost'
feb 09, 2015 12:54:22 PM org.apache.catalina.core.ApplicationContext log
INFORMACIÓN: Manager: restart: Reloading web application '/Chat_DeaadPool'
feb 09, 2015 12:59:06 PM org.apache.catalina.core.ApplicationContext log
INFORMACIÓN: Manager: list: Listing contexts for virtual host 'localhost'
feb 09, 2015 12:59:06 PM org.apache.catalina.core.ApplicationContext log
INFORMACIÓN: Manager: restart: Reloading web application '/Chat_DeaadPool'
feb 09, 2015 1:07:17 PM org.apache.catalina.core.ApplicationContext log
INFORMACIÓN: Manager: list: Listing contexts for virtual host 'localhost'
feb 09, 2015 1:07:17 PM org.apache.catalina.core.ApplicationContext log
INFORMACIÓN: Manager: restart: Reloading web application '/Chat_DeaadPool'
feb 09, 2015 1:08:28 PM org.apache.catalina.core.ApplicationContext log
INFORMACIÓN: Manager: list: Listing contexts for virtual host 'localhost'
feb 09, 2015 1:08:28 PM org.apache.catalina.core.ApplicationContext log
INFORMACIÓN: Manager: restart: Reloading web application '/Chat_DeaadPool'
feb 09, 2015 1:08:29 PM org.apache.catalina.core.ApplicationContext log
INFORMACIÓN: Manager: list: Listing contexts for virtual host 'localhost'
feb 09, 2015 1:08:29 PM org.apache.catalina.core.ApplicationContext log
INFORMACIÓN: Manager: restart: Reloading web application '/Chat_DeaadPool'
feb 09, 2015 1:11:04 PM org.apache.catalina.core.ApplicationContext log
INFORMACIÓN: Manager: list: Listing contexts for virtual host 'localhost'
feb 09, 2015 1:11:04 PM org.apache.catalina.core.ApplicationContext log
INFORMACIÓN: Manager: restart: Reloading web application '/Chat_DeaadPool'
feb 09, 2015 1:29:45 PM org.apache.catalina.core.ApplicationContext log
INFORMACIÓN: Manager: list: Listing contexts for virtual host 'localhost'
feb 09, 2015 1:29:45 PM org.apache.catalina.core.ApplicationContext log
INFORMACIÓN: Manager: restart: Reloading web application '/Chat_DeaadPool'
feb 09, 2015 1:31:30 PM org.apache.catalina.core.ApplicationContext log
INFORMACIÓN: Manager: list: Listing contexts for virtual host 'localhost'
feb 09, 2015 1:31:30 PM org.apache.catalina.core.ApplicationContext log
INFORMACIÓN: Manager: restart: Reloading web application '/Chat_DeaadPool'
feb 09, 2015 1:31:31 PM org.apache.catalina.core.ApplicationContext log
INFORMACIÓN: Manager: list: Listing contexts for virtual host 'localhost'
feb 09, 2015 1:31:31 PM org.apache.catalina.core.ApplicationContext log
INFORMACIÓN: Manager: restart: Reloading web application '/Chat_DeaadPool'
feb 09, 2015 1:32:38 PM org.apache.catalina.core.ApplicationContext log
INFORMACIÓN: Manager: list: Listing contexts for virtual host 'localhost'
feb 09, 2015 1:32:38 PM org.apache.catalina.core.ApplicationContext log
INFORMACIÓN: Manager: stop: Stopping web application '/Chat_DeaadPool'
feb 09, 2015 1:32:38 PM org.apache.catalina.core.ApplicationContext log
INFORMACIÓN: Manager: start: Starting web application '/Chat_DeaadPool'
feb 09, 2015 1:45:13 PM org.apache.catalina.core.ApplicationContext log
INFORMACIÓN: Manager: list: Listing contexts for virtual host 'localhost'
feb 09, 2015 1:45:13 PM org.apache.catalina.core.ApplicationContext log
INFORMACIÓN: Manager: restart: Reloading web application '/Chat_DeaadPool'
feb 09, 2015 1:45:14 PM org.apache.catalina.core.ApplicationContext log
INFORMACIÓN: Manager: list: Listing contexts for virtual host 'localhost'
feb 09, 2015 1:45:14 PM org.apache.catalina.core.ApplicationContext log
INFORMACIÓN: Manager: restart: Reloading web application '/Chat_DeaadPool'
feb 09, 2015 2:32:33 PM org.apache.catalina.core.ApplicationContext log
INFORMACIÓN: Manager: list: Listing contexts for virtual host 'localhost'
feb 09, 2015 2:32:33 PM org.apache.catalina.core.ApplicationContext log
INFORMACIÓN: Manager: restart: Reloading web application '/Chat_DeaadPool'
feb 09, 2015 2:33:12 PM org.apache.catalina.core.ApplicationContext log
INFORMACIÓN: Manager: list: Listing contexts for virtual host 'localhost'
feb 09, 2015 2:33:12 PM org.apache.catalina.core.ApplicationContext log
INFORMACIÓN: Manager: restart: Reloading web application '/Chat_DeaadPool'
feb 09, 2015 2:33:49 PM org.apache.catalina.core.ApplicationContext log
INFORMACIÓN: Manager: list: Listing contexts for virtual host 'localhost'
feb 09, 2015 2:33:49 PM org.apache.catalina.core.ApplicationContext log
INFORMACIÓN: Manager: restart: Reloading web application '/Chat_DeaadPool'
feb 09, 2015 2:34:24 PM org.apache.catalina.core.ApplicationContext log
INFORMACIÓN: Manager: list: Listing contexts for virtual host 'localhost'
feb 09, 2015 2:34:24 PM org.apache.catalina.core.ApplicationContext log
INFORMACIÓN: Manager: restart: Reloading web application '/Chat_DeaadPool'
feb 09, 2015 2:34:25 PM org.apache.catalina.core.ApplicationContext log
INFORMACIÓN: Manager: list: Listing contexts for virtual host 'localhost'
feb 09, 2015 2:34:25 PM org.apache.catalina.core.ApplicationContext log
INFORMACIÓN: Manager: restart: Reloading web application '/Chat_DeaadPool'
feb 09, 2015 2:35:06 PM org.apache.catalina.core.ApplicationContext log
INFORMACIÓN: Manager: list: Listing contexts for virtual host 'localhost'
feb 09, 2015 2:35:06 PM org.apache.catalina.core.ApplicationContext log
INFORMACIÓN: Manager: restart: Reloading web application '/Chat_DeaadPool'
feb 09, 2015 3:02:09 PM org.apache.catalina.core.ApplicationContext log
INFORMACIÓN: Manager: list: Listing contexts for virtual host 'localhost'
feb 09, 2015 3:02:09 PM org.apache.catalina.core.ApplicationContext log
INFORMACIÓN: Manager: restart: Reloading web application '/Chat_DeaadPool'
feb 09, 2015 3:05:11 PM org.apache.catalina.core.ApplicationContext log
INFORMACIÓN: Manager: list: Listing contexts for virtual host 'localhost'
feb 09, 2015 3:05:21 PM org.apache.catalina.core.ApplicationContext log
INFORMACIÓN: Manager: list: Listing contexts for virtual host 'localhost'
feb 09, 2015 3:05:21 PM org.apache.catalina.core.ApplicationContext log
INFORMACIÓN: Manager: list: Listing contexts for virtual host 'localhost'
feb 09, 2015 3:05:22 PM org.apache.catalina.core.ApplicationContext log
INFORMACIÓN: Manager: stop: Stopping web application '/Chat_DeaadPool'
feb 09, 2015 3:05:22 PM org.apache.catalina.core.ApplicationContext log
INFORMACIÓN: Manager: start: Starting web application '/Chat_DeaadPool'
feb 09, 2015 3:08:22 PM org.apache.catalina.core.ApplicationContext log
INFORMACIÓN: Manager: list: Listing contexts for virtual host 'localhost'
feb 09, 2015 3:08:22 PM org.apache.catalina.core.ApplicationContext log
INFORMACIÓN: Manager: stop: Stopping web application '/Chat_DeaadPool'
feb 09, 2015 3:08:22 PM org.apache.catalina.core.ApplicationContext log
INFORMACIÓN: Manager: start: Starting web application '/Chat_DeaadPool'
feb 09, 2015 3:08:50 PM org.apache.catalina.core.ApplicationContext log
INFORMACIÓN: Manager: list: Listing contexts for virtual host 'localhost'
feb 09, 2015 3:08:50 PM org.apache.catalina.core.ApplicationContext log
INFORMACIÓN: Manager: list: Listing contexts for virtual host 'localhost'
feb 09, 2015 3:08:51 PM org.apache.catalina.core.ApplicationContext log
INFORMACIÓN: Manager: stop: Stopping web application '/Chat_DeaadPool'
feb 09, 2015 3:08:51 PM org.apache.catalina.core.ApplicationContext log
INFORMACIÓN: Manager: start: Starting web application '/Chat_DeaadPool'
feb 09, 2015 3:15:04 PM org.apache.catalina.core.ApplicationContext log
INFORMACIÓN: Manager: list: Listing contexts for virtual host 'localhost'
feb 09, 2015 3:15:04 PM org.apache.catalina.core.ApplicationContext log
INFORMACIÓN: Manager: restart: Reloading web application '/Chat_DeaadPool'
feb 09, 2015 4:24:34 PM org.apache.catalina.core.ApplicationContext log
INFORMACIÓN: Manager: list: Listing contexts for virtual host 'localhost'
feb 09, 2015 4:24:34 PM org.apache.catalina.core.ApplicationContext log
INFORMACIÓN: Manager: list: Listing contexts for virtual host 'localhost'
feb 09, 2015 4:24:34 PM org.apache.catalina.core.ApplicationContext log
INFORMACIÓN: Manager: restart: Reloading web application '/Chat_DeaadPool'
feb 09, 2015 4:32:07 PM org.apache.catalina.core.ApplicationContext log
INFORMACIÓN: Manager: list: Listing contexts for virtual host 'localhost'
feb 09, 2015 4:32:07 PM org.apache.catalina.core.ApplicationContext log
INFORMACIÓN: Manager: restart: Reloading web application '/Chat_DeaadPool'
feb 09, 2015 4:32:26 PM org.apache.catalina.core.ApplicationContext log
INFORMACIÓN: Manager: list: Listing contexts for virtual host 'localhost'
feb 09, 2015 4:32:26 PM org.apache.catalina.core.ApplicationContext log
INFORMACIÓN: Manager: list: Listing contexts for virtual host 'localhost'
feb 09, 2015 4:32:27 PM org.apache.catalina.core.ApplicationContext log
INFORMACIÓN: Manager: restart: Reloading web application '/Chat_DeaadPool'
feb 09, 2015 4:43:57 PM org.apache.catalina.core.ApplicationContext log
INFORMACIÓN: Manager: list: Listing contexts for virtual host 'localhost'
feb 09, 2015 4:43:57 PM org.apache.catalina.core.ApplicationContext log
INFORMACIÓN: Manager: list: Listing contexts for virtual host 'localhost'
feb 09, 2015 4:43:57 PM org.apache.catalina.core.ApplicationContext log
INFORMACIÓN: Manager: undeploy: Undeploying web application at '/Chat_DeaadPool'
feb 09, 2015 4:43:58 PM org.apache.catalina.core.ApplicationContext log
INFORMACIÓN: Manager: install: Installing context configuration at 'file:/C:/Users/AC-MA_~1/AppData/Local/Temp/context7900393794799791200.xml'
feb 09, 2015 4:43:58 PM org.apache.catalina.core.ApplicationContext log
INFORMACIÓN: Manager: start: Starting web application '/Chat_DeaadPool'
feb 09, 2015 4:44:06 PM org.apache.catalina.core.ApplicationContext log
INFORMACIÓN: Manager: list: Listing contexts for virtual host 'localhost'
feb 09, 2015 4:44:06 PM org.apache.catalina.core.ApplicationContext log
INFORMACIÓN: Manager: list: Listing contexts for virtual host 'localhost'
feb 09, 2015 5:15:17 PM org.apache.catalina.core.ApplicationContext log
INFORMACIÓN: Manager: list: Listing contexts for virtual host 'localhost'
feb 09, 2015 5:15:17 PM org.apache.catalina.core.ApplicationContext log
INFORMACIÓN: Manager: restart: Reloading web application '/Chat_DeaadPool'
feb 09, 2015 5:28:37 PM org.apache.catalina.core.ApplicationContext log
INFORMACIÓN: Manager: init: Associated with Deployer 'Catalina:type=Deployer,host=localhost'
feb 09, 2015 5:28:37 PM org.apache.catalina.core.ApplicationContext log
INFORMACIÓN: Manager: init: Global resources are available
feb 09, 2015 5:28:37 PM org.apache.catalina.core.ApplicationContext log
INFORMACIÓN: Manager: list: Listing contexts for virtual host 'localhost'
feb 09, 2015 5:28:37 PM org.apache.catalina.core.ApplicationContext log
INFORMACIÓN: Manager: list: Listing contexts for virtual host 'localhost'
feb 09, 2015 5:28:38 PM org.apache.catalina.core.ApplicationContext log
INFORMACIÓN: Manager: restart: Reloading web application '/Chat_DeaadPool'
feb 09, 2015 5:44:17 PM org.apache.catalina.core.ApplicationContext log
INFORMACIÓN: Manager: init: Associated with Deployer 'Catalina:type=Deployer,host=localhost'
feb 09, 2015 5:44:17 PM org.apache.catalina.core.ApplicationContext log
INFORMACIÓN: Manager: init: Global resources are available
feb 09, 2015 5:44:17 PM org.apache.catalina.core.ApplicationContext log
INFORMACIÓN: Manager: list: Listing contexts for virtual host 'localhost'
feb 09, 2015 5:44:17 PM org.apache.catalina.core.ApplicationContext log
INFORMACIÓN: Manager: list: Listing contexts for virtual host 'localhost'
feb 09, 2015 5:44:18 PM org.apache.catalina.core.ApplicationContext log
INFORMACIÓN: Manager: restart: Reloading web application '/Chat_DeaadPool'
feb 09, 2015 5:54:56 PM org.apache.catalina.core.ApplicationContext log
INFORMACIÓN: Manager: init: Associated with Deployer 'Catalina:type=Deployer,host=localhost'
feb 09, 2015 5:54:56 PM org.apache.catalina.core.ApplicationContext log
INFORMACIÓN: Manager: init: Global resources are available
feb 09, 2015 5:54:56 PM org.apache.catalina.core.ApplicationContext log
INFORMACIÓN: Manager: list: Listing contexts for virtual host 'localhost'
feb 09, 2015 5:54:56 PM org.apache.catalina.core.ApplicationContext log
INFORMACIÓN: Manager: list: Listing contexts for virtual host 'localhost'
feb 09, 2015 8:16:05 PM org.apache.catalina.core.ApplicationContext log
INFORMACIÓN: Manager: init: Associated with Deployer 'Catalina:type=Deployer,host=localhost'
feb 09, 2015 8:16:05 PM org.apache.catalina.core.ApplicationContext log
INFORMACIÓN: Manager: init: Global resources are available
feb 09, 2015 8:16:05 PM org.apache.catalina.core.ApplicationContext log
INFORMACIÓN: Manager: list: Listing contexts for virtual host 'localhost'
feb 09, 2015 8:16:05 PM org.apache.catalina.core.ApplicationContext log
INFORMACIÓN: Manager: list: Listing contexts for virtual host 'localhost'
feb 09, 2015 8:16:05 PM org.apache.catalina.core.ApplicationContext log
INFORMACIÓN: Manager: restart: Reloading web application '/Chat_DeaadPool'
feb 09, 2015 8:16:31 PM org.apache.catalina.core.ApplicationContext log
INFORMACIÓN: Manager: list: Listing contexts for virtual host 'localhost'
feb 09, 2015 8:16:31 PM org.apache.catalina.core.ApplicationContext log
INFORMACIÓN: Manager: list: Listing contexts for virtual host 'localhost'
feb 09, 2015 8:29:14 PM org.apache.catalina.core.ApplicationContext log
INFORMACIÓN: Manager: list: Listing contexts for virtual host 'localhost'
feb 09, 2015 8:29:14 PM org.apache.catalina.core.ApplicationContext log
INFORMACIÓN: Manager: restart: Reloading web application '/Chat_DeaadPool'
feb 09, 2015 8:32:51 PM org.apache.catalina.core.ApplicationContext log
INFORMACIÓN: Manager: list: Listing contexts for virtual host 'localhost'
feb 09, 2015 8:32:51 PM org.apache.catalina.core.ApplicationContext log
INFORMACIÓN: Manager: restart: Reloading web application '/Chat_DeaadPool'
feb 09, 2015 8:33:03 PM org.apache.catalina.core.ApplicationContext log
INFORMACIÓN: Manager: list: Listing contexts for virtual host 'localhost'
feb 09, 2015 8:33:03 PM org.apache.catalina.core.ApplicationContext log
INFORMACIÓN: Manager: list: Listing contexts for virtual host 'localhost'
feb 09, 2015 8:33:03 PM org.apache.catalina.core.ApplicationContext log
INFORMACIÓN: Manager: restart: Reloading web application '/Chat_DeaadPool'
feb 09, 2015 8:49:14 PM org.apache.catalina.core.ApplicationContext log
INFORMACIÓN: Manager: init: Associated with Deployer 'Catalina:type=Deployer,host=localhost'
feb 09, 2015 8:49:14 PM org.apache.catalina.core.ApplicationContext log
INFORMACIÓN: Manager: init: Global resources are available
feb 09, 2015 8:49:14 PM org.apache.catalina.core.ApplicationContext log
INFORMACIÓN: Manager: list: Listing contexts for virtual host 'localhost'
feb 09, 2015 8:49:14 PM org.apache.catalina.core.ApplicationContext log
INFORMACIÓN: Manager: list: Listing contexts for virtual host 'localhost'
feb 09, 2015 9:07:33 PM org.apache.catalina.core.ApplicationContext log
INFORMACIÓN: Manager: init: Associated with Deployer 'Catalina:type=Deployer,host=localhost'
feb 09, 2015 9:07:33 PM org.apache.catalina.core.ApplicationContext log
INFORMACIÓN: Manager: init: Global resources are available
feb 09, 2015 9:07:33 PM org.apache.catalina.core.ApplicationContext log
INFORMACIÓN: Manager: list: Listing contexts for virtual host 'localhost'
feb 09, 2015 9:07:33 PM org.apache.catalina.core.ApplicationContext log
INFORMACIÓN: Manager: list: Listing contexts for virtual host 'localhost'
