mar 27, 2015 5:22:10 AM org.apache.catalina.core.ApplicationContext log
INFORMACIÓN: Manager: list: Listing contexts for virtual host 'localhost'
mar 27, 2015 5:23:40 AM org.apache.catalina.core.ApplicationContext log
INFORMACIÓN: Manager: list: Listing contexts for virtual host 'localhost'
mar 27, 2015 5:24:11 AM org.apache.catalina.core.ApplicationContext log
INFORMACIÓN: Manager: list: Listing contexts for virtual host 'localhost'
mar 27, 2015 5:24:11 AM org.apache.catalina.core.ApplicationContext log
INFORMACIÓN: Manager: list: Listing contexts for virtual host 'localhost'
mar 27, 2015 5:34:03 AM org.apache.catalina.core.ApplicationContext log
INFORMACIÓN: Manager: list: Listing contexts for virtual host 'localhost'
mar 27, 2015 5:36:18 AM org.apache.catalina.core.ApplicationContext log
INFORMACIÓN: Manager: list: Listing contexts for virtual host 'localhost'
mar 27, 2015 5:39:20 AM org.apache.catalina.core.ApplicationContext log
INFORMACIÓN: Manager: list: Listing contexts for virtual host 'localhost'
mar 27, 2015 5:42:26 AM org.apache.catalina.core.ApplicationContext log
INFORMACIÓN: Manager: list: Listing contexts for virtual host 'localhost'
mar 27, 2015 5:42:27 AM org.apache.catalina.core.ApplicationContext log
INFORMACIÓN: Manager: stop: Stopping web application '/PhoneBook'
mar 27, 2015 5:42:27 AM org.apache.catalina.core.ApplicationContext log
INFORMACIÓN: Manager: start: Starting web application '/PhoneBook'
mar 27, 2015 5:42:28 AM org.apache.catalina.core.ApplicationContext log
INFORMACIÓN: Manager: list: Listing contexts for virtual host 'localhost'
mar 27, 2015 5:42:28 AM org.apache.catalina.core.ApplicationContext log
INFORMACIÓN: Manager: restart: Reloading web application '/PhoneBook'
mar 27, 2015 5:42:32 AM org.apache.catalina.core.ApplicationContext log
INFORMACIÓN: Manager: list: Listing contexts for virtual host 'localhost'
mar 27, 2015 5:42:32 AM org.apache.catalina.core.ApplicationContext log
INFORMACIÓN: Manager: restart: Reloading web application '/PhoneBook'
mar 27, 2015 5:42:39 AM org.apache.catalina.core.ApplicationContext log
INFORMACIÓN: Manager: list: Listing contexts for virtual host 'localhost'
mar 27, 2015 5:42:46 AM org.apache.catalina.core.ApplicationContext log
INFORMACIÓN: Manager: list: Listing contexts for virtual host 'localhost'
mar 27, 2015 5:42:46 AM org.apache.catalina.core.ApplicationContext log
INFORMACIÓN: Manager: list: Listing contexts for virtual host 'localhost'
mar 27, 2015 5:42:46 AM org.apache.catalina.core.ApplicationContext log
INFORMACIÓN: Manager: stop: Stopping web application '/PhoneBook'
mar 27, 2015 5:42:46 AM org.apache.catalina.core.ApplicationContext log
INFORMACIÓN: Manager: start: Starting web application '/PhoneBook'
mar 27, 2015 5:43:53 AM org.apache.catalina.core.ApplicationContext log
INFORMACIÓN: Manager: list: Listing contexts for virtual host 'localhost'
mar 27, 2015 5:47:14 AM org.apache.catalina.core.ApplicationContext log
INFORMACIÓN: Manager: list: Listing contexts for virtual host 'localhost'
mar 27, 2015 5:47:14 AM org.apache.catalina.core.ApplicationContext log
INFORMACIÓN: Manager: restart: Reloading web application '/PhoneBook'
mar 27, 2015 5:47:17 AM org.apache.catalina.core.ApplicationContext log
INFORMACIÓN: Manager: list: Listing contexts for virtual host 'localhost'
mar 27, 2015 5:47:17 AM org.apache.catalina.core.ApplicationContext log
INFORMACIÓN: Manager: restart: Reloading web application '/PhoneBook'
mar 27, 2015 5:47:25 AM org.apache.catalina.core.ApplicationContext log
INFORMACIÓN: Manager: list: Listing contexts for virtual host 'localhost'
mar 27, 2015 5:47:25 AM org.apache.catalina.core.ApplicationContext log
INFORMACIÓN: Manager: restart: Reloading web application '/PhoneBook'
mar 27, 2015 5:47:31 AM org.apache.catalina.core.ApplicationContext log
INFORMACIÓN: Manager: list: Listing contexts for virtual host 'localhost'
mar 27, 2015 5:47:31 AM org.apache.catalina.core.ApplicationContext log
INFORMACIÓN: Manager: restart: Reloading web application '/PhoneBook'
mar 27, 2015 5:47:33 AM org.apache.catalina.core.ApplicationContext log
INFORMACIÓN: Manager: list: Listing contexts for virtual host 'localhost'
mar 27, 2015 5:47:34 AM org.apache.catalina.core.ApplicationContext log
INFORMACIÓN: Manager: list: Listing contexts for virtual host 'localhost'
mar 27, 2015 5:47:35 AM org.apache.catalina.core.ApplicationContext log
INFORMACIÓN: Manager: list: Listing contexts for virtual host 'localhost'
mar 27, 2015 5:47:35 AM org.apache.catalina.core.ApplicationContext log
INFORMACIÓN: Manager: restart: Reloading web application '/PhoneBook'
mar 27, 2015 5:48:35 AM org.apache.catalina.core.ApplicationContext log
INFORMACIÓN: Manager: list: Listing contexts for virtual host 'localhost'
mar 27, 2015 5:48:36 AM org.apache.catalina.core.ApplicationContext log
INFORMACIÓN: Manager: restart: Reloading web application '/PhoneBook'
mar 27, 2015 5:57:47 AM org.apache.catalina.core.ApplicationContext log
INFORMACIÓN: Manager: list: Listing contexts for virtual host 'localhost'
mar 27, 2015 5:57:47 AM org.apache.catalina.core.ApplicationContext log
INFORMACIÓN: Manager: restart: Reloading web application '/PhoneBook'
mar 27, 2015 5:58:17 AM org.apache.catalina.core.ApplicationContext log
INFORMACIÓN: Manager: list: Listing contexts for virtual host 'localhost'
mar 27, 2015 5:58:17 AM org.apache.catalina.core.ApplicationContext log
INFORMACIÓN: Manager: list: Listing contexts for virtual host 'localhost'
mar 27, 2015 5:58:17 AM org.apache.catalina.core.ApplicationContext log
INFORMACIÓN: Manager: undeploy: Undeploying web application at '/PhoneBook'
mar 27, 2015 5:58:18 AM org.apache.catalina.core.ApplicationContext log
INFORMACIÓN: Manager: install: Installing context configuration at 'file:/C:/Users/AC-MA_~1/AppData/Local/Temp/context2621126907533572680.xml'
mar 27, 2015 5:58:18 AM org.apache.catalina.core.ApplicationContext log
INFORMACIÓN: Manager: start: Starting web application '/PhoneBook'
mar 27, 2015 5:59:00 AM org.apache.catalina.core.ApplicationContext log
INFORMACIÓN: Manager: list: Listing contexts for virtual host 'localhost'
mar 27, 2015 5:59:00 AM org.apache.catalina.core.ApplicationContext log
INFORMACIÓN: Manager: list: Listing contexts for virtual host 'localhost'
mar 27, 2015 6:01:21 AM org.apache.catalina.core.ApplicationContext log
INFORMACIÓN: Manager: list: Listing contexts for virtual host 'localhost'
mar 27, 2015 6:01:21 AM org.apache.catalina.core.ApplicationContext log
INFORMACIÓN: Manager: restart: Reloading web application '/PhoneBook'
mar 27, 2015 6:05:30 AM org.apache.catalina.core.ApplicationContext log
INFORMACIÓN: Manager: list: Listing contexts for virtual host 'localhost'
mar 27, 2015 6:05:30 AM org.apache.catalina.core.ApplicationContext log
INFORMACIÓN: Manager: restart: Reloading web application '/PhoneBook'
mar 27, 2015 6:08:35 AM org.apache.catalina.core.ApplicationContext log
INFORMACIÓN: Manager: list: Listing contexts for virtual host 'localhost'
mar 27, 2015 6:08:35 AM org.apache.catalina.core.ApplicationContext log
INFORMACIÓN: Manager: restart: Reloading web application '/PhoneBook'
mar 27, 2015 6:10:56 AM org.apache.catalina.core.ApplicationContext log
INFORMACIÓN: Manager: list: Listing contexts for virtual host 'localhost'
mar 27, 2015 6:10:56 AM org.apache.catalina.core.ApplicationContext log
INFORMACIÓN: Manager: restart: Reloading web application '/PhoneBook'
mar 27, 2015 6:10:58 AM org.apache.catalina.core.ApplicationContext log
INFORMACIÓN: Manager: list: Listing contexts for virtual host 'localhost'
mar 27, 2015 6:10:58 AM org.apache.catalina.core.ApplicationContext log
INFORMACIÓN: Manager: restart: Reloading web application '/PhoneBook'
mar 27, 2015 6:11:58 AM org.apache.catalina.core.ApplicationContext log
INFORMACIÓN: Manager: list: Listing contexts for virtual host 'localhost'
mar 27, 2015 6:12:19 AM org.apache.catalina.core.ApplicationContext log
INFORMACIÓN: Manager: list: Listing contexts for virtual host 'localhost'
mar 27, 2015 6:12:19 AM org.apache.catalina.core.ApplicationContext log
INFORMACIÓN: Manager: restart: Reloading web application '/PhoneBook'
mar 27, 2015 6:13:13 AM org.apache.catalina.core.ApplicationContext log
INFORMACIÓN: Manager: list: Listing contexts for virtual host 'localhost'
mar 27, 2015 6:14:01 AM org.apache.catalina.core.ApplicationContext log
INFORMACIÓN: Manager: list: Listing contexts for virtual host 'localhost'
mar 27, 2015 6:14:01 AM org.apache.catalina.core.ApplicationContext log
INFORMACIÓN: Manager: restart: Reloading web application '/PhoneBook'
mar 27, 2015 6:14:17 AM org.apache.catalina.core.ApplicationContext log
INFORMACIÓN: Manager: list: Listing contexts for virtual host 'localhost'
mar 27, 2015 6:14:17 AM org.apache.catalina.core.ApplicationContext log
INFORMACIÓN: Manager: list: Listing contexts for virtual host 'localhost'
mar 27, 2015 6:14:18 AM org.apache.catalina.core.ApplicationContext log
INFORMACIÓN: Manager: restart: Reloading web application '/PhoneBook'
mar 27, 2015 6:16:24 AM org.apache.catalina.core.ApplicationContext log
INFORMACIÓN: Manager: list: Listing contexts for virtual host 'localhost'
mar 27, 2015 6:16:24 AM org.apache.catalina.core.ApplicationContext log
INFORMACIÓN: Manager: restart: Reloading web application '/PhoneBook'
mar 27, 2015 6:16:48 AM org.apache.catalina.core.ApplicationContext log
INFORMACIÓN: Manager: list: Listing contexts for virtual host 'localhost'
mar 27, 2015 6:16:48 AM org.apache.catalina.core.ApplicationContext log
INFORMACIÓN: Manager: restart: Reloading web application '/PhoneBook'
mar 27, 2015 6:17:09 AM org.apache.catalina.core.ApplicationContext log
INFORMACIÓN: Manager: list: Listing contexts for virtual host 'localhost'
mar 27, 2015 6:17:09 AM org.apache.catalina.core.ApplicationContext log
INFORMACIÓN: Manager: restart: Reloading web application '/PhoneBook'
mar 27, 2015 6:17:41 AM org.apache.catalina.core.ApplicationContext log
INFORMACIÓN: Manager: list: Listing contexts for virtual host 'localhost'
mar 27, 2015 6:17:41 AM org.apache.catalina.core.ApplicationContext log
INFORMACIÓN: Manager: restart: Reloading web application '/PhoneBook'
mar 27, 2015 6:18:23 AM org.apache.catalina.core.ApplicationContext log
INFORMACIÓN: Manager: list: Listing contexts for virtual host 'localhost'
mar 27, 2015 6:18:23 AM org.apache.catalina.core.ApplicationContext log
INFORMACIÓN: Manager: restart: Reloading web application '/PhoneBook'
mar 27, 2015 6:18:40 AM org.apache.catalina.core.ApplicationContext log
INFORMACIÓN: Manager: list: Listing contexts for virtual host 'localhost'
mar 27, 2015 6:18:40 AM org.apache.catalina.core.ApplicationContext log
INFORMACIÓN: Manager: restart: Reloading web application '/PhoneBook'
mar 27, 2015 6:19:03 AM org.apache.catalina.core.ApplicationContext log
INFORMACIÓN: Manager: list: Listing contexts for virtual host 'localhost'
mar 27, 2015 6:19:03 AM org.apache.catalina.core.ApplicationContext log
INFORMACIÓN: Manager: restart: Reloading web application '/PhoneBook'
mar 27, 2015 6:19:12 AM org.apache.catalina.core.ApplicationContext log
INFORMACIÓN: Manager: list: Listing contexts for virtual host 'localhost'
mar 27, 2015 6:19:12 AM org.apache.catalina.core.ApplicationContext log
INFORMACIÓN: Manager: restart: Reloading web application '/PhoneBook'
mar 27, 2015 6:19:34 AM org.apache.catalina.core.ApplicationContext log
INFORMACIÓN: Manager: list: Listing contexts for virtual host 'localhost'
mar 27, 2015 6:19:34 AM org.apache.catalina.core.ApplicationContext log
INFORMACIÓN: Manager: restart: Reloading web application '/PhoneBook'
mar 27, 2015 6:20:12 AM org.apache.catalina.core.ApplicationContext log
INFORMACIÓN: Manager: list: Listing contexts for virtual host 'localhost'
mar 27, 2015 6:20:12 AM org.apache.catalina.core.ApplicationContext log
INFORMACIÓN: Manager: list: Listing contexts for virtual host 'localhost'
mar 27, 2015 6:20:12 AM org.apache.catalina.core.ApplicationContext log
INFORMACIÓN: Manager: restart: Reloading web application '/PhoneBook'
mar 27, 2015 6:23:13 AM org.apache.catalina.core.ApplicationContext log
INFORMACIÓN: Manager: list: Listing contexts for virtual host 'localhost'
mar 27, 2015 6:23:13 AM org.apache.catalina.core.ApplicationContext log
INFORMACIÓN: Manager: list: Listing contexts for virtual host 'localhost'
mar 27, 2015 6:23:14 AM org.apache.catalina.core.ApplicationContext log
INFORMACIÓN: Manager: restart: Reloading web application '/PhoneBook'
mar 27, 2015 6:27:46 AM org.apache.catalina.core.ApplicationContext log
INFORMACIÓN: Manager: list: Listing contexts for virtual host 'localhost'
mar 27, 2015 6:27:46 AM org.apache.catalina.core.ApplicationContext log
INFORMACIÓN: Manager: restart: Reloading web application '/PhoneBook'
mar 27, 2015 6:29:47 AM org.apache.catalina.core.ApplicationContext log
INFORMACIÓN: Manager: list: Listing contexts for virtual host 'localhost'
mar 27, 2015 6:29:50 AM org.apache.catalina.core.ApplicationContext log
INFORMACIÓN: Manager: list: Listing contexts for virtual host 'localhost'
mar 27, 2015 6:29:50 AM org.apache.catalina.core.ApplicationContext log
INFORMACIÓN: Manager: restart: Reloading web application '/PhoneBook'
mar 27, 2015 6:29:57 AM org.apache.catalina.core.ApplicationContext log
INFORMACIÓN: Manager: list: Listing contexts for virtual host 'localhost'
mar 27, 2015 6:29:57 AM org.apache.catalina.core.ApplicationContext log
INFORMACIÓN: Manager: restart: Reloading web application '/PhoneBook'
mar 27, 2015 6:32:17 AM org.apache.catalina.core.ApplicationContext log
INFORMACIÓN: Manager: list: Listing contexts for virtual host 'localhost'
mar 27, 2015 6:32:17 AM org.apache.catalina.core.ApplicationContext log
INFORMACIÓN: Manager: restart: Reloading web application '/PhoneBook'
mar 27, 2015 6:32:19 AM org.apache.catalina.core.ApplicationContext log
INFORMACIÓN: Manager: list: Listing contexts for virtual host 'localhost'
mar 27, 2015 6:32:19 AM org.apache.catalina.core.ApplicationContext log
INFORMACIÓN: Manager: restart: Reloading web application '/PhoneBook'
mar 27, 2015 6:32:25 AM org.apache.catalina.core.ApplicationContext log
INFORMACIÓN: Manager: list: Listing contexts for virtual host 'localhost'
mar 27, 2015 6:32:25 AM org.apache.catalina.core.ApplicationContext log
INFORMACIÓN: Manager: restart: Reloading web application '/PhoneBook'
mar 27, 2015 6:35:48 AM org.apache.catalina.core.ApplicationContext log
INFORMACIÓN: Manager: list: Listing contexts for virtual host 'localhost'
mar 27, 2015 6:35:49 AM org.apache.catalina.core.ApplicationContext log
INFORMACIÓN: Manager: restart: Reloading web application '/PhoneBook'
mar 27, 2015 6:35:50 AM org.apache.catalina.core.ApplicationContext log
INFORMACIÓN: Manager: list: Listing contexts for virtual host 'localhost'
mar 27, 2015 6:35:50 AM org.apache.catalina.core.ApplicationContext log
INFORMACIÓN: Manager: restart: Reloading web application '/PhoneBook'
mar 27, 2015 6:38:14 AM org.apache.catalina.core.ApplicationContext log
INFORMACIÓN: Manager: list: Listing contexts for virtual host 'localhost'
mar 27, 2015 6:38:14 AM org.apache.catalina.core.ApplicationContext log
INFORMACIÓN: Manager: restart: Reloading web application '/PhoneBook'
mar 27, 2015 6:40:10 AM org.apache.catalina.core.ApplicationContext log
INFORMACIÓN: Manager: list: Listing contexts for virtual host 'localhost'
mar 27, 2015 6:40:38 AM org.apache.catalina.core.ApplicationContext log
INFORMACIÓN: Manager: list: Listing contexts for virtual host 'localhost'
mar 27, 2015 6:40:59 AM org.apache.catalina.core.ApplicationContext log
INFORMACIÓN: Manager: list: Listing contexts for virtual host 'localhost'
mar 27, 2015 6:40:59 AM org.apache.catalina.core.ApplicationContext log
INFORMACIÓN: Manager: list: Listing contexts for virtual host 'localhost'
mar 27, 2015 6:40:59 AM org.apache.catalina.core.ApplicationContext log
INFORMACIÓN: Manager: restart: Reloading web application '/PhoneBook'
mar 27, 2015 6:41:51 AM org.apache.catalina.core.ApplicationContext log
INFORMACIÓN: Manager: list: Listing contexts for virtual host 'localhost'
mar 27, 2015 6:41:52 AM org.apache.catalina.core.ApplicationContext log
INFORMACIÓN: Manager: list: Listing contexts for virtual host 'localhost'
mar 27, 2015 6:42:55 AM org.apache.catalina.core.ApplicationContext log
INFORMACIÓN: Manager: list: Listing contexts for virtual host 'localhost'
mar 27, 2015 6:42:55 AM org.apache.catalina.core.ApplicationContext log
INFORMACIÓN: Manager: stop: Stopping web application '/PhoneBook'
mar 27, 2015 6:42:55 AM org.apache.catalina.core.ApplicationContext log
INFORMACIÓN: Manager: start: Starting web application '/PhoneBook'
mar 27, 2015 6:42:57 AM org.apache.catalina.core.ApplicationContext log
INFORMACIÓN: Manager: list: Listing contexts for virtual host 'localhost'
mar 27, 2015 6:42:57 AM org.apache.catalina.core.ApplicationContext log
INFORMACIÓN: Manager: restart: Reloading web application '/PhoneBook'
mar 27, 2015 6:47:39 AM org.apache.catalina.core.ApplicationContext log
INFORMACIÓN: Manager: list: Listing contexts for virtual host 'localhost'
mar 27, 2015 6:47:39 AM org.apache.catalina.core.ApplicationContext log
INFORMACIÓN: Manager: restart: Reloading web application '/PhoneBook'
mar 27, 2015 6:48:22 AM org.apache.catalina.core.ApplicationContext log
INFORMACIÓN: Manager: list: Listing contexts for virtual host 'localhost'
mar 27, 2015 6:48:22 AM org.apache.catalina.core.ApplicationContext log
INFORMACIÓN: Manager: restart: Reloading web application '/PhoneBook'
mar 27, 2015 6:48:41 AM org.apache.catalina.core.ApplicationContext log
INFORMACIÓN: Manager: list: Listing contexts for virtual host 'localhost'
mar 27, 2015 6:48:41 AM org.apache.catalina.core.ApplicationContext log
INFORMACIÓN: Manager: restart: Reloading web application '/PhoneBook'
mar 27, 2015 6:48:43 AM org.apache.catalina.core.ApplicationContext log
INFORMACIÓN: Manager: list: Listing contexts for virtual host 'localhost'
mar 27, 2015 6:48:43 AM org.apache.catalina.core.ApplicationContext log
INFORMACIÓN: Manager: restart: Reloading web application '/PhoneBook'
mar 27, 2015 6:48:50 AM org.apache.catalina.core.ApplicationContext log
INFORMACIÓN: Manager: list: Listing contexts for virtual host 'localhost'
mar 27, 2015 6:48:50 AM org.apache.catalina.core.ApplicationContext log
INFORMACIÓN: Manager: list: Listing contexts for virtual host 'localhost'
mar 27, 2015 6:48:50 AM org.apache.catalina.core.ApplicationContext log
INFORMACIÓN: Manager: stop: Stopping web application '/PhoneBook'
mar 27, 2015 6:48:50 AM org.apache.catalina.core.ApplicationContext log
INFORMACIÓN: Manager: start: Starting web application '/PhoneBook'
mar 27, 2015 6:52:51 AM org.apache.catalina.core.ApplicationContext log
INFORMACIÓN: Manager: list: Listing contexts for virtual host 'localhost'
mar 27, 2015 6:53:12 AM org.apache.catalina.core.ApplicationContext log
INFORMACIÓN: Manager: list: Listing contexts for virtual host 'localhost'
mar 27, 2015 6:53:54 AM org.apache.catalina.core.ApplicationContext log
INFORMACIÓN: Manager: list: Listing contexts for virtual host 'localhost'
mar 27, 2015 6:53:54 AM org.apache.catalina.core.ApplicationContext log
INFORMACIÓN: Manager: restart: Reloading web application '/PhoneBook'
mar 27, 2015 6:55:36 AM org.apache.catalina.core.ApplicationContext log
INFORMACIÓN: Manager: list: Listing contexts for virtual host 'localhost'
mar 27, 2015 6:55:36 AM org.apache.catalina.core.ApplicationContext log
INFORMACIÓN: Manager: restart: Reloading web application '/PhoneBook'
mar 27, 2015 6:55:38 AM org.apache.catalina.core.ApplicationContext log
INFORMACIÓN: Manager: list: Listing contexts for virtual host 'localhost'
mar 27, 2015 6:55:38 AM org.apache.catalina.core.ApplicationContext log
INFORMACIÓN: Manager: restart: Reloading web application '/PhoneBook'
mar 27, 2015 6:56:21 AM org.apache.catalina.core.ApplicationContext log
INFORMACIÓN: Manager: list: Listing contexts for virtual host 'localhost'
mar 27, 2015 6:56:21 AM org.apache.catalina.core.ApplicationContext log
INFORMACIÓN: Manager: restart: Reloading web application '/PhoneBook'
mar 27, 2015 6:56:30 AM org.apache.catalina.core.ApplicationContext log
INFORMACIÓN: Manager: list: Listing contexts for virtual host 'localhost'
mar 27, 2015 6:56:30 AM org.apache.catalina.core.ApplicationContext log
INFORMACIÓN: Manager: restart: Reloading web application '/PhoneBook'
mar 27, 2015 6:57:29 AM org.apache.catalina.core.ApplicationContext log
INFORMACIÓN: Manager: list: Listing contexts for virtual host 'localhost'
mar 27, 2015 6:57:29 AM org.apache.catalina.core.ApplicationContext log
INFORMACIÓN: Manager: restart: Reloading web application '/PhoneBook'
mar 27, 2015 6:58:29 AM org.apache.catalina.core.ApplicationContext log
INFORMACIÓN: Manager: list: Listing contexts for virtual host 'localhost'
mar 27, 2015 6:58:29 AM org.apache.catalina.core.ApplicationContext log
INFORMACIÓN: Manager: restart: Reloading web application '/PhoneBook'
mar 27, 2015 6:58:30 AM org.apache.catalina.core.ApplicationContext log
INFORMACIÓN: Manager: list: Listing contexts for virtual host 'localhost'
mar 27, 2015 6:58:30 AM org.apache.catalina.core.ApplicationContext log
INFORMACIÓN: Manager: restart: Reloading web application '/PhoneBook'
mar 27, 2015 7:01:01 AM org.apache.catalina.core.ApplicationContext log
INFORMACIÓN: Manager: list: Listing contexts for virtual host 'localhost'
mar 27, 2015 7:01:01 AM org.apache.catalina.core.ApplicationContext log
INFORMACIÓN: Manager: restart: Reloading web application '/PhoneBook'
mar 27, 2015 7:01:19 AM org.apache.catalina.core.ApplicationContext log
INFORMACIÓN: Manager: list: Listing contexts for virtual host 'localhost'
mar 27, 2015 7:01:19 AM org.apache.catalina.core.ApplicationContext log
INFORMACIÓN: Manager: restart: Reloading web application '/PhoneBook'
mar 27, 2015 7:01:41 AM org.apache.catalina.core.ApplicationContext log
INFORMACIÓN: Manager: list: Listing contexts for virtual host 'localhost'
mar 27, 2015 7:01:41 AM org.apache.catalina.core.ApplicationContext log
INFORMACIÓN: Manager: restart: Reloading web application '/PhoneBook'
mar 27, 2015 7:02:03 AM org.apache.catalina.core.ApplicationContext log
INFORMACIÓN: Manager: list: Listing contexts for virtual host 'localhost'
mar 27, 2015 7:02:03 AM org.apache.catalina.core.ApplicationContext log
INFORMACIÓN: Manager: list: Listing contexts for virtual host 'localhost'
mar 27, 2015 7:02:03 AM org.apache.catalina.core.ApplicationContext log
INFORMACIÓN: Manager: restart: Reloading web application '/PhoneBook'
mar 27, 2015 7:06:56 AM org.apache.catalina.core.ApplicationContext log
INFORMACIÓN: Manager: list: Listing contexts for virtual host 'localhost'
mar 27, 2015 7:06:56 AM org.apache.catalina.core.ApplicationContext log
INFORMACIÓN: Manager: list: Listing contexts for virtual host 'localhost'
mar 27, 2015 7:10:18 AM org.apache.catalina.core.ApplicationContext log
INFORMACIÓN: Manager: list: Listing contexts for virtual host 'localhost'
mar 27, 2015 7:19:09 AM org.apache.catalina.core.ApplicationContext log
INFORMACIÓN: Manager: list: Listing contexts for virtual host 'localhost'
mar 27, 2015 7:19:09 AM org.apache.catalina.core.ApplicationContext log
INFORMACIÓN: Manager: restart: Reloading web application '/PhoneBook'
mar 27, 2015 7:19:12 AM org.apache.catalina.core.ApplicationContext log
INFORMACIÓN: Manager: list: Listing contexts for virtual host 'localhost'
mar 27, 2015 7:19:12 AM org.apache.catalina.core.ApplicationContext log
INFORMACIÓN: Manager: restart: Reloading web application '/PhoneBook'
mar 27, 2015 7:20:01 AM org.apache.catalina.core.ApplicationContext log
INFORMACIÓN: Manager: list: Listing contexts for virtual host 'localhost'
mar 27, 2015 7:24:30 AM org.apache.catalina.core.ApplicationContext log
INFORMACIÓN: Manager: list: Listing contexts for virtual host 'localhost'
mar 27, 2015 7:24:42 AM org.apache.catalina.core.ApplicationContext log
INFORMACIÓN: Manager: list: Listing contexts for virtual host 'localhost'
mar 27, 2015 7:26:01 AM org.apache.catalina.core.ApplicationContext log
INFORMACIÓN: Manager: list: Listing contexts for virtual host 'localhost'
mar 27, 2015 7:28:20 AM org.apache.catalina.core.ApplicationContext log
INFORMACIÓN: Manager: list: Listing contexts for virtual host 'localhost'
mar 27, 2015 7:30:54 AM org.apache.catalina.core.ApplicationContext log
INFORMACIÓN: Manager: list: Listing contexts for virtual host 'localhost'
mar 27, 2015 7:34:49 AM org.apache.catalina.core.ApplicationContext log
INFORMACIÓN: Manager: list: Listing contexts for virtual host 'localhost'
mar 27, 2015 7:40:46 AM org.apache.catalina.core.ApplicationContext log
INFORMACIÓN: Manager: list: Listing contexts for virtual host 'localhost'
mar 27, 2015 7:44:08 AM org.apache.catalina.core.ApplicationContext log
INFORMACIÓN: Manager: list: Listing contexts for virtual host 'localhost'
mar 27, 2015 7:44:47 AM org.apache.catalina.core.ApplicationContext log
INFORMACIÓN: Manager: list: Listing contexts for virtual host 'localhost'
mar 27, 2015 7:45:11 AM org.apache.catalina.core.ApplicationContext log
INFORMACIÓN: Manager: list: Listing contexts for virtual host 'localhost'
mar 27, 2015 7:45:11 AM org.apache.catalina.core.ApplicationContext log
INFORMACIÓN: Manager: list: Listing contexts for virtual host 'localhost'
mar 27, 2015 7:45:11 AM org.apache.catalina.core.ApplicationContext log
INFORMACIÓN: Manager: restart: Reloading web application '/PhoneBook'
mar 27, 2015 7:50:24 AM org.apache.catalina.core.ApplicationContext log
INFORMACIÓN: Manager: list: Listing contexts for virtual host 'localhost'
mar 27, 2015 7:50:24 AM org.apache.catalina.core.ApplicationContext log
INFORMACIÓN: Manager: list: Listing contexts for virtual host 'localhost'
mar 27, 2015 7:52:48 AM org.apache.catalina.core.ApplicationContext log
INFORMACIÓN: Manager: list: Listing contexts for virtual host 'localhost'
mar 27, 2015 7:53:47 AM org.apache.catalina.core.ApplicationContext log
INFORMACIÓN: Manager: list: Listing contexts for virtual host 'localhost'
mar 27, 2015 7:54:28 AM org.apache.catalina.core.ApplicationContext log
INFORMACIÓN: Manager: list: Listing contexts for virtual host 'localhost'
mar 27, 2015 8:01:51 AM org.apache.catalina.core.ApplicationContext log
INFORMACIÓN: Manager: list: Listing contexts for virtual host 'localhost'
mar 27, 2015 8:01:51 AM org.apache.catalina.core.ApplicationContext log
INFORMACIÓN: Manager: restart: Reloading web application '/PhoneBook'
mar 27, 2015 8:05:03 AM org.apache.catalina.core.ApplicationContext log
INFORMACIÓN: Manager: list: Listing contexts for virtual host 'localhost'
mar 27, 2015 8:05:03 AM org.apache.catalina.core.ApplicationContext log
INFORMACIÓN: Manager: restart: Reloading web application '/PhoneBook'
mar 27, 2015 8:05:05 AM org.apache.catalina.core.ApplicationContext log
INFORMACIÓN: Manager: list: Listing contexts for virtual host 'localhost'
mar 27, 2015 8:05:05 AM org.apache.catalina.core.ApplicationContext log
INFORMACIÓN: Manager: restart: Reloading web application '/PhoneBook'
mar 27, 2015 8:05:47 AM org.apache.catalina.core.ApplicationContext log
INFORMACIÓN: Manager: list: Listing contexts for virtual host 'localhost'
mar 27, 2015 8:05:47 AM org.apache.catalina.core.ApplicationContext log
INFORMACIÓN: Manager: restart: Reloading web application '/PhoneBook'
mar 27, 2015 8:05:48 AM org.apache.catalina.core.ApplicationContext log
INFORMACIÓN: Manager: list: Listing contexts for virtual host 'localhost'
mar 27, 2015 8:05:49 AM org.apache.catalina.core.ApplicationContext log
INFORMACIÓN: Manager: restart: Reloading web application '/PhoneBook'
mar 27, 2015 8:06:10 AM org.apache.catalina.core.ApplicationContext log
INFORMACIÓN: Manager: list: Listing contexts for virtual host 'localhost'
mar 27, 2015 8:06:10 AM org.apache.catalina.core.ApplicationContext log
INFORMACIÓN: Manager: list: Listing contexts for virtual host 'localhost'
mar 27, 2015 8:06:10 AM org.apache.catalina.core.ApplicationContext log
INFORMACIÓN: Manager: restart: Reloading web application '/PhoneBook'
mar 27, 2015 8:08:46 AM org.apache.catalina.core.ApplicationContext log
INFORMACIÓN: Manager: list: Listing contexts for virtual host 'localhost'
mar 27, 2015 8:08:46 AM org.apache.catalina.core.ApplicationContext log
INFORMACIÓN: Manager: restart: Reloading web application '/PhoneBook'
mar 27, 2015 8:09:37 AM org.apache.catalina.core.ApplicationContext log
INFORMACIÓN: Manager: list: Listing contexts for virtual host 'localhost'
mar 27, 2015 8:10:41 AM org.apache.catalina.core.ApplicationContext log
INFORMACIÓN: Manager: list: Listing contexts for virtual host 'localhost'
mar 27, 2015 8:10:42 AM org.apache.catalina.core.ApplicationContext log
INFORMACIÓN: Manager: restart: Reloading web application '/PhoneBook'
mar 27, 2015 8:11:39 AM org.apache.catalina.core.ApplicationContext log
INFORMACIÓN: Manager: list: Listing contexts for virtual host 'localhost'
mar 27, 2015 8:11:39 AM org.apache.catalina.core.ApplicationContext log
INFORMACIÓN: Manager: restart: Reloading web application '/PhoneBook'
mar 27, 2015 8:16:10 AM org.apache.catalina.core.ApplicationContext log
INFORMACIÓN: Manager: list: Listing contexts for virtual host 'localhost'
mar 27, 2015 8:16:10 AM org.apache.catalina.core.ApplicationContext log
INFORMACIÓN: Manager: restart: Reloading web application '/PhoneBook'
mar 27, 2015 8:18:39 AM org.apache.catalina.core.ApplicationContext log
INFORMACIÓN: Manager: list: Listing contexts for virtual host 'localhost'
mar 27, 2015 8:18:39 AM org.apache.catalina.core.ApplicationContext log
INFORMACIÓN: Manager: restart: Reloading web application '/PhoneBook'
mar 27, 2015 8:18:50 AM org.apache.catalina.core.ApplicationContext log
INFORMACIÓN: Manager: list: Listing contexts for virtual host 'localhost'
mar 27, 2015 8:18:50 AM org.apache.catalina.core.ApplicationContext log
INFORMACIÓN: Manager: list: Listing contexts for virtual host 'localhost'
mar 27, 2015 8:18:50 AM org.apache.catalina.core.ApplicationContext log
INFORMACIÓN: Manager: restart: Reloading web application '/PhoneBook'
mar 27, 2015 8:24:16 AM org.apache.catalina.core.ApplicationContext log
INFORMACIÓN: Manager: list: Listing contexts for virtual host 'localhost'
mar 27, 2015 8:24:27 AM org.apache.catalina.core.ApplicationContext log
INFORMACIÓN: Manager: list: Listing contexts for virtual host 'localhost'
mar 27, 2015 8:24:27 AM org.apache.catalina.core.ApplicationContext log
INFORMACIÓN: Manager: list: Listing contexts for virtual host 'localhost'
mar 27, 2015 8:28:13 AM org.apache.catalina.core.ApplicationContext log
INFORMACIÓN: Manager: list: Listing contexts for virtual host 'localhost'
mar 27, 2015 8:28:13 AM org.apache.catalina.core.ApplicationContext log
INFORMACIÓN: Manager: restart: Reloading web application '/PhoneBook'
mar 27, 2015 8:29:22 AM org.apache.catalina.core.ApplicationContext log
INFORMACIÓN: Manager: list: Listing contexts for virtual host 'localhost'
mar 27, 2015 8:30:54 AM org.apache.catalina.core.ApplicationContext log
INFORMACIÓN: Manager: list: Listing contexts for virtual host 'localhost'
mar 27, 2015 8:31:52 AM org.apache.catalina.core.ApplicationContext log
INFORMACIÓN: Manager: list: Listing contexts for virtual host 'localhost'
mar 27, 2015 8:32:21 AM org.apache.catalina.core.ApplicationContext log
INFORMACIÓN: Manager: list: Listing contexts for virtual host 'localhost'
mar 27, 2015 8:32:21 AM org.apache.catalina.core.ApplicationContext log
INFORMACIÓN: Manager: list: Listing contexts for virtual host 'localhost'
mar 27, 2015 8:32:21 AM org.apache.catalina.core.ApplicationContext log
INFORMACIÓN: Manager: restart: Reloading web application '/PhoneBook'
mar 27, 2015 8:36:26 AM org.apache.catalina.core.ApplicationContext log
INFORMACIÓN: Manager: list: Listing contexts for virtual host 'localhost'
mar 27, 2015 8:36:26 AM org.apache.catalina.core.ApplicationContext log
INFORMACIÓN: Manager: list: Listing contexts for virtual host 'localhost'
mar 27, 2015 10:52:42 AM org.apache.catalina.core.ApplicationContext log
INFORMACIÓN: Manager: init: Associated with Deployer 'Catalina:type=Deployer,host=localhost'
mar 27, 2015 10:52:42 AM org.apache.catalina.core.ApplicationContext log
INFORMACIÓN: Manager: init: Global resources are available
mar 27, 2015 10:52:42 AM org.apache.catalina.core.ApplicationContext log
INFORMACIÓN: Manager: list: Listing contexts for virtual host 'localhost'
mar 27, 2015 10:52:42 AM org.apache.catalina.core.ApplicationContext log
INFORMACIÓN: Manager: list: Listing contexts for virtual host 'localhost'
mar 27, 2015 10:52:42 AM org.apache.catalina.core.ApplicationContext log
INFORMACIÓN: Manager: restart: Reloading web application '/PhoneBook'
mar 27, 2015 10:55:20 AM org.apache.catalina.core.ApplicationContext log
INFORMACIÓN: Manager: list: Listing contexts for virtual host 'localhost'
mar 27, 2015 10:55:20 AM org.apache.catalina.core.ApplicationContext log
INFORMACIÓN: Manager: restart: Reloading web application '/PhoneBook'
mar 27, 2015 10:55:40 AM org.apache.catalina.core.ApplicationContext log
INFORMACIÓN: Manager: list: Listing contexts for virtual host 'localhost'
mar 27, 2015 10:55:40 AM org.apache.catalina.core.ApplicationContext log
INFORMACIÓN: Manager: restart: Reloading web application '/PhoneBook'
mar 27, 2015 10:55:44 AM org.apache.catalina.core.ApplicationContext log
INFORMACIÓN: Manager: list: Listing contexts for virtual host 'localhost'
mar 27, 2015 10:55:44 AM org.apache.catalina.core.ApplicationContext log
INFORMACIÓN: Manager: restart: Reloading web application '/PhoneBook'
mar 27, 2015 10:56:35 AM org.apache.catalina.core.ApplicationContext log
INFORMACIÓN: Manager: list: Listing contexts for virtual host 'localhost'
mar 27, 2015 10:56:35 AM org.apache.catalina.core.ApplicationContext log
INFORMACIÓN: Manager: restart: Reloading web application '/PhoneBook'
mar 27, 2015 10:56:51 AM org.apache.catalina.core.ApplicationContext log
INFORMACIÓN: Manager: list: Listing contexts for virtual host 'localhost'
mar 27, 2015 10:56:51 AM org.apache.catalina.core.ApplicationContext log
INFORMACIÓN: Manager: list: Listing contexts for virtual host 'localhost'
mar 27, 2015 10:56:52 AM org.apache.catalina.core.ApplicationContext log
INFORMACIÓN: Manager: restart: Reloading web application '/PhoneBook'
mar 27, 2015 10:59:10 AM org.apache.catalina.core.ApplicationContext log
INFORMACIÓN: Manager: list: Listing contexts for virtual host 'localhost'
mar 27, 2015 10:59:10 AM org.apache.catalina.core.ApplicationContext log
INFORMACIÓN: Manager: restart: Reloading web application '/PhoneBook'
mar 27, 2015 11:02:22 AM org.apache.catalina.core.ApplicationContext log
INFORMACIÓN: Manager: list: Listing contexts for virtual host 'localhost'
mar 27, 2015 11:02:22 AM org.apache.catalina.core.ApplicationContext log
INFORMACIÓN: Manager: restart: Reloading web application '/PhoneBook'
mar 27, 2015 11:03:39 AM org.apache.catalina.core.ApplicationContext log
INFORMACIÓN: Manager: list: Listing contexts for virtual host 'localhost'
mar 27, 2015 11:04:23 AM org.apache.catalina.core.ApplicationContext log
INFORMACIÓN: Manager: list: Listing contexts for virtual host 'localhost'
mar 27, 2015 11:04:23 AM org.apache.catalina.core.ApplicationContext log
INFORMACIÓN: Manager: list: Listing contexts for virtual host 'localhost'
mar 27, 2015 11:04:24 AM org.apache.catalina.core.ApplicationContext log
INFORMACIÓN: Manager: restart: Reloading web application '/PhoneBook'
mar 27, 2015 11:08:50 AM org.apache.catalina.core.ApplicationContext log
INFORMACIÓN: Manager: list: Listing contexts for virtual host 'localhost'
mar 27, 2015 11:09:48 AM org.apache.catalina.core.ApplicationContext log
INFORMACIÓN: Manager: list: Listing contexts for virtual host 'localhost'
mar 27, 2015 11:09:48 AM org.apache.catalina.core.ApplicationContext log
INFORMACIÓN: Manager: restart: Reloading web application '/PhoneBook'
mar 27, 2015 11:10:44 AM org.apache.catalina.core.ApplicationContext log
INFORMACIÓN: Manager: list: Listing contexts for virtual host 'localhost'
mar 27, 2015 11:54:15 AM org.apache.catalina.core.ApplicationContext log
INFORMACIÓN: Manager: list: Listing contexts for virtual host 'localhost'
mar 27, 2015 11:54:15 AM org.apache.catalina.core.ApplicationContext log
INFORMACIÓN: Manager: restart: Reloading web application '/PhoneBook'
mar 27, 2015 12:01:06 PM org.apache.catalina.core.ApplicationContext log
INFORMACIÓN: Manager: list: Listing contexts for virtual host 'localhost'
mar 27, 2015 12:01:06 PM org.apache.catalina.core.ApplicationContext log
INFORMACIÓN: Manager: restart: Reloading web application '/PhoneBook'
mar 27, 2015 12:01:16 PM org.apache.catalina.core.ApplicationContext log
INFORMACIÓN: Manager: list: Listing contexts for virtual host 'localhost'
mar 27, 2015 12:03:02 PM org.apache.catalina.core.ApplicationContext log
INFORMACIÓN: Manager: list: Listing contexts for virtual host 'localhost'
mar 27, 2015 12:03:02 PM org.apache.catalina.core.ApplicationContext log
INFORMACIÓN: Manager: list: Listing contexts for virtual host 'localhost'
mar 27, 2015 12:03:02 PM org.apache.catalina.core.ApplicationContext log
INFORMACIÓN: Manager: restart: Reloading web application '/PhoneBook'
mar 27, 2015 12:17:33 PM org.apache.catalina.core.ApplicationContext log
INFORMACIÓN: Manager: list: Listing contexts for virtual host 'localhost'
mar 27, 2015 12:17:33 PM org.apache.catalina.core.ApplicationContext log
INFORMACIÓN: Manager: restart: Reloading web application '/PhoneBook'
mar 27, 2015 12:18:39 PM org.apache.catalina.core.ApplicationContext log
INFORMACIÓN: Manager: list: Listing contexts for virtual host 'localhost'
mar 27, 2015 12:19:34 PM org.apache.catalina.core.ApplicationContext log
INFORMACIÓN: Manager: list: Listing contexts for virtual host 'localhost'
mar 27, 2015 12:19:34 PM org.apache.catalina.core.ApplicationContext log
INFORMACIÓN: Manager: restart: Reloading web application '/PhoneBook'
mar 27, 2015 12:20:56 PM org.apache.catalina.core.ApplicationContext log
INFORMACIÓN: Manager: list: Listing contexts for virtual host 'localhost'
mar 27, 2015 12:22:44 PM org.apache.catalina.core.ApplicationContext log
INFORMACIÓN: Manager: list: Listing contexts for virtual host 'localhost'
mar 27, 2015 12:22:59 PM org.apache.catalina.core.ApplicationContext log
INFORMACIÓN: Manager: list: Listing contexts for virtual host 'localhost'
mar 27, 2015 12:22:59 PM org.apache.catalina.core.ApplicationContext log
INFORMACIÓN: Manager: list: Listing contexts for virtual host 'localhost'
mar 27, 2015 12:22:59 PM org.apache.catalina.core.ApplicationContext log
INFORMACIÓN: Manager: restart: Reloading web application '/PhoneBook'
mar 27, 2015 12:41:59 PM org.apache.catalina.core.ApplicationContext log
INFORMACIÓN: Manager: list: Listing contexts for virtual host 'localhost'
mar 27, 2015 12:43:32 PM org.apache.catalina.core.ApplicationContext log
INFORMACIÓN: Manager: list: Listing contexts for virtual host 'localhost'
mar 27, 2015 12:43:32 PM org.apache.catalina.core.ApplicationContext log
INFORMACIÓN: Manager: list: Listing contexts for virtual host 'localhost'
mar 27, 2015 12:43:32 PM org.apache.catalina.core.ApplicationContext log
INFORMACIÓN: Manager: restart: Reloading web application '/PhoneBook'
mar 27, 2015 12:45:52 PM org.apache.catalina.core.ApplicationContext log
INFORMACIÓN: Manager: list: Listing contexts for virtual host 'localhost'
mar 27, 2015 12:45:52 PM org.apache.catalina.core.ApplicationContext log
INFORMACIÓN: Manager: list: Listing contexts for virtual host 'localhost'
mar 27, 2015 12:47:40 PM org.apache.catalina.core.ApplicationContext log
INFORMACIÓN: Manager: list: Listing contexts for virtual host 'localhost'
mar 27, 2015 12:49:58 PM org.apache.catalina.core.ApplicationContext log
INFORMACIÓN: Manager: list: Listing contexts for virtual host 'localhost'
mar 27, 2015 12:49:58 PM org.apache.catalina.core.ApplicationContext log
INFORMACIÓN: Manager: restart: Reloading web application '/PhoneBook'
mar 27, 2015 12:52:34 PM org.apache.catalina.core.ApplicationContext log
INFORMACIÓN: Manager: list: Listing contexts for virtual host 'localhost'
mar 27, 2015 12:52:57 PM org.apache.catalina.core.ApplicationContext log
INFORMACIÓN: Manager: list: Listing contexts for virtual host 'localhost'
mar 27, 2015 12:52:57 PM org.apache.catalina.core.ApplicationContext log
INFORMACIÓN: Manager: list: Listing contexts for virtual host 'localhost'
mar 27, 2015 12:52:57 PM org.apache.catalina.core.ApplicationContext log
INFORMACIÓN: Manager: restart: Reloading web application '/PhoneBook'
mar 27, 2015 12:53:57 PM org.apache.catalina.core.ApplicationContext log
INFORMACIÓN: Manager: list: Listing contexts for virtual host 'localhost'
mar 27, 2015 12:54:16 PM org.apache.catalina.core.ApplicationContext log
INFORMACIÓN: Manager: list: Listing contexts for virtual host 'localhost'
mar 27, 2015 12:54:16 PM org.apache.catalina.core.ApplicationContext log
INFORMACIÓN: Manager: list: Listing contexts for virtual host 'localhost'
mar 27, 2015 1:06:04 PM org.apache.catalina.core.ApplicationContext log
INFORMACIÓN: Manager: list: Listing contexts for virtual host 'localhost'
mar 27, 2015 1:59:26 PM org.apache.catalina.core.ApplicationContext log
INFORMACIÓN: Manager: list: Listing contexts for virtual host 'localhost'
mar 27, 2015 1:59:46 PM org.apache.catalina.core.ApplicationContext log
INFORMACIÓN: Manager: list: Listing contexts for virtual host 'localhost'
mar 27, 2015 1:59:59 PM org.apache.catalina.core.ApplicationContext log
INFORMACIÓN: Manager: list: Listing contexts for virtual host 'localhost'
mar 27, 2015 2:00:12 PM org.apache.catalina.core.ApplicationContext log
INFORMACIÓN: Manager: list: Listing contexts for virtual host 'localhost'
mar 27, 2015 2:09:37 PM org.apache.catalina.core.ApplicationContext log
INFORMACIÓN: Manager: list: Listing contexts for virtual host 'localhost'
mar 27, 2015 2:09:37 PM org.apache.catalina.core.ApplicationContext log
INFORMACIÓN: Manager: list: Listing contexts for virtual host 'localhost'
mar 27, 2015 5:02:27 PM org.apache.catalina.core.ApplicationContext log
INFORMACIÓN: Manager: list: Listing contexts for virtual host 'localhost'
mar 27, 2015 5:02:27 PM org.apache.catalina.core.ApplicationContext log
INFORMACIÓN: Manager: list: Listing contexts for virtual host 'localhost'
mar 27, 2015 5:04:35 PM org.apache.catalina.core.ApplicationContext log
INFORMACIÓN: Manager: list: Listing contexts for virtual host 'localhost'
mar 27, 2015 5:05:01 PM org.apache.catalina.core.ApplicationContext log
INFORMACIÓN: Manager: list: Listing contexts for virtual host 'localhost'
mar 27, 2015 5:05:01 PM org.apache.catalina.core.ApplicationContext log
INFORMACIÓN: Manager: list: Listing contexts for virtual host 'localhost'
mar 27, 2015 5:05:36 PM org.apache.catalina.core.ApplicationContext log
INFORMACIÓN: Manager: list: Listing contexts for virtual host 'localhost'
mar 27, 2015 5:08:35 PM org.apache.catalina.core.ApplicationContext log
INFORMACIÓN: Manager: list: Listing contexts for virtual host 'localhost'
mar 27, 2015 5:08:50 PM org.apache.catalina.core.ApplicationContext log
INFORMACIÓN: Manager: list: Listing contexts for virtual host 'localhost'
mar 27, 2015 5:08:50 PM org.apache.catalina.core.ApplicationContext log
INFORMACIÓN: Manager: list: Listing contexts for virtual host 'localhost'
mar 27, 2015 5:09:50 PM org.apache.catalina.core.ApplicationContext log
INFORMACIÓN: Manager: list: Listing contexts for virtual host 'localhost'
mar 27, 2015 5:09:56 PM org.apache.catalina.core.ApplicationContext log
INFORMACIÓN: Manager: list: Listing contexts for virtual host 'localhost'
mar 27, 2015 5:09:56 PM org.apache.catalina.core.ApplicationContext log
INFORMACIÓN: Manager: list: Listing contexts for virtual host 'localhost'
mar 27, 2015 5:11:58 PM org.apache.catalina.core.ApplicationContext log
INFORMACIÓN: Manager: list: Listing contexts for virtual host 'localhost'
mar 27, 2015 5:11:58 PM org.apache.catalina.core.ApplicationContext log
INFORMACIÓN: Manager: list: Listing contexts for virtual host 'localhost'
mar 27, 2015 5:23:52 PM org.apache.catalina.core.ApplicationContext log
INFORMACIÓN: Manager: list: Listing contexts for virtual host 'localhost'
mar 27, 2015 5:27:00 PM org.apache.catalina.core.ApplicationContext log
INFORMACIÓN: Manager: list: Listing contexts for virtual host 'localhost'
mar 27, 2015 5:27:08 PM org.apache.catalina.core.ApplicationContext log
INFORMACIÓN: Manager: list: Listing contexts for virtual host 'localhost'
mar 27, 2015 5:27:08 PM org.apache.catalina.core.ApplicationContext log
INFORMACIÓN: Manager: list: Listing contexts for virtual host 'localhost'
mar 27, 2015 5:30:07 PM org.apache.catalina.core.ApplicationContext log
INFORMACIÓN: Manager: list: Listing contexts for virtual host 'localhost'
mar 27, 2015 5:34:58 PM org.apache.catalina.core.ApplicationContext log
INFORMACIÓN: Manager: list: Listing contexts for virtual host 'localhost'
mar 27, 2015 5:34:58 PM org.apache.catalina.core.ApplicationContext log
INFORMACIÓN: Manager: list: Listing contexts for virtual host 'localhost'
mar 27, 2015 5:34:58 PM org.apache.catalina.core.ApplicationContext log
INFORMACIÓN: Manager: undeploy: Undeploying web application at '/PhoneBook'
mar 27, 2015 5:34:59 PM org.apache.catalina.core.ApplicationContext log
INFORMACIÓN: Manager: install: Installing context configuration at 'file:/C:/Users/AC-MA_~1/AppData/Local/Temp/context4811947887875240680.xml'
mar 27, 2015 5:35:00 PM org.apache.catalina.core.ApplicationContext log
INFORMACIÓN: Manager: start: Starting web application '/PhoneBook'
mar 27, 2015 5:35:20 PM org.apache.catalina.core.ApplicationContext log
INFORMACIÓN: Manager: list: Listing contexts for virtual host 'localhost'
mar 27, 2015 5:35:20 PM org.apache.catalina.core.ApplicationContext log
INFORMACIÓN: Manager: list: Listing contexts for virtual host 'localhost'
