ene 26, 2015 2:33:10 PM org.apache.catalina.core.ApplicationContext log
INFORMACIÓN: Manager: init: Associated with Deployer 'Catalina:type=Deployer,host=localhost'
ene 26, 2015 2:33:10 PM org.apache.catalina.core.ApplicationContext log
INFORMACIÓN: Manager: init: Global resources are available
ene 26, 2015 2:33:10 PM org.apache.catalina.core.ApplicationContext log
INFORMACIÓN: Manager: list: Listing contexts for virtual host 'localhost'
ene 26, 2015 2:33:10 PM org.apache.catalina.core.ApplicationContext log
INFORMACIÓN: Manager: list: Listing contexts for virtual host 'localhost'
ene 26, 2015 2:33:10 PM org.apache.catalina.core.ApplicationContext log
INFORMACIÓN: Manager: install: Installing context configuration at 'file:/C:/Users/AC-MA_~1/AppData/Local/Temp/context3877004989143350443.xml'
ene 26, 2015 2:33:10 PM org.apache.catalina.core.ApplicationContext log
INFORMACIÓN: Manager: start: Starting web application '/Maquetado'
ene 26, 2015 2:34:06 PM org.apache.catalina.core.ApplicationContext log
INFORMACIÓN: Manager: list: Listing contexts for virtual host 'localhost'
ene 26, 2015 2:34:40 PM org.apache.catalina.core.ApplicationContext log
INFORMACIÓN: Manager: list: Listing contexts for virtual host 'localhost'
ene 26, 2015 2:34:40 PM org.apache.catalina.core.ApplicationContext log
INFORMACIÓN: Manager: list: Listing contexts for virtual host 'localhost'
ene 26, 2015 2:42:26 PM org.apache.catalina.core.ApplicationContext log
INFORMACIÓN: Manager: list: Listing contexts for virtual host 'localhost'
ene 26, 2015 2:42:31 PM org.apache.catalina.core.ApplicationContext log
INFORMACIÓN: Manager: list: Listing contexts for virtual host 'localhost'
ene 26, 2015 2:42:31 PM org.apache.catalina.core.ApplicationContext log
INFORMACIÓN: Manager: list: Listing contexts for virtual host 'localhost'
ene 26, 2015 2:46:35 PM org.apache.catalina.core.ApplicationContext log
INFORMACIÓN: Manager: list: Listing contexts for virtual host 'localhost'
ene 26, 2015 2:46:44 PM org.apache.catalina.core.ApplicationContext log
INFORMACIÓN: Manager: list: Listing contexts for virtual host 'localhost'
ene 26, 2015 2:46:44 PM org.apache.catalina.core.ApplicationContext log
INFORMACIÓN: Manager: list: Listing contexts for virtual host 'localhost'
ene 26, 2015 2:47:33 PM org.apache.catalina.core.ApplicationContext log
INFORMACIÓN: Manager: list: Listing contexts for virtual host 'localhost'
ene 26, 2015 2:47:33 PM org.apache.catalina.core.ApplicationContext log
INFORMACIÓN: Manager: list: Listing contexts for virtual host 'localhost'
ene 26, 2015 2:48:19 PM org.apache.catalina.core.ApplicationContext log
INFORMACIÓN: Manager: list: Listing contexts for virtual host 'localhost'
ene 26, 2015 2:48:23 PM org.apache.catalina.core.ApplicationContext log
INFORMACIÓN: Manager: list: Listing contexts for virtual host 'localhost'
ene 26, 2015 2:48:23 PM org.apache.catalina.core.ApplicationContext log
INFORMACIÓN: Manager: list: Listing contexts for virtual host 'localhost'
ene 26, 2015 3:04:38 PM org.apache.catalina.core.ApplicationContext log
INFORMACIÓN: Manager: list: Listing contexts for virtual host 'localhost'
ene 26, 2015 3:04:38 PM org.apache.catalina.core.ApplicationContext log
INFORMACIÓN: Manager: list: Listing contexts for virtual host 'localhost'
ene 26, 2015 3:06:53 PM org.apache.catalina.core.ApplicationContext log
INFORMACIÓN: Manager: list: Listing contexts for virtual host 'localhost'
ene 26, 2015 3:08:03 PM org.apache.catalina.core.ApplicationContext log
INFORMACIÓN: Manager: list: Listing contexts for virtual host 'localhost'
ene 26, 2015 3:11:15 PM org.apache.catalina.core.ApplicationContext log
INFORMACIÓN: Manager: list: Listing contexts for virtual host 'localhost'
ene 26, 2015 3:11:59 PM org.apache.catalina.core.ApplicationContext log
INFORMACIÓN: Manager: list: Listing contexts for virtual host 'localhost'
ene 26, 2015 3:12:23 PM org.apache.catalina.core.ApplicationContext log
INFORMACIÓN: Manager: list: Listing contexts for virtual host 'localhost'
ene 26, 2015 3:12:53 PM org.apache.catalina.core.ApplicationContext log
INFORMACIÓN: Manager: list: Listing contexts for virtual host 'localhost'
ene 26, 2015 3:13:21 PM org.apache.catalina.core.ApplicationContext log
INFORMACIÓN: Manager: list: Listing contexts for virtual host 'localhost'
ene 26, 2015 3:13:43 PM org.apache.catalina.core.ApplicationContext log
INFORMACIÓN: Manager: list: Listing contexts for virtual host 'localhost'
ene 26, 2015 3:26:49 PM org.apache.catalina.core.ApplicationContext log
INFORMACIÓN: Manager: list: Listing contexts for virtual host 'localhost'
ene 26, 2015 3:27:46 PM org.apache.catalina.core.ApplicationContext log
INFORMACIÓN: Manager: list: Listing contexts for virtual host 'localhost'
ene 26, 2015 3:29:04 PM org.apache.catalina.core.ApplicationContext log
INFORMACIÓN: Manager: list: Listing contexts for virtual host 'localhost'
ene 26, 2015 3:29:34 PM org.apache.catalina.core.ApplicationContext log
INFORMACIÓN: Manager: list: Listing contexts for virtual host 'localhost'
ene 26, 2015 3:30:59 PM org.apache.catalina.core.ApplicationContext log
INFORMACIÓN: Manager: list: Listing contexts for virtual host 'localhost'
ene 26, 2015 3:31:28 PM org.apache.catalina.core.ApplicationContext log
INFORMACIÓN: Manager: list: Listing contexts for virtual host 'localhost'
ene 26, 2015 3:31:36 PM org.apache.catalina.core.ApplicationContext log
INFORMACIÓN: Manager: list: Listing contexts for virtual host 'localhost'
ene 26, 2015 3:32:00 PM org.apache.catalina.core.ApplicationContext log
INFORMACIÓN: Manager: list: Listing contexts for virtual host 'localhost'
ene 26, 2015 3:32:14 PM org.apache.catalina.core.ApplicationContext log
INFORMACIÓN: Manager: list: Listing contexts for virtual host 'localhost'
ene 26, 2015 3:32:39 PM org.apache.catalina.core.ApplicationContext log
INFORMACIÓN: Manager: list: Listing contexts for virtual host 'localhost'
ene 26, 2015 3:32:52 PM org.apache.catalina.core.ApplicationContext log
INFORMACIÓN: Manager: list: Listing contexts for virtual host 'localhost'
ene 26, 2015 3:33:35 PM org.apache.catalina.core.ApplicationContext log
INFORMACIÓN: Manager: list: Listing contexts for virtual host 'localhost'
ene 26, 2015 3:34:42 PM org.apache.catalina.core.ApplicationContext log
INFORMACIÓN: Manager: list: Listing contexts for virtual host 'localhost'
ene 26, 2015 3:35:31 PM org.apache.catalina.core.ApplicationContext log
INFORMACIÓN: Manager: list: Listing contexts for virtual host 'localhost'
ene 26, 2015 3:43:59 PM org.apache.catalina.core.ApplicationContext log
INFORMACIÓN: Manager: list: Listing contexts for virtual host 'localhost'
ene 26, 2015 3:44:34 PM org.apache.catalina.core.ApplicationContext log
INFORMACIÓN: Manager: list: Listing contexts for virtual host 'localhost'
ene 26, 2015 3:44:59 PM org.apache.catalina.core.ApplicationContext log
INFORMACIÓN: Manager: list: Listing contexts for virtual host 'localhost'
ene 26, 2015 3:46:31 PM org.apache.catalina.core.ApplicationContext log
INFORMACIÓN: Manager: list: Listing contexts for virtual host 'localhost'
ene 26, 2015 3:47:43 PM org.apache.catalina.core.ApplicationContext log
INFORMACIÓN: Manager: list: Listing contexts for virtual host 'localhost'
ene 26, 2015 3:50:06 PM org.apache.catalina.core.ApplicationContext log
INFORMACIÓN: Manager: list: Listing contexts for virtual host 'localhost'
ene 26, 2015 3:50:33 PM org.apache.catalina.core.ApplicationContext log
INFORMACIÓN: Manager: list: Listing contexts for virtual host 'localhost'
ene 26, 2015 3:50:56 PM org.apache.catalina.core.ApplicationContext log
INFORMACIÓN: Manager: list: Listing contexts for virtual host 'localhost'
ene 26, 2015 3:51:34 PM org.apache.catalina.core.ApplicationContext log
INFORMACIÓN: Manager: list: Listing contexts for virtual host 'localhost'
ene 26, 2015 3:51:39 PM org.apache.catalina.core.ApplicationContext log
INFORMACIÓN: Manager: list: Listing contexts for virtual host 'localhost'
ene 26, 2015 3:52:52 PM org.apache.catalina.core.ApplicationContext log
INFORMACIÓN: Manager: list: Listing contexts for virtual host 'localhost'
ene 26, 2015 3:53:19 PM org.apache.catalina.core.ApplicationContext log
INFORMACIÓN: Manager: list: Listing contexts for virtual host 'localhost'
ene 26, 2015 3:53:29 PM org.apache.catalina.core.ApplicationContext log
INFORMACIÓN: Manager: list: Listing contexts for virtual host 'localhost'
ene 26, 2015 3:53:47 PM org.apache.catalina.core.ApplicationContext log
INFORMACIÓN: Manager: list: Listing contexts for virtual host 'localhost'
ene 26, 2015 3:54:08 PM org.apache.catalina.core.ApplicationContext log
INFORMACIÓN: Manager: list: Listing contexts for virtual host 'localhost'
ene 26, 2015 3:54:41 PM org.apache.catalina.core.ApplicationContext log
INFORMACIÓN: Manager: list: Listing contexts for virtual host 'localhost'
ene 26, 2015 3:55:36 PM org.apache.catalina.core.ApplicationContext log
INFORMACIÓN: Manager: list: Listing contexts for virtual host 'localhost'
ene 26, 2015 3:55:49 PM org.apache.catalina.core.ApplicationContext log
INFORMACIÓN: Manager: list: Listing contexts for virtual host 'localhost'
ene 26, 2015 3:55:58 PM org.apache.catalina.core.ApplicationContext log
INFORMACIÓN: Manager: list: Listing contexts for virtual host 'localhost'
ene 26, 2015 3:56:07 PM org.apache.catalina.core.ApplicationContext log
INFORMACIÓN: Manager: list: Listing contexts for virtual host 'localhost'
ene 26, 2015 3:56:28 PM org.apache.catalina.core.ApplicationContext log
INFORMACIÓN: Manager: list: Listing contexts for virtual host 'localhost'
ene 26, 2015 3:56:42 PM org.apache.catalina.core.ApplicationContext log
INFORMACIÓN: Manager: list: Listing contexts for virtual host 'localhost'
ene 26, 2015 3:57:31 PM org.apache.catalina.core.ApplicationContext log
INFORMACIÓN: Manager: list: Listing contexts for virtual host 'localhost'
ene 26, 2015 3:57:53 PM org.apache.catalina.core.ApplicationContext log
INFORMACIÓN: Manager: list: Listing contexts for virtual host 'localhost'
ene 26, 2015 4:01:47 PM org.apache.catalina.core.ApplicationContext log
INFORMACIÓN: Manager: list: Listing contexts for virtual host 'localhost'
ene 26, 2015 4:01:51 PM org.apache.catalina.core.ApplicationContext log
INFORMACIÓN: Manager: list: Listing contexts for virtual host 'localhost'
ene 26, 2015 4:02:17 PM org.apache.catalina.core.ApplicationContext log
INFORMACIÓN: Manager: list: Listing contexts for virtual host 'localhost'
ene 26, 2015 4:02:25 PM org.apache.catalina.core.ApplicationContext log
INFORMACIÓN: Manager: list: Listing contexts for virtual host 'localhost'
ene 26, 2015 4:02:30 PM org.apache.catalina.core.ApplicationContext log
INFORMACIÓN: Manager: list: Listing contexts for virtual host 'localhost'
ene 26, 2015 4:07:02 PM org.apache.catalina.core.ApplicationContext log
INFORMACIÓN: Manager: list: Listing contexts for virtual host 'localhost'
ene 26, 2015 4:07:05 PM org.apache.catalina.core.ApplicationContext log
INFORMACIÓN: Manager: list: Listing contexts for virtual host 'localhost'
ene 26, 2015 4:07:17 PM org.apache.catalina.core.ApplicationContext log
INFORMACIÓN: Manager: list: Listing contexts for virtual host 'localhost'
ene 26, 2015 4:07:33 PM org.apache.catalina.core.ApplicationContext log
INFORMACIÓN: Manager: list: Listing contexts for virtual host 'localhost'
ene 26, 2015 4:07:43 PM org.apache.catalina.core.ApplicationContext log
INFORMACIÓN: Manager: list: Listing contexts for virtual host 'localhost'
ene 26, 2015 4:09:19 PM org.apache.catalina.core.ApplicationContext log
INFORMACIÓN: Manager: list: Listing contexts for virtual host 'localhost'
ene 26, 2015 4:09:54 PM org.apache.catalina.core.ApplicationContext log
INFORMACIÓN: Manager: list: Listing contexts for virtual host 'localhost'
ene 26, 2015 4:10:07 PM org.apache.catalina.core.ApplicationContext log
INFORMACIÓN: Manager: list: Listing contexts for virtual host 'localhost'
ene 26, 2015 4:10:49 PM org.apache.catalina.core.ApplicationContext log
INFORMACIÓN: Manager: list: Listing contexts for virtual host 'localhost'
ene 26, 2015 4:11:09 PM org.apache.catalina.core.ApplicationContext log
INFORMACIÓN: Manager: list: Listing contexts for virtual host 'localhost'
ene 26, 2015 4:11:28 PM org.apache.catalina.core.ApplicationContext log
INFORMACIÓN: Manager: list: Listing contexts for virtual host 'localhost'
ene 26, 2015 4:11:59 PM org.apache.catalina.core.ApplicationContext log
INFORMACIÓN: Manager: list: Listing contexts for virtual host 'localhost'
ene 26, 2015 4:15:42 PM org.apache.catalina.core.ApplicationContext log
INFORMACIÓN: Manager: list: Listing contexts for virtual host 'localhost'
ene 26, 2015 4:17:12 PM org.apache.catalina.core.ApplicationContext log
INFORMACIÓN: Manager: list: Listing contexts for virtual host 'localhost'
ene 26, 2015 4:24:44 PM org.apache.catalina.core.ApplicationContext log
INFORMACIÓN: Manager: list: Listing contexts for virtual host 'localhost'
ene 26, 2015 4:24:51 PM org.apache.catalina.core.ApplicationContext log
INFORMACIÓN: Manager: list: Listing contexts for virtual host 'localhost'
ene 26, 2015 4:28:22 PM org.apache.catalina.core.ApplicationContext log
INFORMACIÓN: Manager: list: Listing contexts for virtual host 'localhost'
ene 26, 2015 4:29:01 PM org.apache.catalina.core.ApplicationContext log
INFORMACIÓN: Manager: list: Listing contexts for virtual host 'localhost'
ene 26, 2015 4:29:08 PM org.apache.catalina.core.ApplicationContext log
INFORMACIÓN: Manager: list: Listing contexts for virtual host 'localhost'
ene 26, 2015 4:30:37 PM org.apache.catalina.core.ApplicationContext log
INFORMACIÓN: Manager: list: Listing contexts for virtual host 'localhost'
ene 26, 2015 4:31:02 PM org.apache.catalina.core.ApplicationContext log
INFORMACIÓN: Manager: list: Listing contexts for virtual host 'localhost'
ene 26, 2015 4:31:27 PM org.apache.catalina.core.ApplicationContext log
INFORMACIÓN: Manager: list: Listing contexts for virtual host 'localhost'
ene 26, 2015 4:32:03 PM org.apache.catalina.core.ApplicationContext log
INFORMACIÓN: Manager: list: Listing contexts for virtual host 'localhost'
ene 26, 2015 4:36:43 PM org.apache.catalina.core.ApplicationContext log
INFORMACIÓN: Manager: list: Listing contexts for virtual host 'localhost'
ene 26, 2015 4:37:09 PM org.apache.catalina.core.ApplicationContext log
INFORMACIÓN: Manager: list: Listing contexts for virtual host 'localhost'
ene 26, 2015 4:37:28 PM org.apache.catalina.core.ApplicationContext log
INFORMACIÓN: Manager: list: Listing contexts for virtual host 'localhost'
ene 26, 2015 4:37:54 PM org.apache.catalina.core.ApplicationContext log
INFORMACIÓN: Manager: list: Listing contexts for virtual host 'localhost'
ene 26, 2015 4:38:05 PM org.apache.catalina.core.ApplicationContext log
INFORMACIÓN: Manager: list: Listing contexts for virtual host 'localhost'
ene 26, 2015 4:38:20 PM org.apache.catalina.core.ApplicationContext log
INFORMACIÓN: Manager: list: Listing contexts for virtual host 'localhost'
ene 26, 2015 4:38:33 PM org.apache.catalina.core.ApplicationContext log
INFORMACIÓN: Manager: list: Listing contexts for virtual host 'localhost'
ene 26, 2015 4:40:56 PM org.apache.catalina.core.ApplicationContext log
INFORMACIÓN: Manager: list: Listing contexts for virtual host 'localhost'
ene 26, 2015 4:40:59 PM org.apache.catalina.core.ApplicationContext log
INFORMACIÓN: Manager: list: Listing contexts for virtual host 'localhost'
ene 26, 2015 4:41:33 PM org.apache.catalina.core.ApplicationContext log
INFORMACIÓN: Manager: list: Listing contexts for virtual host 'localhost'
ene 26, 2015 4:41:56 PM org.apache.catalina.core.ApplicationContext log
INFORMACIÓN: Manager: list: Listing contexts for virtual host 'localhost'
ene 26, 2015 4:41:59 PM org.apache.catalina.core.ApplicationContext log
INFORMACIÓN: Manager: list: Listing contexts for virtual host 'localhost'
ene 26, 2015 4:43:12 PM org.apache.catalina.core.ApplicationContext log
INFORMACIÓN: Manager: list: Listing contexts for virtual host 'localhost'
ene 26, 2015 4:45:14 PM org.apache.catalina.core.ApplicationContext log
INFORMACIÓN: Manager: list: Listing contexts for virtual host 'localhost'
ene 26, 2015 4:46:10 PM org.apache.catalina.core.ApplicationContext log
INFORMACIÓN: Manager: list: Listing contexts for virtual host 'localhost'
ene 26, 2015 4:46:17 PM org.apache.catalina.core.ApplicationContext log
INFORMACIÓN: Manager: list: Listing contexts for virtual host 'localhost'
ene 26, 2015 4:46:35 PM org.apache.catalina.core.ApplicationContext log
INFORMACIÓN: Manager: list: Listing contexts for virtual host 'localhost'
ene 26, 2015 4:47:19 PM org.apache.catalina.core.ApplicationContext log
INFORMACIÓN: Manager: list: Listing contexts for virtual host 'localhost'
ene 26, 2015 4:47:24 PM org.apache.catalina.core.ApplicationContext log
INFORMACIÓN: Manager: list: Listing contexts for virtual host 'localhost'
ene 26, 2015 4:47:32 PM org.apache.catalina.core.ApplicationContext log
INFORMACIÓN: Manager: list: Listing contexts for virtual host 'localhost'
ene 26, 2015 4:48:26 PM org.apache.catalina.core.ApplicationContext log
INFORMACIÓN: Manager: list: Listing contexts for virtual host 'localhost'
ene 26, 2015 4:48:48 PM org.apache.catalina.core.ApplicationContext log
INFORMACIÓN: Manager: list: Listing contexts for virtual host 'localhost'
ene 26, 2015 4:49:07 PM org.apache.catalina.core.ApplicationContext log
INFORMACIÓN: Manager: list: Listing contexts for virtual host 'localhost'
ene 26, 2015 4:49:57 PM org.apache.catalina.core.ApplicationContext log
INFORMACIÓN: Manager: list: Listing contexts for virtual host 'localhost'
ene 26, 2015 4:50:09 PM org.apache.catalina.core.ApplicationContext log
INFORMACIÓN: Manager: list: Listing contexts for virtual host 'localhost'
ene 26, 2015 4:50:53 PM org.apache.catalina.core.ApplicationContext log
INFORMACIÓN: Manager: list: Listing contexts for virtual host 'localhost'
ene 26, 2015 4:51:13 PM org.apache.catalina.core.ApplicationContext log
INFORMACIÓN: Manager: list: Listing contexts for virtual host 'localhost'
ene 26, 2015 4:52:24 PM org.apache.catalina.core.ApplicationContext log
INFORMACIÓN: Manager: list: Listing contexts for virtual host 'localhost'
ene 26, 2015 4:52:53 PM org.apache.catalina.core.ApplicationContext log
INFORMACIÓN: Manager: list: Listing contexts for virtual host 'localhost'
ene 26, 2015 4:53:15 PM org.apache.catalina.core.ApplicationContext log
INFORMACIÓN: Manager: list: Listing contexts for virtual host 'localhost'
ene 26, 2015 4:53:47 PM org.apache.catalina.core.ApplicationContext log
INFORMACIÓN: Manager: list: Listing contexts for virtual host 'localhost'
ene 26, 2015 4:54:01 PM org.apache.catalina.core.ApplicationContext log
INFORMACIÓN: Manager: list: Listing contexts for virtual host 'localhost'
ene 26, 2015 4:55:25 PM org.apache.catalina.core.ApplicationContext log
INFORMACIÓN: Manager: list: Listing contexts for virtual host 'localhost'
ene 26, 2015 4:55:50 PM org.apache.catalina.core.ApplicationContext log
INFORMACIÓN: Manager: list: Listing contexts for virtual host 'localhost'
ene 26, 2015 4:57:29 PM org.apache.catalina.core.ApplicationContext log
INFORMACIÓN: Manager: list: Listing contexts for virtual host 'localhost'
ene 26, 2015 4:57:41 PM org.apache.catalina.core.ApplicationContext log
INFORMACIÓN: Manager: list: Listing contexts for virtual host 'localhost'
ene 26, 2015 5:08:25 PM org.apache.catalina.core.ApplicationContext log
INFORMACIÓN: Manager: list: Listing contexts for virtual host 'localhost'
ene 26, 2015 5:08:43 PM org.apache.catalina.core.ApplicationContext log
INFORMACIÓN: Manager: list: Listing contexts for virtual host 'localhost'
ene 26, 2015 5:13:15 PM org.apache.catalina.core.ApplicationContext log
INFORMACIÓN: Manager: list: Listing contexts for virtual host 'localhost'
ene 26, 2015 5:13:28 PM org.apache.catalina.core.ApplicationContext log
INFORMACIÓN: Manager: list: Listing contexts for virtual host 'localhost'
ene 26, 2015 5:13:45 PM org.apache.catalina.core.ApplicationContext log
INFORMACIÓN: Manager: list: Listing contexts for virtual host 'localhost'
ene 26, 2015 5:13:53 PM org.apache.catalina.core.ApplicationContext log
INFORMACIÓN: Manager: list: Listing contexts for virtual host 'localhost'
ene 26, 2015 5:14:22 PM org.apache.catalina.core.ApplicationContext log
INFORMACIÓN: Manager: list: Listing contexts for virtual host 'localhost'
ene 26, 2015 5:15:19 PM org.apache.catalina.core.ApplicationContext log
INFORMACIÓN: Manager: list: Listing contexts for virtual host 'localhost'
ene 26, 2015 5:16:17 PM org.apache.catalina.core.ApplicationContext log
INFORMACIÓN: Manager: list: Listing contexts for virtual host 'localhost'
ene 26, 2015 5:16:33 PM org.apache.catalina.core.ApplicationContext log
INFORMACIÓN: Manager: list: Listing contexts for virtual host 'localhost'
ene 26, 2015 5:17:43 PM org.apache.catalina.core.ApplicationContext log
INFORMACIÓN: Manager: list: Listing contexts for virtual host 'localhost'
ene 26, 2015 5:23:02 PM org.apache.catalina.core.ApplicationContext log
INFORMACIÓN: Manager: list: Listing contexts for virtual host 'localhost'
ene 26, 2015 5:23:32 PM org.apache.catalina.core.ApplicationContext log
INFORMACIÓN: Manager: list: Listing contexts for virtual host 'localhost'
ene 26, 2015 5:23:56 PM org.apache.catalina.core.ApplicationContext log
INFORMACIÓN: Manager: list: Listing contexts for virtual host 'localhost'
ene 26, 2015 5:24:07 PM org.apache.catalina.core.ApplicationContext log
INFORMACIÓN: Manager: list: Listing contexts for virtual host 'localhost'
ene 26, 2015 5:25:12 PM org.apache.catalina.core.ApplicationContext log
INFORMACIÓN: Manager: list: Listing contexts for virtual host 'localhost'
ene 26, 2015 5:26:34 PM org.apache.catalina.core.ApplicationContext log
INFORMACIÓN: Manager: list: Listing contexts for virtual host 'localhost'
ene 26, 2015 5:27:21 PM org.apache.catalina.core.ApplicationContext log
INFORMACIÓN: Manager: list: Listing contexts for virtual host 'localhost'
ene 26, 2015 5:27:48 PM org.apache.catalina.core.ApplicationContext log
INFORMACIÓN: Manager: list: Listing contexts for virtual host 'localhost'
ene 26, 2015 5:28:11 PM org.apache.catalina.core.ApplicationContext log
INFORMACIÓN: Manager: list: Listing contexts for virtual host 'localhost'
ene 26, 2015 5:28:25 PM org.apache.catalina.core.ApplicationContext log
INFORMACIÓN: Manager: list: Listing contexts for virtual host 'localhost'
ene 26, 2015 5:28:34 PM org.apache.catalina.core.ApplicationContext log
INFORMACIÓN: Manager: list: Listing contexts for virtual host 'localhost'
ene 26, 2015 5:28:42 PM org.apache.catalina.core.ApplicationContext log
INFORMACIÓN: Manager: list: Listing contexts for virtual host 'localhost'
ene 26, 2015 5:29:05 PM org.apache.catalina.core.ApplicationContext log
INFORMACIÓN: Manager: list: Listing contexts for virtual host 'localhost'
ene 26, 2015 5:29:07 PM org.apache.catalina.core.ApplicationContext log
INFORMACIÓN: Manager: list: Listing contexts for virtual host 'localhost'
ene 26, 2015 5:29:14 PM org.apache.catalina.core.ApplicationContext log
INFORMACIÓN: Manager: list: Listing contexts for virtual host 'localhost'
ene 26, 2015 5:29:23 PM org.apache.catalina.core.ApplicationContext log
INFORMACIÓN: Manager: list: Listing contexts for virtual host 'localhost'
ene 26, 2015 5:30:25 PM org.apache.catalina.core.ApplicationContext log
INFORMACIÓN: Manager: list: Listing contexts for virtual host 'localhost'
ene 26, 2015 5:30:39 PM org.apache.catalina.core.ApplicationContext log
INFORMACIÓN: Manager: list: Listing contexts for virtual host 'localhost'
ene 26, 2015 5:30:42 PM org.apache.catalina.core.ApplicationContext log
INFORMACIÓN: Manager: list: Listing contexts for virtual host 'localhost'
ene 26, 2015 5:31:08 PM org.apache.catalina.core.ApplicationContext log
INFORMACIÓN: Manager: list: Listing contexts for virtual host 'localhost'
ene 26, 2015 5:31:24 PM org.apache.catalina.core.ApplicationContext log
INFORMACIÓN: Manager: list: Listing contexts for virtual host 'localhost'
ene 26, 2015 5:31:53 PM org.apache.catalina.core.ApplicationContext log
INFORMACIÓN: Manager: list: Listing contexts for virtual host 'localhost'
ene 26, 2015 5:32:01 PM org.apache.catalina.core.ApplicationContext log
INFORMACIÓN: Manager: list: Listing contexts for virtual host 'localhost'
ene 26, 2015 5:32:11 PM org.apache.catalina.core.ApplicationContext log
INFORMACIÓN: Manager: list: Listing contexts for virtual host 'localhost'
ene 26, 2015 5:32:48 PM org.apache.catalina.core.ApplicationContext log
INFORMACIÓN: Manager: list: Listing contexts for virtual host 'localhost'
ene 26, 2015 5:32:55 PM org.apache.catalina.core.ApplicationContext log
INFORMACIÓN: Manager: list: Listing contexts for virtual host 'localhost'
ene 26, 2015 5:33:22 PM org.apache.catalina.core.ApplicationContext log
INFORMACIÓN: Manager: list: Listing contexts for virtual host 'localhost'
ene 26, 2015 5:33:35 PM org.apache.catalina.core.ApplicationContext log
INFORMACIÓN: Manager: list: Listing contexts for virtual host 'localhost'
ene 26, 2015 5:33:46 PM org.apache.catalina.core.ApplicationContext log
INFORMACIÓN: Manager: list: Listing contexts for virtual host 'localhost'
ene 26, 2015 5:36:54 PM org.apache.catalina.core.ApplicationContext log
INFORMACIÓN: Manager: list: Listing contexts for virtual host 'localhost'
ene 26, 2015 5:37:52 PM org.apache.catalina.core.ApplicationContext log
INFORMACIÓN: Manager: list: Listing contexts for virtual host 'localhost'
ene 26, 2015 5:38:05 PM org.apache.catalina.core.ApplicationContext log
INFORMACIÓN: Manager: list: Listing contexts for virtual host 'localhost'
ene 26, 2015 5:38:18 PM org.apache.catalina.core.ApplicationContext log
INFORMACIÓN: Manager: list: Listing contexts for virtual host 'localhost'
ene 26, 2015 5:39:43 PM org.apache.catalina.core.ApplicationContext log
INFORMACIÓN: Manager: list: Listing contexts for virtual host 'localhost'
ene 26, 2015 5:41:05 PM org.apache.catalina.core.ApplicationContext log
INFORMACIÓN: Manager: list: Listing contexts for virtual host 'localhost'
ene 26, 2015 5:41:31 PM org.apache.catalina.core.ApplicationContext log
INFORMACIÓN: Manager: list: Listing contexts for virtual host 'localhost'
ene 26, 2015 5:41:50 PM org.apache.catalina.core.ApplicationContext log
INFORMACIÓN: Manager: list: Listing contexts for virtual host 'localhost'
ene 26, 2015 5:42:22 PM org.apache.catalina.core.ApplicationContext log
INFORMACIÓN: Manager: list: Listing contexts for virtual host 'localhost'
ene 26, 2015 5:42:54 PM org.apache.catalina.core.ApplicationContext log
INFORMACIÓN: Manager: list: Listing contexts for virtual host 'localhost'
ene 26, 2015 5:43:19 PM org.apache.catalina.core.ApplicationContext log
INFORMACIÓN: Manager: list: Listing contexts for virtual host 'localhost'
ene 26, 2015 5:43:20 PM org.apache.catalina.core.ApplicationContext log
INFORMACIÓN: Manager: list: Listing contexts for virtual host 'localhost'
ene 26, 2015 5:43:41 PM org.apache.catalina.core.ApplicationContext log
INFORMACIÓN: Manager: list: Listing contexts for virtual host 'localhost'
ene 26, 2015 5:44:03 PM org.apache.catalina.core.ApplicationContext log
INFORMACIÓN: Manager: list: Listing contexts for virtual host 'localhost'
ene 26, 2015 5:45:02 PM org.apache.catalina.core.ApplicationContext log
INFORMACIÓN: Manager: list: Listing contexts for virtual host 'localhost'
ene 26, 2015 5:46:10 PM org.apache.catalina.core.ApplicationContext log
INFORMACIÓN: Manager: list: Listing contexts for virtual host 'localhost'
ene 26, 2015 5:47:00 PM org.apache.catalina.core.ApplicationContext log
INFORMACIÓN: Manager: list: Listing contexts for virtual host 'localhost'
ene 26, 2015 5:47:26 PM org.apache.catalina.core.ApplicationContext log
INFORMACIÓN: Manager: list: Listing contexts for virtual host 'localhost'
ene 26, 2015 5:48:44 PM org.apache.catalina.core.ApplicationContext log
INFORMACIÓN: Manager: list: Listing contexts for virtual host 'localhost'
ene 26, 2015 5:49:27 PM org.apache.catalina.core.ApplicationContext log
INFORMACIÓN: Manager: list: Listing contexts for virtual host 'localhost'
ene 26, 2015 5:49:54 PM org.apache.catalina.core.ApplicationContext log
INFORMACIÓN: Manager: list: Listing contexts for virtual host 'localhost'
ene 26, 2015 5:50:10 PM org.apache.catalina.core.ApplicationContext log
INFORMACIÓN: Manager: list: Listing contexts for virtual host 'localhost'
ene 26, 2015 5:50:17 PM org.apache.catalina.core.ApplicationContext log
INFORMACIÓN: Manager: list: Listing contexts for virtual host 'localhost'
ene 26, 2015 5:50:24 PM org.apache.catalina.core.ApplicationContext log
INFORMACIÓN: Manager: list: Listing contexts for virtual host 'localhost'
ene 26, 2015 5:50:31 PM org.apache.catalina.core.ApplicationContext log
INFORMACIÓN: Manager: list: Listing contexts for virtual host 'localhost'
ene 26, 2015 5:50:59 PM org.apache.catalina.core.ApplicationContext log
INFORMACIÓN: Manager: list: Listing contexts for virtual host 'localhost'
ene 26, 2015 5:51:24 PM org.apache.catalina.core.ApplicationContext log
INFORMACIÓN: Manager: list: Listing contexts for virtual host 'localhost'
ene 26, 2015 5:51:27 PM org.apache.catalina.core.ApplicationContext log
INFORMACIÓN: Manager: list: Listing contexts for virtual host 'localhost'
ene 26, 2015 5:51:27 PM org.apache.catalina.core.ApplicationContext log
INFORMACIÓN: Manager: list: Listing contexts for virtual host 'localhost'
ene 26, 2015 5:51:52 PM org.apache.catalina.core.ApplicationContext log
INFORMACIÓN: Manager: list: Listing contexts for virtual host 'localhost'
ene 26, 2015 5:52:05 PM org.apache.catalina.core.ApplicationContext log
INFORMACIÓN: Manager: list: Listing contexts for virtual host 'localhost'
ene 26, 2015 5:52:22 PM org.apache.catalina.core.ApplicationContext log
INFORMACIÓN: Manager: list: Listing contexts for virtual host 'localhost'
ene 26, 2015 5:52:48 PM org.apache.catalina.core.ApplicationContext log
INFORMACIÓN: Manager: list: Listing contexts for virtual host 'localhost'
ene 26, 2015 5:52:58 PM org.apache.catalina.core.ApplicationContext log
INFORMACIÓN: Manager: list: Listing contexts for virtual host 'localhost'
ene 26, 2015 5:53:14 PM org.apache.catalina.core.ApplicationContext log
INFORMACIÓN: Manager: list: Listing contexts for virtual host 'localhost'
ene 26, 2015 5:53:37 PM org.apache.catalina.core.ApplicationContext log
INFORMACIÓN: Manager: list: Listing contexts for virtual host 'localhost'
ene 26, 2015 5:53:37 PM org.apache.catalina.core.ApplicationContext log
INFORMACIÓN: Manager: list: Listing contexts for virtual host 'localhost'
ene 26, 2015 5:53:54 PM org.apache.catalina.core.ApplicationContext log
INFORMACIÓN: Manager: list: Listing contexts for virtual host 'localhost'
ene 26, 2015 5:54:20 PM org.apache.catalina.core.ApplicationContext log
INFORMACIÓN: Manager: list: Listing contexts for virtual host 'localhost'
ene 26, 2015 5:54:32 PM org.apache.catalina.core.ApplicationContext log
INFORMACIÓN: Manager: list: Listing contexts for virtual host 'localhost'
ene 26, 2015 5:55:22 PM org.apache.catalina.core.ApplicationContext log
INFORMACIÓN: Manager: list: Listing contexts for virtual host 'localhost'
ene 26, 2015 5:56:12 PM org.apache.catalina.core.ApplicationContext log
INFORMACIÓN: Manager: list: Listing contexts for virtual host 'localhost'
ene 26, 2015 5:58:05 PM org.apache.catalina.core.ApplicationContext log
INFORMACIÓN: Manager: list: Listing contexts for virtual host 'localhost'
ene 26, 2015 5:58:16 PM org.apache.catalina.core.ApplicationContext log
INFORMACIÓN: Manager: list: Listing contexts for virtual host 'localhost'
ene 26, 2015 5:58:32 PM org.apache.catalina.core.ApplicationContext log
INFORMACIÓN: Manager: list: Listing contexts for virtual host 'localhost'
ene 26, 2015 5:58:54 PM org.apache.catalina.core.ApplicationContext log
INFORMACIÓN: Manager: list: Listing contexts for virtual host 'localhost'
ene 26, 2015 5:59:02 PM org.apache.catalina.core.ApplicationContext log
INFORMACIÓN: Manager: list: Listing contexts for virtual host 'localhost'
ene 26, 2015 5:59:13 PM org.apache.catalina.core.ApplicationContext log
INFORMACIÓN: Manager: list: Listing contexts for virtual host 'localhost'
ene 26, 2015 6:01:42 PM org.apache.catalina.core.ApplicationContext log
INFORMACIÓN: Manager: list: Listing contexts for virtual host 'localhost'
ene 26, 2015 6:02:30 PM org.apache.catalina.core.ApplicationContext log
INFORMACIÓN: Manager: list: Listing contexts for virtual host 'localhost'
ene 26, 2015 6:02:54 PM org.apache.catalina.core.ApplicationContext log
INFORMACIÓN: Manager: list: Listing contexts for virtual host 'localhost'
ene 26, 2015 6:03:26 PM org.apache.catalina.core.ApplicationContext log
INFORMACIÓN: Manager: list: Listing contexts for virtual host 'localhost'
ene 26, 2015 6:03:41 PM org.apache.catalina.core.ApplicationContext log
INFORMACIÓN: Manager: list: Listing contexts for virtual host 'localhost'
ene 26, 2015 6:03:54 PM org.apache.catalina.core.ApplicationContext log
INFORMACIÓN: Manager: list: Listing contexts for virtual host 'localhost'
ene 26, 2015 6:04:02 PM org.apache.catalina.core.ApplicationContext log
INFORMACIÓN: Manager: list: Listing contexts for virtual host 'localhost'
ene 26, 2015 6:05:20 PM org.apache.catalina.core.ApplicationContext log
INFORMACIÓN: Manager: list: Listing contexts for virtual host 'localhost'
ene 26, 2015 6:05:38 PM org.apache.catalina.core.ApplicationContext log
INFORMACIÓN: Manager: list: Listing contexts for virtual host 'localhost'
ene 26, 2015 6:05:54 PM org.apache.catalina.core.ApplicationContext log
INFORMACIÓN: Manager: list: Listing contexts for virtual host 'localhost'
ene 26, 2015 6:06:05 PM org.apache.catalina.core.ApplicationContext log
INFORMACIÓN: Manager: list: Listing contexts for virtual host 'localhost'
ene 26, 2015 6:07:02 PM org.apache.catalina.core.ApplicationContext log
INFORMACIÓN: Manager: list: Listing contexts for virtual host 'localhost'
ene 26, 2015 6:07:58 PM org.apache.catalina.core.ApplicationContext log
INFORMACIÓN: Manager: list: Listing contexts for virtual host 'localhost'
ene 26, 2015 6:08:02 PM org.apache.catalina.core.ApplicationContext log
INFORMACIÓN: Manager: list: Listing contexts for virtual host 'localhost'
ene 26, 2015 6:08:49 PM org.apache.catalina.core.ApplicationContext log
INFORMACIÓN: Manager: list: Listing contexts for virtual host 'localhost'
ene 26, 2015 6:14:26 PM org.apache.catalina.core.ApplicationContext log
INFORMACIÓN: Manager: list: Listing contexts for virtual host 'localhost'
ene 26, 2015 6:14:48 PM org.apache.catalina.core.ApplicationContext log
INFORMACIÓN: Manager: list: Listing contexts for virtual host 'localhost'
ene 26, 2015 6:15:36 PM org.apache.catalina.core.ApplicationContext log
INFORMACIÓN: Manager: list: Listing contexts for virtual host 'localhost'
ene 26, 2015 6:15:37 PM org.apache.catalina.core.ApplicationContext log
INFORMACIÓN: Manager: list: Listing contexts for virtual host 'localhost'
ene 26, 2015 6:15:44 PM org.apache.catalina.core.ApplicationContext log
INFORMACIÓN: Manager: list: Listing contexts for virtual host 'localhost'
ene 26, 2015 6:17:35 PM org.apache.catalina.core.ApplicationContext log
INFORMACIÓN: Manager: list: Listing contexts for virtual host 'localhost'
ene 26, 2015 6:18:00 PM org.apache.catalina.core.ApplicationContext log
INFORMACIÓN: Manager: list: Listing contexts for virtual host 'localhost'
ene 26, 2015 6:18:15 PM org.apache.catalina.core.ApplicationContext log
INFORMACIÓN: Manager: list: Listing contexts for virtual host 'localhost'
ene 26, 2015 6:18:34 PM org.apache.catalina.core.ApplicationContext log
INFORMACIÓN: Manager: list: Listing contexts for virtual host 'localhost'
ene 26, 2015 6:18:52 PM org.apache.catalina.core.ApplicationContext log
INFORMACIÓN: Manager: list: Listing contexts for virtual host 'localhost'
ene 26, 2015 6:19:09 PM org.apache.catalina.core.ApplicationContext log
INFORMACIÓN: Manager: list: Listing contexts for virtual host 'localhost'
ene 26, 2015 6:19:20 PM org.apache.catalina.core.ApplicationContext log
INFORMACIÓN: Manager: list: Listing contexts for virtual host 'localhost'
ene 26, 2015 6:21:20 PM org.apache.catalina.core.ApplicationContext log
INFORMACIÓN: Manager: list: Listing contexts for virtual host 'localhost'
ene 26, 2015 6:21:37 PM org.apache.catalina.core.ApplicationContext log
INFORMACIÓN: Manager: list: Listing contexts for virtual host 'localhost'
ene 26, 2015 6:25:54 PM org.apache.catalina.core.ApplicationContext log
INFORMACIÓN: Manager: list: Listing contexts for virtual host 'localhost'
ene 26, 2015 6:26:31 PM org.apache.catalina.core.ApplicationContext log
INFORMACIÓN: Manager: list: Listing contexts for virtual host 'localhost'
ene 26, 2015 6:26:46 PM org.apache.catalina.core.ApplicationContext log
INFORMACIÓN: Manager: list: Listing contexts for virtual host 'localhost'
ene 26, 2015 6:27:16 PM org.apache.catalina.core.ApplicationContext log
INFORMACIÓN: Manager: list: Listing contexts for virtual host 'localhost'
ene 26, 2015 6:28:00 PM org.apache.catalina.core.ApplicationContext log
INFORMACIÓN: Manager: list: Listing contexts for virtual host 'localhost'
ene 26, 2015 6:28:14 PM org.apache.catalina.core.ApplicationContext log
INFORMACIÓN: Manager: list: Listing contexts for virtual host 'localhost'
ene 26, 2015 6:28:54 PM org.apache.catalina.core.ApplicationContext log
INFORMACIÓN: Manager: list: Listing contexts for virtual host 'localhost'
ene 26, 2015 6:29:11 PM org.apache.catalina.core.ApplicationContext log
INFORMACIÓN: Manager: list: Listing contexts for virtual host 'localhost'
ene 26, 2015 6:30:10 PM org.apache.catalina.core.ApplicationContext log
INFORMACIÓN: Manager: list: Listing contexts for virtual host 'localhost'
ene 26, 2015 6:33:56 PM org.apache.catalina.core.ApplicationContext log
INFORMACIÓN: Manager: list: Listing contexts for virtual host 'localhost'
ene 26, 2015 6:34:34 PM org.apache.catalina.core.ApplicationContext log
INFORMACIÓN: Manager: list: Listing contexts for virtual host 'localhost'
ene 26, 2015 6:35:00 PM org.apache.catalina.core.ApplicationContext log
INFORMACIÓN: Manager: list: Listing contexts for virtual host 'localhost'
ene 26, 2015 6:35:26 PM org.apache.catalina.core.ApplicationContext log
INFORMACIÓN: Manager: list: Listing contexts for virtual host 'localhost'
ene 26, 2015 6:35:56 PM org.apache.catalina.core.ApplicationContext log
INFORMACIÓN: Manager: list: Listing contexts for virtual host 'localhost'
ene 26, 2015 6:36:12 PM org.apache.catalina.core.ApplicationContext log
INFORMACIÓN: Manager: list: Listing contexts for virtual host 'localhost'
ene 26, 2015 6:36:30 PM org.apache.catalina.core.ApplicationContext log
INFORMACIÓN: Manager: list: Listing contexts for virtual host 'localhost'
ene 26, 2015 6:36:38 PM org.apache.catalina.core.ApplicationContext log
INFORMACIÓN: Manager: list: Listing contexts for virtual host 'localhost'
ene 26, 2015 6:36:45 PM org.apache.catalina.core.ApplicationContext log
INFORMACIÓN: Manager: list: Listing contexts for virtual host 'localhost'
ene 26, 2015 6:36:52 PM org.apache.catalina.core.ApplicationContext log
INFORMACIÓN: Manager: list: Listing contexts for virtual host 'localhost'
ene 26, 2015 6:37:02 PM org.apache.catalina.core.ApplicationContext log
INFORMACIÓN: Manager: list: Listing contexts for virtual host 'localhost'
ene 26, 2015 6:37:08 PM org.apache.catalina.core.ApplicationContext log
INFORMACIÓN: Manager: list: Listing contexts for virtual host 'localhost'
ene 26, 2015 6:37:16 PM org.apache.catalina.core.ApplicationContext log
INFORMACIÓN: Manager: list: Listing contexts for virtual host 'localhost'
ene 26, 2015 6:44:43 PM org.apache.catalina.core.ApplicationContext log
INFORMACIÓN: Manager: list: Listing contexts for virtual host 'localhost'
ene 26, 2015 6:47:30 PM org.apache.catalina.core.ApplicationContext log
INFORMACIÓN: Manager: list: Listing contexts for virtual host 'localhost'
ene 26, 2015 6:47:40 PM org.apache.catalina.core.ApplicationContext log
INFORMACIÓN: Manager: list: Listing contexts for virtual host 'localhost'
ene 26, 2015 6:48:03 PM org.apache.catalina.core.ApplicationContext log
INFORMACIÓN: Manager: list: Listing contexts for virtual host 'localhost'
ene 26, 2015 6:48:03 PM org.apache.catalina.core.ApplicationContext log
INFORMACIÓN: Manager: list: Listing contexts for virtual host 'localhost'
ene 26, 2015 6:50:36 PM org.apache.catalina.core.ApplicationContext log
INFORMACIÓN: Manager: list: Listing contexts for virtual host 'localhost'
ene 26, 2015 6:50:41 PM org.apache.catalina.core.ApplicationContext log
INFORMACIÓN: Manager: list: Listing contexts for virtual host 'localhost'
ene 26, 2015 6:51:32 PM org.apache.catalina.core.ApplicationContext log
INFORMACIÓN: Manager: list: Listing contexts for virtual host 'localhost'
ene 26, 2015 6:51:45 PM org.apache.catalina.core.ApplicationContext log
INFORMACIÓN: Manager: list: Listing contexts for virtual host 'localhost'
ene 26, 2015 6:51:53 PM org.apache.catalina.core.ApplicationContext log
INFORMACIÓN: Manager: list: Listing contexts for virtual host 'localhost'
ene 26, 2015 6:52:01 PM org.apache.catalina.core.ApplicationContext log
INFORMACIÓN: Manager: list: Listing contexts for virtual host 'localhost'
ene 26, 2015 6:52:06 PM org.apache.catalina.core.ApplicationContext log
INFORMACIÓN: Manager: list: Listing contexts for virtual host 'localhost'
ene 26, 2015 6:52:14 PM org.apache.catalina.core.ApplicationContext log
INFORMACIÓN: Manager: list: Listing contexts for virtual host 'localhost'
ene 26, 2015 6:52:34 PM org.apache.catalina.core.ApplicationContext log
INFORMACIÓN: Manager: list: Listing contexts for virtual host 'localhost'
ene 26, 2015 6:53:09 PM org.apache.catalina.core.ApplicationContext log
INFORMACIÓN: Manager: list: Listing contexts for virtual host 'localhost'
ene 26, 2015 6:53:29 PM org.apache.catalina.core.ApplicationContext log
INFORMACIÓN: Manager: list: Listing contexts for virtual host 'localhost'
ene 26, 2015 6:53:46 PM org.apache.catalina.core.ApplicationContext log
INFORMACIÓN: Manager: list: Listing contexts for virtual host 'localhost'
ene 26, 2015 6:54:09 PM org.apache.catalina.core.ApplicationContext log
INFORMACIÓN: Manager: list: Listing contexts for virtual host 'localhost'
ene 26, 2015 6:54:14 PM org.apache.catalina.core.ApplicationContext log
INFORMACIÓN: Manager: list: Listing contexts for virtual host 'localhost'
ene 26, 2015 6:54:19 PM org.apache.catalina.core.ApplicationContext log
INFORMACIÓN: Manager: list: Listing contexts for virtual host 'localhost'
ene 26, 2015 6:54:34 PM org.apache.catalina.core.ApplicationContext log
INFORMACIÓN: Manager: list: Listing contexts for virtual host 'localhost'
ene 26, 2015 6:55:13 PM org.apache.catalina.core.ApplicationContext log
INFORMACIÓN: Manager: list: Listing contexts for virtual host 'localhost'
ene 26, 2015 6:59:50 PM org.apache.catalina.core.ApplicationContext log
INFORMACIÓN: Manager: list: Listing contexts for virtual host 'localhost'
ene 26, 2015 7:00:10 PM org.apache.catalina.core.ApplicationContext log
INFORMACIÓN: Manager: list: Listing contexts for virtual host 'localhost'
ene 26, 2015 7:00:50 PM org.apache.catalina.core.ApplicationContext log
INFORMACIÓN: Manager: list: Listing contexts for virtual host 'localhost'
ene 26, 2015 7:07:46 PM org.apache.catalina.core.ApplicationContext log
INFORMACIÓN: Manager: list: Listing contexts for virtual host 'localhost'
ene 26, 2015 7:08:05 PM org.apache.catalina.core.ApplicationContext log
INFORMACIÓN: Manager: list: Listing contexts for virtual host 'localhost'
ene 26, 2015 7:08:17 PM org.apache.catalina.core.ApplicationContext log
INFORMACIÓN: Manager: list: Listing contexts for virtual host 'localhost'
ene 26, 2015 7:08:33 PM org.apache.catalina.core.ApplicationContext log
INFORMACIÓN: Manager: list: Listing contexts for virtual host 'localhost'
ene 26, 2015 7:09:04 PM org.apache.catalina.core.ApplicationContext log
INFORMACIÓN: Manager: list: Listing contexts for virtual host 'localhost'
ene 26, 2015 7:09:13 PM org.apache.catalina.core.ApplicationContext log
INFORMACIÓN: Manager: list: Listing contexts for virtual host 'localhost'
ene 26, 2015 7:09:19 PM org.apache.catalina.core.ApplicationContext log
INFORMACIÓN: Manager: list: Listing contexts for virtual host 'localhost'
ene 26, 2015 7:09:26 PM org.apache.catalina.core.ApplicationContext log
INFORMACIÓN: Manager: list: Listing contexts for virtual host 'localhost'
ene 26, 2015 7:10:35 PM org.apache.catalina.core.ApplicationContext log
INFORMACIÓN: Manager: list: Listing contexts for virtual host 'localhost'
ene 26, 2015 7:10:50 PM org.apache.catalina.core.ApplicationContext log
INFORMACIÓN: Manager: list: Listing contexts for virtual host 'localhost'
ene 26, 2015 7:11:06 PM org.apache.catalina.core.ApplicationContext log
INFORMACIÓN: Manager: list: Listing contexts for virtual host 'localhost'
ene 26, 2015 7:11:53 PM org.apache.catalina.core.ApplicationContext log
INFORMACIÓN: Manager: list: Listing contexts for virtual host 'localhost'
ene 26, 2015 7:12:17 PM org.apache.catalina.core.ApplicationContext log
INFORMACIÓN: Manager: list: Listing contexts for virtual host 'localhost'
ene 26, 2015 7:13:20 PM org.apache.catalina.core.ApplicationContext log
INFORMACIÓN: Manager: list: Listing contexts for virtual host 'localhost'
ene 26, 2015 7:14:13 PM org.apache.catalina.core.ApplicationContext log
INFORMACIÓN: Manager: list: Listing contexts for virtual host 'localhost'
ene 26, 2015 7:15:35 PM org.apache.catalina.core.ApplicationContext log
INFORMACIÓN: Manager: list: Listing contexts for virtual host 'localhost'
ene 26, 2015 7:16:59 PM org.apache.catalina.core.ApplicationContext log
INFORMACIÓN: Manager: list: Listing contexts for virtual host 'localhost'
ene 26, 2015 7:18:01 PM org.apache.catalina.core.ApplicationContext log
INFORMACIÓN: Manager: list: Listing contexts for virtual host 'localhost'
ene 26, 2015 7:28:51 PM org.apache.catalina.core.ApplicationContext log
INFORMACIÓN: Manager: list: Listing contexts for virtual host 'localhost'
ene 26, 2015 7:29:26 PM org.apache.catalina.core.ApplicationContext log
INFORMACIÓN: Manager: list: Listing contexts for virtual host 'localhost'
ene 26, 2015 7:30:00 PM org.apache.catalina.core.ApplicationContext log
INFORMACIÓN: Manager: list: Listing contexts for virtual host 'localhost'
ene 26, 2015 7:37:03 PM org.apache.catalina.core.ApplicationContext log
INFORMACIÓN: Manager: list: Listing contexts for virtual host 'localhost'
ene 26, 2015 7:37:03 PM org.apache.catalina.core.ApplicationContext log
INFORMACIÓN: Manager: list: Listing contexts for virtual host 'localhost'
ene 26, 2015 7:37:38 PM org.apache.catalina.core.ApplicationContext log
INFORMACIÓN: Manager: list: Listing contexts for virtual host 'localhost'
ene 26, 2015 7:37:38 PM org.apache.catalina.core.ApplicationContext log
INFORMACIÓN: Manager: list: Listing contexts for virtual host 'localhost'
ene 26, 2015 9:01:43 PM org.apache.catalina.core.ApplicationContext log
INFORMACIÓN: Manager: list: Listing contexts for virtual host 'localhost'
ene 26, 2015 9:02:11 PM org.apache.catalina.core.ApplicationContext log
INFORMACIÓN: Manager: list: Listing contexts for virtual host 'localhost'
ene 26, 2015 9:03:33 PM org.apache.catalina.core.ApplicationContext log
INFORMACIÓN: Manager: list: Listing contexts for virtual host 'localhost'
ene 26, 2015 9:03:53 PM org.apache.catalina.core.ApplicationContext log
INFORMACIÓN: Manager: list: Listing contexts for virtual host 'localhost'
ene 26, 2015 9:04:17 PM org.apache.catalina.core.ApplicationContext log
INFORMACIÓN: Manager: list: Listing contexts for virtual host 'localhost'
ene 26, 2015 9:04:28 PM org.apache.catalina.core.ApplicationContext log
INFORMACIÓN: Manager: list: Listing contexts for virtual host 'localhost'
ene 26, 2015 9:04:42 PM org.apache.catalina.core.ApplicationContext log
INFORMACIÓN: Manager: list: Listing contexts for virtual host 'localhost'
ene 26, 2015 9:05:27 PM org.apache.catalina.core.ApplicationContext log
INFORMACIÓN: Manager: list: Listing contexts for virtual host 'localhost'
